Log file open, 08/03/17 00:11:43
LogInit:Display: Running engine for game: MegaPlus_G
LogPlatformFile: Not using cached read wrapper
LogInit:Display: RandInit(-2040715440) SRandInit(-2040715440).
LogTaskGraph: Started task graph with 5 named threads and 8 total threads with 1 sets of task threads.
LogStats: Stats thread started at 0.117994
LogInit: Using libcurl 7.47.1
LogInit:  - built for x86_64-pc-win32
LogInit:  - supports SSL with OpenSSL/1.0.2g
LogInit:  - supports HTTP deflate (compression) using libz 1.2.8
LogInit:  - other features:
LogInit:      CURL_VERSION_SSL
LogInit:      CURL_VERSION_LIBZ
LogInit:      CURL_VERSION_IPV6
LogInit:      CURL_VERSION_ASYNCHDNS
LogInit:      CURL_VERSION_LARGEFILE
LogInit:      CURL_VERSION_IDN
LogInit:  CurlRequestOptions (configurable via config and command line):
LogInit:  - bVerifyPeer = false  - Libcurl will NOT verify peer certificate
LogInit:  - bUseHttpProxy = false  - Libcurl will NOT use HTTP proxy
LogInit:  - bDontReuseConnections = false  - Libcurl will reuse connections
LogInit:  - CertBundlePath = nullptr  - Libcurl will use whatever was configured at build time.
LogInit: Build: ++UE4+Release-4.16-CL-3561208
LogInit: Engine Version: 4.16.3-3561208+++UE4+Release-4.16
LogInit: Compatible Engine Version: 4.16.0-3452394+++UE4+Release-4.16
LogInit: Net CL: 3452394
LogDevObjectVersion: Number of dev versions registered: 16
LogDevObjectVersion:   Dev-Blueprints (B0D832E4-1F89-4F0D-ACCF-7EB736FD4AA2): 9
LogDevObjectVersion:   Dev-Build (E1C64328-A22C-4D53-A36C-8E866417BD8C): 0
LogDevObjectVersion:   Dev-Core (375EC13C-06E4-48FB-B500-84F0262A717E): 2
LogDevObjectVersion:   Dev-Editor (E4B068ED-F494-42E9-A231-DA0B2E46BB41): 17
LogDevObjectVersion:   Dev-Framework (CFFC743F-43B0-4480-9391-14DF171D2073): 23
LogDevObjectVersion:   Dev-Mobile (B02B49B5-BB20-44E9-A304-32B752E40360): 0
LogDevObjectVersion:   Dev-Networking (A4E4105C-59A1-49B5-A7C5-40C4547EDFEE): 0
LogDevObjectVersion:   Dev-Online (39C831C9-5AE6-47DC-9A44-9C173E1C8E7C): 0
LogDevObjectVersion:   Dev-Physics (78F01B33-EBEA-4F98-B9B4-84EACCB95AA2): 0
LogDevObjectVersion:   Dev-Platform (6631380F-2D4D-43E0-8009-CF276956A95A): 0
LogDevObjectVersion:   Dev-Rendering (12F88B9F-8875-4AFC-A67C-D90C383ABD29): 15
LogDevObjectVersion:   Dev-Sequencer (7B5AE74C-D270-4C10-A958-57980B212A5A): 4
LogDevObjectVersion:   Dev-VR (D7296918-1DD6-4BDD-9DE2-64A83CC13884): 0
LogDevObjectVersion:   Dev-LoadTimes (C2A15278-BFE7-4AFE-6C17-90FF531DF755): 1
LogDevObjectVersion:   Private-Geometry (6EACA3D4-40EC-4CC1-B786-8BED09428FC5): 1
LogDevObjectVersion:   Dev-AnimPhys (29E575DD-E0A3-4627-9D10-D276232CDCEA): 3
LogInit: Compiled (64-bit): Jul 28 2017 11:49:47
LogInit: Compiled with Visual C++: 19.00.24215.01
LogInit: Build Configuration: Development
LogInit: Branch Name: ++UE4+Release-4.16
LogInit: Command line: 
LogInit: Base directory: C:/Program Files/Epic Games/UE_4.16/Engine/Binaries/Win64/
LogInit: Installed Engine Build: 1
LogInit: Presizing for max 8388607 objects, including 0 objects not considered by GC, pre-allocating 0 bytes for permanent pool.
LogInit: Object subsystem initialized
[2017.08.03-07.11.44:003][  0]LogInit: Selected Device Profile: [Windows]
[2017.08.03-07.11.44:003][  0]LogInit: Applying CVar settings loaded from the selected device profile: [Windows]
[2017.08.03-07.11.44:018][  0]LogInit: Computer: FAKENEWS
[2017.08.03-07.11.44:018][  0]LogInit: User: nixin
[2017.08.03-07.11.44:018][  0]LogInit: CPU Page size=4096, Cores=4
[2017.08.03-07.11.44:018][  0]LogInit: High frequency timer resolution =2.531248 MHz
[2017.08.03-07.11.44:018][  0]LogMemory: Memory total: Physical=15.4GB (16GB approx)
[2017.08.03-07.11.44:018][  0]LogMemory: Platform Memory Stats for Windows
[2017.08.03-07.11.44:018][  0]LogMemory: Process Physical Memory: 272.80 MB used, 272.80 MB peak
[2017.08.03-07.11.44:018][  0]LogMemory: Process Virtual Memory: 260.65 MB used, 260.65 MB peak
[2017.08.03-07.11.44:018][  0]LogMemory: Physical Memory: 5648.28 MB used,  10154.23 MB free, 15802.51 MB total
[2017.08.03-07.11.44:018][  0]LogMemory: Virtual Memory: 638.19 MB used,  10154.23 MB free, 134217728.00 MB total
[2017.08.03-07.11.44:084][  0]LogInit: Using OS detected language (en-US).
[2017.08.03-07.11.44:084][  0]LogInit: Using OS detected locale (en-US).
[2017.08.03-07.11.44:087][  0]LogTextLocalizationManager: No specific localization for 'en-US' exists, so the 'en' localization will be used.
[2017.08.03-07.11.45:155][  0]LogD3D11RHI: D3D11 adapters:
[2017.08.03-07.11.45:183][  0]LogD3D11RHI:    0. 'NVIDIA GeForce GTX 960M               ' (Feature Level 11_0)
[2017.08.03-07.11.45:183][  0]LogD3D11RHI:       4037/0/7901 MB DedicatedVideo/DedicatedSystem/SharedSystem, Outputs:1, VendorId:0x10de
[2017.08.03-07.11.45:191][  0]LogD3D11RHI:    1. 'Intel(R) HD Graphics 530' (Feature Level 11_0)
[2017.08.03-07.11.45:191][  0]LogD3D11RHI:       128/0/7901 MB DedicatedVideo/DedicatedSystem/SharedSystem, Outputs:0, VendorId:0x8086
[2017.08.03-07.11.45:192][  0]LogD3D11RHI:    2. 'Microsoft Basic Render Driver' (Feature Level 11_0)
[2017.08.03-07.11.45:192][  0]LogD3D11RHI:       0/0/7901 MB DedicatedVideo/DedicatedSystem/SharedSystem, Outputs:0, VendorId:0x1414
[2017.08.03-07.11.45:192][  0]LogD3D11RHI: Chosen D3D11 Adapter: 0
[2017.08.03-07.11.45:198][  0]LogD3D11RHI: Creating new Direct3DDevice
[2017.08.03-07.11.45:198][  0]LogD3D11RHI:     GPU DeviceId: 0x139b (for the marketing name, search the web for "GPU Device Id")
[2017.08.03-07.11.45:198][  0]LogWindows: EnumDisplayDevices:
[2017.08.03-07.11.45:198][  0]LogWindows:    0. 'Intel(R) HD Graphics 530' (P:1 D:1)
[2017.08.03-07.11.45:198][  0]LogWindows:    1. 'Intel(R) HD Graphics 530' (P:0 D:0)
[2017.08.03-07.11.45:199][  0]LogWindows:    2. 'Intel(R) HD Graphics 530' (P:0 D:0)
[2017.08.03-07.11.45:199][  0]LogWindows: DebugString: PrimaryIsNotTheChoosenAdapter PrimaryIsNotTheChoosenAdapter PrimaryIsNotTheChoosenAdapter FoundDriverCount:0 
[2017.08.03-07.11.45:199][  0]LogD3D11RHI:     Adapter Name: NVIDIA GeForce GTX 960M               
[2017.08.03-07.11.45:199][  0]LogD3D11RHI:   Driver Version: Unknown (internal:Unknown, unified:Unknown)
[2017.08.03-07.11.45:199][  0]LogD3D11RHI:      Driver Date: Unknown
[2017.08.03-07.11.45:199][  0]LogRHI: Texture pool is 1361 MB (70% of 1945 MB)
[2017.08.03-07.11.45:220][  0]LogD3D11RHI: NvAPI_D3D_GetCurrentSLIState failed: 0xfffffff7
[2017.08.03-07.11.45:220][  0]LogD3D11RHI: Async texture creation enabled
[2017.08.03-07.11.45:233][  0]LogD3D11RHI: GPU Timing Frequency: 1000.000000 (Debug: 2 1)
[2017.08.03-07.11.45:236][  0]LogShaderCompilers: Guid format shader working directory is -20 characters bigger than the processId version (../../../../../../Users/nixin/Documents/Unreal Projects/MegaPlus_G/Intermediate/Shaders/WorkingDirectory/8220/).
[2017.08.03-07.11.45:236][  0]LogShaderCompilers: Cleaned the shader compiler working directory 'C:/Users/nixin/AppData/Local/Temp/UnrealShaderWorkingDir/E962EC06485AF5BDE1A470886632B883/'.
[2017.08.03-07.11.45:236][  0]LogShaderCompilers:Display: Using Local Shader Compiler.
[2017.08.03-07.11.46:414][  0]LogTemp:Display: Loaded TP AllDesktopTargetPlatform
[2017.08.03-07.11.46:466][  0]LogTemp:Display: Loaded TP MacClientTargetPlatform
[2017.08.03-07.11.46:530][  0]LogTemp:Display: Loaded TP MacNoEditorTargetPlatform
[2017.08.03-07.11.46:592][  0]LogTemp:Display: Loaded TP MacServerTargetPlatform
[2017.08.03-07.11.46:658][  0]LogTemp:Display: Loaded TP MacTargetPlatform
[2017.08.03-07.11.46:718][  0]LogTemp:Display: Loaded TP WindowsClientTargetPlatform
[2017.08.03-07.11.46:781][  0]LogTemp:Display: Loaded TP WindowsNoEditorTargetPlatform
[2017.08.03-07.11.46:837][  0]LogTemp:Display: Loaded TP WindowsServerTargetPlatform
[2017.08.03-07.11.46:883][  0]LogTemp:Display: Loaded TP WindowsTargetPlatform
[2017.08.03-07.11.46:941][  0]LogTemp:Display: Loaded TP AndroidTargetPlatform
[2017.08.03-07.11.46:993][  0]LogTemp:Display: Loaded TP Android_ASTCTargetPlatform
[2017.08.03-07.11.47:046][  0]LogTemp:Display: Loaded TP Android_ATCTargetPlatform
[2017.08.03-07.11.47:103][  0]LogTemp:Display: Loaded TP Android_DXTTargetPlatform
[2017.08.03-07.11.47:157][  0]LogTemp:Display: Loaded TP Android_ETC1TargetPlatform
[2017.08.03-07.11.47:215][  0]LogTemp:Display: Loaded TP Android_ETC2TargetPlatform
[2017.08.03-07.11.47:338][  0]LogTemp:Display: Loaded TP Android_MultiTargetPlatform
[2017.08.03-07.11.47:338][  0]LogTemp:Display: Loaded TP Android_PVRTCTargetPlatform
[2017.08.03-07.11.47:386][  0]LogTemp:Display: Loaded TP HTML5TargetPlatform
[2017.08.03-07.11.47:489][  0]LogTemp:Display: Loaded TP IOSTargetPlatform
[2017.08.03-07.11.47:520][  0]LogTemp:Display: Loaded TP TVOSTargetPlatform
[2017.08.03-07.11.47:578][  0]LogTemp:Display: Loaded TP LinuxClientTargetPlatform
[2017.08.03-07.11.47:630][  0]LogTemp:Display: Loaded TP LinuxNoEditorTargetPlatform
[2017.08.03-07.11.47:681][  0]LogTemp:Display: Loaded TP LinuxServerTargetPlatform
[2017.08.03-07.11.47:737][  0]LogTemp:Display: Loaded TP LinuxTargetPlatform
[2017.08.03-07.11.47:737][  0]LogTargetPlatformManager:Display: Building Assets For Windows
[2017.08.03-07.11.48:290][  0]LogDerivedDataCache:Display: Max Cache Size: 512 MB
[2017.08.03-07.11.48:411][  0]LogDerivedDataCache: Loaded boot cache 0.12s 90MB C:/Users/nixin/AppData/Local/UnrealEngine/4.16/DerivedDataCache/Boot.ddc.
[2017.08.03-07.11.48:411][  0]LogDerivedDataCache:Display: Loaded Boot cache: C:/Users/nixin/AppData/Local/UnrealEngine/4.16/DerivedDataCache/Boot.ddc
[2017.08.03-07.11.48:411][  0]LogDerivedDataCache: FDerivedDataBackendGraph:  Pak pak cache file ../../../../../../Users/nixin/Documents/Unreal Projects/MegaPlus_G/DerivedDataCache/DDC.ddp not found, will not use a pak cache.
[2017.08.03-07.11.48:411][  0]LogDerivedDataCache: Unable to find inner node Pak for hierarchical cache Hierarchy.
[2017.08.03-07.11.48:411][  0]LogDerivedDataCache: FDerivedDataBackendGraph:  CompressedPak pak cache file ../../../../../../Users/nixin/Documents/Unreal Projects/MegaPlus_G/DerivedDataCache/Compressed.ddp not found, will not use a pak cache.
[2017.08.03-07.11.48:411][  0]LogDerivedDataCache: Unable to find inner node CompressedPak for hierarchical cache Hierarchy.
[2017.08.03-07.11.48:428][  0]LogDerivedDataCache:Display: Pak cache opened for reading ../../../Engine/DerivedDataCache/Compressed.ddp.
[2017.08.03-07.11.48:445][  0]LogDerivedDataCache: Using Local data cache path C:/Users/nixin/AppData/Local/UnrealEngine/Common/DerivedDataCache: Writable
[2017.08.03-07.11.48:455][  0]LogMaterial: Verifying Global Shaders for PCD3D_SM5
[2017.08.03-07.11.48:456][  0]LogSlate: Using Freetype 2.6.0
[2017.08.03-07.11.48:456][  0]LogSlate: SlateFontCache - WITH_FREETYPE: 1, WITH_HARFBUZZ: 1
[2017.08.03-07.11.48:456][  0]LogSlate: SlateFontCache - WITH_FREETYPE: 1, WITH_HARFBUZZ: 1
[2017.08.03-07.11.48:812][  0]LogInit: Selected Device Profile: [Windows]
[2017.08.03-07.11.48:913][  0]LogContentStreaming: Texture pool size is 0.00 MB
[2017.08.03-07.11.49:096][  0]LogMeshUtilities: Using QuadricMeshReduction for automatic static mesh reduction
[2017.08.03-07.11.49:143][  0]LogSimplygon: Simplygon DLL not present - disabling.
[2017.08.03-07.11.49:203][  0]LogMeshUtilities: Using SimplygonSwarm for distributed automatic mesh merging
[2017.08.03-07.11.49:203][  0]LogMeshUtilities: No automatic skeletal mesh reduction module available
[2017.08.03-07.11.49:203][  0]LogMeshUtilities: No automatic mesh merging module available
[2017.08.03-07.11.49:901][  0]LogNetVersion: MegaPlus_G , NetCL: 3452394, EngineNetVer: 2, GameNetVer: 0 (Checksum: 3538833827)
[2017.08.03-07.11.49:968][  0]LogAssetRegistry: FAssetRegistry took 0.0266 seconds to start up
[2017.08.03-07.11.50:048][  0]LogPackageLocalizationCache: Processed 4 localized package path(s) for 2 prioritized culture(s) in 0.046511 seconds
[2017.08.03-07.11.50:054][  0]LogUObjectArray: 34194 objects as part of root set at end of initial load.
[2017.08.03-07.11.50:054][  0]LogUObjectAllocator: 7260416 out of 0 bytes used by permanent object pool.
[2017.08.03-07.11.50:054][  0]LogUObjectArray: CloseDisregardForGC: 0/0 objects in disregard for GC pool
[2017.08.03-07.11.50:138][  0]LogInit: WinSock: version 1.1 (2.2), MaxSocks=32767, MaxUdp=65467
[2017.08.03-07.11.53:064][  0]LogTcpMessaging: Initializing TcpMessaging bridge
[2017.08.03-07.11.53:108][  0]LogUdpMessaging: Initializing bridge on interface 0.0.0.0:0 to multicast group 230.0.0.1:6666.
[2017.08.03-07.11.53:686][  0]LogMaterial: Uniform references updated for custom material expression Custom.
[2017.08.03-07.11.54:144][  0]SourceControl: Info Source control is disabled
[2017.08.03-07.11.54:145][  0]SourceControl: Info Source control is disabled
[2017.08.03-07.11.54:197][  0]SourceControl: Info Source control is disabled
[2017.08.03-07.11.54:252][  0]SourceControl: Info Source control is disabled
[2017.08.03-07.11.55:033][  0]LogAndroidPermission: UAndroidPermissionCallbackProxy::GetInstance
[2017.08.03-07.11.55:680][  0]LogEngine: Initializing Engine...
[2017.08.03-07.11.55:681][  0]LogHMD: Failed to initialize OpenVR with code 110
[2017.08.03-07.11.56:015][  0]LogStats: UGameplayTagsManager::ConstructGameplayTagTree: Construct from data asset -  0.000 s
[2017.08.03-07.11.56:015][  0]LogStats: UGameplayTagsManager::ConstructGameplayTagTree: GameplayTagTreeChangedEvent.Broadcast -  0.000 s
[2017.08.03-07.11.56:204][  0]LogAIModule: Creating AISystem for world Untitled
[2017.08.03-07.11.56:214][  0]LogInit: XAudio2 using 'Speakers (Conexant SmartAudio HD)' : 2 channels at 48 kHz using 32 bits per sample (channel mask 0x3)
[2017.08.03-07.11.56:240][  0]LogInit: FAudioDevice initialized.
[2017.08.03-07.11.56:317][  0]LogDerivedDataCache: Saved boot cache 0.08s 90MB C:/Users/nixin/AppData/Local/UnrealEngine/4.16/DerivedDataCache/Boot.ddc.
[2017.08.03-07.11.56:331][  0]LogInit: Texture streaming: Enabled
[2017.08.03-07.11.56:457][  0]LogEngineSessionManager: EngineSessionManager initialized
[2017.08.03-07.11.56:714][  0]LogInit: Transaction tracking system initialized
[2017.08.03-07.11.57:086][  0]BlueprintLog: New page: Editor Load
[2017.08.03-07.11.58:165][  0]LocalizationService: Info Localization service is disabled
[2017.08.03-07.11.58:987][  0]LogConsoleResponse:Display: 
[2017.08.03-07.11.59:182][  0]LogCook:Display: Max memory allowance for cook 16384mb min free memory 0mb
[2017.08.03-07.11.59:182][  0]LogCook:Display: Mobile HDR setting 1
[2017.08.03-07.11.59:477][  0]LogFileCache: Scanning file cache for directory 'C:/Users/nixin/Documents/Unreal Projects/MegaPlus_G/Content/' took 0.02s
[2017.08.03-07.12.00:398][  0]SourceControl: Info Source control is disabled
[2017.08.03-07.12.00:399][  0]Cmd: MAP LOAD FILE="../../../../../../Users/nixin/Documents/Unreal Projects/MegaPlus_G/Content/Levels/level00.umap" TEMPLATE=0 SHOWPROGRESS=1 FEATURELEVEL=3
[2017.08.03-07.12.00:402][  0]LightingResults: New page: Lighting Build
[2017.08.03-07.12.00:446][  0]MapCheck: New page: Map Check
[2017.08.03-07.12.00:446][  0]LightingResults: New page: Lighting Build
[2017.08.03-07.12.01:210][  0]LogAIModule: Creating AISystem for world level00
[2017.08.03-07.12.01:225][  0]LogEditorServer: Finished looking for orphan Actors (0.000 secs)
[2017.08.03-07.12.01:239][  0]Cmd: MAP CHECKDEP NOCLEARLOG
[2017.08.03-07.12.01:296][  0]MapCheck: Info Map check complete: 0 Error(s), 0 Warning(s), took 56.932ms to complete.
[2017.08.03-07.12.01:296][  0]LogFileHelpers: Loading map 'level00' took 0.898
[2017.08.03-07.12.01:502][  0]LogCollectionManager: Loaded 0 collections in 0.002893 seconds
[2017.08.03-07.12.01:588][  0]LogFileCache: Scanning file cache for directory 'C:/Users/nixin/Documents/Unreal Projects/MegaPlus_G/Saved/Collections/' took 0.01s
[2017.08.03-07.12.01:588][  0]LogFileCache: Scanning file cache for directory 'C:/Users/nixin/Documents/Unreal Projects/MegaPlus_G/Content/Developers/nixin/Collections/' took 0.01s
[2017.08.03-07.12.01:588][  0]LogFileCache: Scanning file cache for directory 'C:/Users/nixin/Documents/Unreal Projects/MegaPlus_G/Content/Collections/' took 0.01s
[2017.08.03-07.12.01:588][  0]LogCollectionManager: Rebuilt the GUID cache for 0 collections in 0.000002 seconds
[2017.08.03-07.12.01:598][  0]LogContentBrowser: Native class hierarchy populated in 0.0104 seconds. Added 2329 classes and 491 folders.
[2017.08.03-07.12.01:665][  0]LogContentBrowser: Native class hierarchy updated for 'WidgetCarousel' in 0.0006 seconds. Added 0 classes and 0 folders.
[2017.08.03-07.12.01:990][  0]LogContentBrowser: Native class hierarchy updated for 'AddContentDialog' in 0.0009 seconds. Added 0 classes and 0 folders.
[2017.08.03-07.12.02:045][  0]LogContentBrowser: Native class hierarchy updated for 'SceneOutliner' in 0.0005 seconds. Added 1 classes and 2 folders.
[2017.08.03-07.12.02:154][  0]LogCrashTracker: Crashtracker disabled due to settings.
[2017.08.03-07.12.02:162][  0]LogSlate: Took 0.000237 seconds to synchronously load lazily loaded font '../../../Engine/Content/Slate/Fonts/Roboto-Regular.ttf' (155K)
[2017.08.03-07.12.02:167][  0]LogSlate: Took 0.000307 seconds to synchronously load lazily loaded font '../../../Engine/Content/Slate/Fonts/Roboto-Bold.ttf' (160K)
[2017.08.03-07.12.02:178][  0]LogSlate: Took 0.008380 seconds to synchronously load lazily loaded font '../../../Engine/Content/Editor/Slate/Fonts/FontAwesome.ttf' (139K)
[2017.08.03-07.12.02:261][  0]LogRenderer: Reallocating scene render targets to support 1528x484 NumSamples 1 (Frame:1).
[2017.08.03-07.12.02:423][  0]LogUObjectGlobals:Warning: Failed to find object 'Class None.'
[2017.08.03-07.12.02:497][  0]LogContentBrowser: Native class hierarchy updated for 'HierarchicalLODOutliner' in 0.0006 seconds. Added 1 classes and 2 folders.
[2017.08.03-07.12.02:497][  0]LogLoad: (Engine Initialization) Total time: 20.68 seconds
[2017.08.03-07.12.02:497][  0]LogLoad: (Engine Initialization) Total Blueprint compile time: 0.09 seconds
[2017.08.03-07.12.02:497][  0]LogExternalProfiler: No external profilers were discovered.  External profiling features will not be available.
[2017.08.03-07.12.02:515][  0]LogWindowsTextInputMethodSystem:Display: IME system now deactivated.
[2017.08.03-07.12.02:518][  0]LogOcInput: OculusInput pre-init called
[2017.08.03-07.12.02:518][  0]LogHMD: Starting GearVRController plugin
[2017.08.03-07.12.02:538][  0]LogContentStreaming: Texture pool size now 1000 MB
[2017.08.03-07.12.02:610][  0]LogSlate: Took 0.003742 seconds to synchronously load lazily loaded font '../../../Engine/Content/Slate/Fonts/Roboto-Light.ttf' (159K)
[2017.08.03-07.12.02:626][  1]LogAssetRegistry: Asset discovery search completed in 12.6808 seconds
[2017.08.03-07.12.02:628][  1]LogCollectionManager: Rebuilt the object cache for 0 collections in 0.000000 seconds (found 0 objects)
[2017.08.03-07.12.02:628][  1]LogCollectionManager: Fixed up redirectors for 0 collections in 0.000023 seconds (updated 0 objects)
[2017.08.03-07.12.18:980][552]LogTemp: Repeting last play command: New Editor Window (PIE)
[2017.08.03-07.12.19:069][552]LogPlayLevel: PlayLevel: No blueprints needed recompiling
[2017.08.03-07.12.19:070][552]PIE: New page: PIE session: level00 (Aug 2, 2017, 5:12:19 PM)
[2017.08.03-07.12.19:070][552]LogPlayLevel: Creating play world package: /Game/Levels/UEDPIE_0_level00
[2017.08.03-07.12.19:081][552]LogPlayLevel: PIE: StaticDuplicateObject took: (0.011418s)
[2017.08.03-07.12.19:083][552]LogAIModule: Creating AISystem for world level00
[2017.08.03-07.12.19:083][552]LogPlayLevel: PIE: World Init took: (0.001299s)
[2017.08.03-07.12.19:083][552]LogPlayLevel: PIE: Created PIE world by copying editor world from /Game/Levels/level00.level00 to /Game/Levels/UEDPIE_0_level00.level00 (0.012999s)
[2017.08.03-07.12.19:102][552]LogInit: XAudio2 using 'Speakers (Conexant SmartAudio HD)' : 2 channels at 48 kHz using 32 bits per sample (channel mask 0x3)
[2017.08.03-07.12.19:121][552]LogInit: FAudioDevice initialized.
[2017.08.03-07.12.19:173][552]LogLoad: Game class is 'GameMode00_C'
[2017.08.03-07.12.19:202][552]LogWorld: Bringing World /Game/Levels/UEDPIE_0_level00.level00 up for play (max tick rate 60) at 2017.08.03-00.12.19
[2017.08.03-07.12.19:206][552]LogWorld: Bringing up level for play took: 0.023763
[2017.08.03-07.12.19:278][552]LogContentBrowser: Native class hierarchy updated for 'MovieSceneCapture' in 0.0009 seconds. Added 11 classes and 0 folders.
[2017.08.03-07.12.19:287][552]PIE: Info Play in editor start time for /Game/Levels/UEDPIE_0_level00 1.182
[2017.08.03-07.12.19:326][552]LogRenderer: Reallocating scene render targets to support 1528x756 NumSamples 1 (Frame:1).
[2017.08.03-07.13.46:223][646]LogSlate: Took 0.000122 seconds to synchronously load lazily loaded font '../../../Engine/Content/Slate/Fonts/Roboto-Light.ttf' (159K)
[2017.08.03-07.13.46:738][646]LogContentBrowser: Native class hierarchy updated for 'BlueprintGraph' in 0.0016 seconds. Added 112 classes and 0 folders.
[2017.08.03-07.13.47:407][646]LogSlate: Took 0.000119 seconds to synchronously load lazily loaded font '../../../Engine/Content/Slate/Fonts/Roboto-Regular.ttf' (155K)
[2017.08.03-07.13.47:526][646]LogSlate: Took 0.003584 seconds to synchronously load lazily loaded font '../../../Engine/Content/Editor/Slate/Fonts/Roboto-BoldCondensed.ttf' (158K)
[2017.08.03-07.13.47:834][647]LogSlate: Took 0.003579 seconds to synchronously load lazily loaded font '../../../Engine/Content/Editor/Slate/Fonts/Roboto-Italic.ttf' (157K)
[2017.08.03-07.15.03:783][584]LogRenderer: Reallocating scene render targets to support 1528x800 NumSamples 1 (Frame:1).
[2017.08.03-07.15.18:703][355]LogSlate: Only BGRA pngs, bmps or icos are supported in by External Image Picker
[2017.08.03-07.15.18:753][356]LogTemp: Executing iPhonePackager certificates Engine -bundlename com.YourCompany.MegaPlusG
[2017.08.03-07.15.18:753][356]LogTemp: CWD: C:\Program Files\Epic Games\UE_4.16\Engine\Binaries\DotNET\IOS
[2017.08.03-07.15.18:753][356]LogTemp: Initial Dir: C:\Program Files\Epic Games\UE_4.16
[2017.08.03-07.15.18:753][356]LogTemp: Env CWD: C:\Program Files\Epic Games\UE_4.16\Engine\Binaries\DotNET\IOS
[2017.08.03-07.15.18:768][357]LogTemp: BranchPath = FAKENEWS/C/Program Files/Epic Games/UE_4.16/Engine/Binaries --- GameBranchPath = FAKENEWS/C/Program Files/Epic Games/UE_4.16/Engine/Binaries
[2017.08.03-07.15.18:769][357]LogTemp: IPP ERROR: Could not find provision directory 'C:\Users\nixin\AppData\Local/Apple Computer/MobileDevice/Provisioning Profiles/'.
[2017.08.03-07.18.20:052][ 57]LogSlate: Took 0.000183 seconds to synchronously load lazily loaded font '../../../Engine/Content/Slate/Fonts/Roboto-Light.ttf' (159K)
[2017.08.03-07.18.43:211][267]BlueprintLog: New page: Compile b_protoman
[2017.08.03-07.18.44:375][305]LogTemp: Repeting last play command: New Editor Window (PIE)
[2017.08.03-07.18.44:420][305]LogPlayLevel: PlayLevel: No blueprints needed recompiling
[2017.08.03-07.18.44:421][305]PIE: New page: PIE session: level00 (Aug 2, 2017, 5:18:44 PM)
[2017.08.03-07.18.44:421][305]LogPlayLevel: Creating play world package: /Game/Levels/UEDPIE_0_level00
[2017.08.03-07.18.44:430][305]LogPlayLevel: PIE: StaticDuplicateObject took: (0.009482s)
[2017.08.03-07.18.44:431][305]LogAIModule: Creating AISystem for world level00
[2017.08.03-07.18.44:432][305]LogPlayLevel: PIE: World Init took: (0.001650s)
[2017.08.03-07.18.44:432][305]LogPlayLevel: PIE: Created PIE world by copying editor world from /Game/Levels/level00.level00 to /Game/Levels/UEDPIE_0_level00.level00 (0.011484s)
[2017.08.03-07.18.44:456][305]LogInit: XAudio2 using 'Speakers (Conexant SmartAudio HD)' : 2 channels at 48 kHz using 32 bits per sample (channel mask 0x3)
[2017.08.03-07.18.44:477][305]LogInit: FAudioDevice initialized.
[2017.08.03-07.18.44:540][305]LogLoad: Game class is 'GameMode00_C'
[2017.08.03-07.18.44:546][305]LogWorld: Bringing World /Game/Levels/UEDPIE_0_level00.level00 up for play (max tick rate 60) at 2017.08.03-00.18.44
[2017.08.03-07.18.44:547][305]LogWorld: Bringing up level for play took: 0.004610
[2017.08.03-07.18.44:560][305]PIE: Info Play in editor start time for /Game/Levels/UEDPIE_0_level00 0.455
[2017.08.03-07.19.21:555][216]LogSavePackage: Save=173.81ms
[2017.08.03-07.19.21:555][216]LogSavePackage: Moving '../../../../../../Users/nixin/Documents/Unreal Projects/MegaPlus_G/Saved/b_protomanFFB4E6DD417CA5A27F884196B9DD76B5.tmp' to '../../../../../../Users/nixin/Documents/Unreal Projects/MegaPlus_G/Content/Blueprints/Characters/Protoman/b_protoman.uasset'
[2017.08.03-07.19.21:559][216]LogSavePackage:Display: Finished SavePackage ../../../../../../Users/nixin/Documents/Unreal Projects/MegaPlus_G/Content/Blueprints/Characters/Protoman/b_protoman.uasset
[2017.08.03-07.19.22:619][270]LogTemp: Repeting last play command: New Editor Window (PIE)
[2017.08.03-07.19.22:644][270]BlueprintLog: New page: Pre-Play auto-recompile
[2017.08.03-07.19.22:644][270]LogPlayLevel: [PlayLevel] Compiling b_protoman before play...
[2017.08.03-07.19.22:856][270]LogPlayLevel: PlayLevel: Blueprint regeneration took 212 ms (1 blueprints)
[2017.08.03-07.19.22:857][270]PIE: New page: PIE session: level00 (Aug 2, 2017, 5:19:22 PM)
[2017.08.03-07.19.22:857][270]LogPlayLevel: Creating play world package: /Game/Levels/UEDPIE_0_level00
[2017.08.03-07.19.22:864][270]LogPlayLevel: PIE: StaticDuplicateObject took: (0.007228s)
[2017.08.03-07.19.22:865][270]LogAIModule: Creating AISystem for world level00
[2017.08.03-07.19.22:865][270]LogPlayLevel: PIE: World Init took: (0.001101s)
[2017.08.03-07.19.22:865][270]LogPlayLevel: PIE: Created PIE world by copying editor world from /Game/Levels/level00.level00 to /Game/Levels/UEDPIE_0_level00.level00 (0.008713s)
[2017.08.03-07.19.22:883][270]LogInit: XAudio2 using 'Speakers (Conexant SmartAudio HD)' : 2 channels at 48 kHz using 32 bits per sample (channel mask 0x3)
[2017.08.03-07.19.22:900][270]LogInit: FAudioDevice initialized.
[2017.08.03-07.19.22:955][270]LogLoad: Game class is 'GameMode00_C'
[2017.08.03-07.19.22:960][270]LogWorld: Bringing World /Game/Levels/UEDPIE_0_level00.level00 up for play (max tick rate 60) at 2017.08.03-00.19.22
[2017.08.03-07.19.22:961][270]LogWorld: Bringing up level for play took: 0.004851
[2017.08.03-07.19.22:967][270]PIE: Info Play in editor start time for /Game/Levels/UEDPIE_0_level00 0.862
[2017.08.03-07.20.49:184][843]LogSavePackage: Save=166.20ms
[2017.08.03-07.20.49:184][843]LogSavePackage: Moving '../../../../../../Users/nixin/Documents/Unreal Projects/MegaPlus_G/Saved/b_protomanF50501B2489768933F5D0B86E8F41DF1.tmp' to '../../../../../../Users/nixin/Documents/Unreal Projects/MegaPlus_G/Content/Blueprints/Characters/Protoman/b_protoman.uasset'
[2017.08.03-07.20.49:187][843]LogSavePackage:Display: Finished SavePackage ../../../../../../Users/nixin/Documents/Unreal Projects/MegaPlus_G/Content/Blueprints/Characters/Protoman/b_protoman.uasset
[2017.08.03-07.20.51:315][945]LogTemp: Repeting last play command: New Editor Window (PIE)
[2017.08.03-07.20.51:342][945]BlueprintLog: New page: Pre-Play auto-recompile
[2017.08.03-07.20.51:342][945]LogPlayLevel: [PlayLevel] Compiling b_protoman before play...
[2017.08.03-07.20.51:557][945]LogPlayLevel: PlayLevel: Blueprint regeneration took 215 ms (1 blueprints)
[2017.08.03-07.20.51:558][945]PIE: New page: PIE session: level00 (Aug 2, 2017, 5:20:51 PM)
[2017.08.03-07.20.51:558][945]LogPlayLevel: Creating play world package: /Game/Levels/UEDPIE_0_level00
[2017.08.03-07.20.51:566][945]LogPlayLevel: PIE: StaticDuplicateObject took: (0.008549s)
[2017.08.03-07.20.51:567][945]LogAIModule: Creating AISystem for world level00
[2017.08.03-07.20.51:567][945]LogPlayLevel: PIE: World Init took: (0.001054s)
[2017.08.03-07.20.51:568][945]LogPlayLevel: PIE: Created PIE world by copying editor world from /Game/Levels/level00.level00 to /Game/Levels/UEDPIE_0_level00.level00 (0.009916s)
[2017.08.03-07.20.51:586][945]LogInit: XAudio2 using 'Speakers (Conexant SmartAudio HD)' : 2 channels at 48 kHz using 32 bits per sample (channel mask 0x3)
[2017.08.03-07.20.51:607][945]LogInit: FAudioDevice initialized.
[2017.08.03-07.20.51:658][945]LogLoad: Game class is 'GameMode00_C'
[2017.08.03-07.20.51:672][945]LogWorld: Bringing World /Game/Levels/UEDPIE_0_level00.level00 up for play (max tick rate 60) at 2017.08.03-00.20.51
[2017.08.03-07.20.51:673][945]LogWorld: Bringing up level for play took: 0.012510
[2017.08.03-07.20.51:691][945]PIE: Info Play in editor start time for /Game/Levels/UEDPIE_0_level00 -0.414
[2017.08.03-07.23.20:671][861]BlueprintLog: New page: Compile b_protoman
[2017.08.03-07.23.21:695][891]LogTemp: Repeting last play command: New Editor Window (PIE)
[2017.08.03-07.23.21:720][891]LogPlayLevel: PlayLevel: No blueprints needed recompiling
[2017.08.03-07.23.21:720][891]PIE: New page: PIE session: level00 (Aug 2, 2017, 5:23:21 PM)
[2017.08.03-07.23.21:720][891]LogPlayLevel: Creating play world package: /Game/Levels/UEDPIE_0_level00
[2017.08.03-07.23.21:733][891]LogPlayLevel: PIE: StaticDuplicateObject took: (0.012391s)
[2017.08.03-07.23.21:734][891]LogAIModule: Creating AISystem for world level00
[2017.08.03-07.23.21:734][891]LogPlayLevel: PIE: World Init took: (0.001315s)
[2017.08.03-07.23.21:734][891]LogPlayLevel: PIE: Created PIE world by copying editor world from /Game/Levels/level00.level00 to /Game/Levels/UEDPIE_0_level00.level00 (0.014121s)
[2017.08.03-07.23.21:756][891]LogInit: XAudio2 using 'Speakers (Conexant SmartAudio HD)' : 2 channels at 48 kHz using 32 bits per sample (channel mask 0x3)
[2017.08.03-07.23.21:775][891]LogInit: FAudioDevice initialized.
[2017.08.03-07.23.21:856][891]LogLoad: Game class is 'GameMode00_C'
[2017.08.03-07.23.21:864][891]LogWorld: Bringing World /Game/Levels/UEDPIE_0_level00.level00 up for play (max tick rate 60) at 2017.08.03-00.23.21
[2017.08.03-07.23.21:864][891]LogWorld: Bringing up level for play took: 0.006843
[2017.08.03-07.23.21:877][891]PIE: Info Play in editor start time for /Game/Levels/UEDPIE_0_level00 -0.228
[2017.08.03-07.25.35:213][999]LogFileHelpers: Editor autosave (incl. sublevels) for '/Game/Levels/level00' took 0.021
[2017.08.03-07.25.35:215][999]OBJ SavePackage: Generating thumbnails for [0] asset(s) in package [/Game/Blueprints/Characters/Protoman/b_protoman] ([1] browsable assets)...
[2017.08.03-07.25.35:215][999]OBJ SavePackage: Finished generating thumbnails for package [/Game/Blueprints/Characters/Protoman/b_protoman]
[2017.08.03-07.25.35:384][999]LogSavePackage: Save=158.07ms
[2017.08.03-07.25.35:384][999]LogSavePackage: Moving '../../../../../../Users/nixin/Documents/Unreal Projects/MegaPlus_G/Saved/b_protoman_Auto159D9AF1442DD731FC2CF168CE58D7AB9.tmp' to '../../../../../../Users/nixin/Documents/Unreal Projects/MegaPlus_G/Saved/Autosaves/Game/Blueprints/Characters/Protoman/b_protoman_Auto1.uasset'
[2017.08.03-07.25.35:386][999]LogSavePackage:Display: Finished SavePackage ../../../../../../Users/nixin/Documents/Unreal Projects/MegaPlus_G/Saved/Autosaves/Game/Blueprints/Characters/Protoman/b_protoman_Auto1.uasset
[2017.08.03-07.25.35:386][999]LogFileHelpers: Auto-saving content packages took 0.172
[2017.08.03-07.36.10:922][140]LogSlate: Took 0.004623 seconds to synchronously load lazily loaded font '../../../Engine/Content/Editor/Slate/Fonts/Roboto-BoldCondensedItalic.ttf' (160K)
[2017.08.03-07.36.53:981][519]BlueprintLog: New page: Compile b_protoman
[2017.08.03-07.41.31:364][962]LogEditorViewport: Clicking Background
[2017.08.03-07.41.43:047][644]LogTemp: Repeting last play command: New Editor Window (PIE)
[2017.08.03-07.41.43:071][644]LogPlayLevel: PlayLevel: No blueprints needed recompiling
[2017.08.03-07.41.43:072][644]PIE: New page: PIE session: level00 (Aug 2, 2017, 5:41:43 PM)
[2017.08.03-07.41.43:072][644]LogPlayLevel: Creating play world package: /Game/Levels/UEDPIE_0_level00
[2017.08.03-07.41.43:082][644]LogPlayLevel: PIE: StaticDuplicateObject took: (0.010079s)
[2017.08.03-07.41.43:083][644]LogAIModule: Creating AISystem for world level00
[2017.08.03-07.41.43:083][644]LogPlayLevel: PIE: World Init took: (0.001237s)
[2017.08.03-07.41.43:083][644]LogPlayLevel: PIE: Created PIE world by copying editor world from /Game/Levels/level00.level00 to /Game/Levels/UEDPIE_0_level00.level00 (0.011661s)
[2017.08.03-07.41.43:111][644]LogInit: XAudio2 using 'Speakers (Conexant SmartAudio HD)' : 2 channels at 48 kHz using 32 bits per sample (channel mask 0x3)
[2017.08.03-07.41.43:131][644]LogInit: FAudioDevice initialized.
[2017.08.03-07.41.43:199][644]LogLoad: Game class is 'GameMode00_C'
[2017.08.03-07.41.43:213][644]LogWorld: Bringing World /Game/Levels/UEDPIE_0_level00.level00 up for play (max tick rate 60) at 2017.08.03-00.41.43
[2017.08.03-07.41.43:214][644]LogWorld: Bringing up level for play took: 0.011843
[2017.08.03-07.41.43:224][644]PIE: Info Play in editor start time for /Game/Levels/UEDPIE_0_level00 1.118
[2017.08.03-07.42.46:761][290]LogTemp: Repeting last play command: New Editor Window (PIE)
[2017.08.03-07.42.46:780][290]LogPlayLevel: PlayLevel: No blueprints needed recompiling
[2017.08.03-07.42.46:780][290]PIE: New page: PIE session: level00 (Aug 2, 2017, 5:42:46 PM)
[2017.08.03-07.42.46:780][290]LogPlayLevel: Creating play world package: /Game/Levels/UEDPIE_0_level00
[2017.08.03-07.42.46:794][290]LogPlayLevel: PIE: StaticDuplicateObject took: (0.014231s)
[2017.08.03-07.42.46:798][290]LogAIModule: Creating AISystem for world level00
[2017.08.03-07.42.46:799][290]LogPlayLevel: PIE: World Init took: (0.004085s)
[2017.08.03-07.42.46:799][290]LogPlayLevel: PIE: Created PIE world by copying editor world from /Game/Levels/level00.level00 to /Game/Levels/UEDPIE_0_level00.level00 (0.019204s)
[2017.08.03-07.42.46:828][290]LogInit: XAudio2 using 'Speakers (Conexant SmartAudio HD)' : 2 channels at 48 kHz using 32 bits per sample (channel mask 0x3)
[2017.08.03-07.42.46:850][290]LogInit: FAudioDevice initialized.
[2017.08.03-07.42.46:895][290]LogLoad: Game class is 'GameMode00_C'
[2017.08.03-07.42.46:901][290]LogWorld: Bringing World /Game/Levels/UEDPIE_0_level00.level00 up for play (max tick rate 60) at 2017.08.03-00.42.46
[2017.08.03-07.42.46:902][290]LogWorld: Bringing up level for play took: 0.005399
[2017.08.03-07.42.46:909][290]PIE: Info Play in editor start time for /Game/Levels/UEDPIE_0_level00 0.804
[2017.08.03-07.42.56:405][828]Set new viewmode: Wireframe
[2017.08.03-07.42.59:299][984]LogTemp: Repeting last play command: New Editor Window (PIE)
[2017.08.03-07.42.59:318][984]LogPlayLevel: PlayLevel: No blueprints needed recompiling
[2017.08.03-07.42.59:318][984]PIE: New page: PIE session: level00 (Aug 2, 2017, 5:42:59 PM)
[2017.08.03-07.42.59:318][984]LogPlayLevel: Creating play world package: /Game/Levels/UEDPIE_0_level00
[2017.08.03-07.42.59:327][984]LogPlayLevel: PIE: StaticDuplicateObject took: (0.008947s)
[2017.08.03-07.42.59:328][984]LogAIModule: Creating AISystem for world level00
[2017.08.03-07.42.59:328][984]LogPlayLevel: PIE: World Init took: (0.001239s)
[2017.08.03-07.42.59:329][984]LogPlayLevel: PIE: Created PIE world by copying editor world from /Game/Levels/level00.level00 to /Game/Levels/UEDPIE_0_level00.level00 (0.010516s)
[2017.08.03-07.42.59:350][984]LogInit: XAudio2 using 'Speakers (Conexant SmartAudio HD)' : 2 channels at 48 kHz using 32 bits per sample (channel mask 0x3)
[2017.08.03-07.42.59:370][984]LogInit: FAudioDevice initialized.
[2017.08.03-07.42.59:417][984]LogLoad: Game class is 'GameMode00_C'
[2017.08.03-07.42.59:428][984]LogWorld: Bringing World /Game/Levels/UEDPIE_0_level00.level00 up for play (max tick rate 60) at 2017.08.03-00.42.59
[2017.08.03-07.42.59:428][984]LogWorld: Bringing up level for play took: 0.009977
[2017.08.03-07.42.59:441][984]PIE: Info Play in editor start time for /Game/Levels/UEDPIE_0_level00 -0.665
[2017.08.03-07.43.23:281][318]LogTemp: Repeting last play command: New Editor Window (PIE)
[2017.08.03-07.43.23:301][318]LogPlayLevel: PlayLevel: No blueprints needed recompiling
[2017.08.03-07.43.23:302][318]PIE: New page: PIE session: level00 (Aug 2, 2017, 5:43:23 PM)
[2017.08.03-07.43.23:303][318]LogPlayLevel: Creating play world package: /Game/Levels/UEDPIE_0_level00
[2017.08.03-07.43.23:320][318]LogPlayLevel: PIE: StaticDuplicateObject took: (0.016847s)
[2017.08.03-07.43.23:321][318]LogAIModule: Creating AISystem for world level00
[2017.08.03-07.43.23:323][318]LogPlayLevel: PIE: World Init took: (0.002889s)
[2017.08.03-07.43.23:325][318]LogPlayLevel: PIE: Created PIE world by copying editor world from /Game/Levels/level00.level00 to /Game/Levels/UEDPIE_0_level00.level00 (0.021702s)
[2017.08.03-07.43.23:346][318]LogInit: XAudio2 using 'Speakers (Conexant SmartAudio HD)' : 2 channels at 48 kHz using 32 bits per sample (channel mask 0x3)
[2017.08.03-07.43.23:367][318]LogInit: FAudioDevice initialized.
[2017.08.03-07.43.23:409][318]LogLoad: Game class is 'GameMode00_C'
[2017.08.03-07.43.23:415][318]LogWorld: Bringing World /Game/Levels/UEDPIE_0_level00.level00 up for play (max tick rate 60) at 2017.08.03-00.43.23
[2017.08.03-07.43.23:416][318]LogWorld: Bringing up level for play took: 0.005086
[2017.08.03-07.43.23:426][318]PIE: Info Play in editor start time for /Game/Levels/UEDPIE_0_level00 -0.68
[2017.08.03-07.44.07:045][651]LogSavePackage: Save=163.90ms
[2017.08.03-07.44.07:045][651]LogSavePackage: Moving '../../../../../../Users/nixin/Documents/Unreal Projects/MegaPlus_G/Saved/b_protomanA0B78F5D42E0D5DF5F526497CABA3A6F.tmp' to '../../../../../../Users/nixin/Documents/Unreal Projects/MegaPlus_G/Content/Blueprints/Characters/Protoman/b_protoman.uasset'
[2017.08.03-07.44.07:052][651]LogSavePackage:Display: Finished SavePackage ../../../../../../Users/nixin/Documents/Unreal Projects/MegaPlus_G/Content/Blueprints/Characters/Protoman/b_protoman.uasset
[2017.08.03-07.44.07:404][652]Cmd: QUIT_EDITOR
[2017.08.03-07.44.07:479][652]LogWindowsTextInputMethodSystem:Display: IME system now deactivated.
[2017.08.03-07.44.07:504][652]LogExit: Preparing to exit.
[2017.08.03-07.44.08:248][652]LogDirectoryWatcher: A directory notification for 'C:/Users/nixin/Documents/Unreal Projects/MegaPlus_G/Content/' was aborted.
[2017.08.03-07.44.08:302][652]LogExit: Editor shut down
[2017.08.03-07.44.08:309][652]LogExit: Transaction tracking system shut down
[2017.08.03-07.44.08:443][652]LogObj: Freed 0b from 0 cluster array pools.
[2017.08.03-07.44.08:443][652]LogExit: Object subsystem successfully closed.
[2017.08.03-07.44.08:469][652]LogD3D11RHI: Shutdown
[2017.08.03-07.44.08:469][652]LogD3D11RHI: CleanupD3DDevice
[2017.08.03-07.44.08:574][652]LogD3D11RHI: ~FD3D11DynamicRHI
[2017.08.03-07.44.08:588][652]LogModuleManager: Shutting down and abandoning module ExternalImagePicker (532)
[2017.08.03-07.44.08:588][652]LogModuleManager: Shutting down and abandoning module BlueprintGraph (530)
[2017.08.03-07.44.08:588][652]LogModuleManager: Shutting down and abandoning module BlueprintProfiler (528)
[2017.08.03-07.44.08:588][652]LogModuleManager: Shutting down and abandoning module MovieSceneCapture (526)
[2017.08.03-07.44.08:588][652]LogModuleManager: Shutting down and abandoning module HierarchicalLODOutliner (524)
[2017.08.03-07.44.08:588][652]LogModuleManager: Shutting down and abandoning module CrashTracker (522)
[2017.08.03-07.44.08:588][652]LogModuleManager: Shutting down and abandoning module SceneOutliner (520)
[2017.08.03-07.44.08:588][652]LogModuleManager: Shutting down and abandoning module AddContentDialog (518)
[2017.08.03-07.44.08:588][652]LogDirectoryWatcher: A directory notification for 'C:/Program Files/Epic Games/UE_4.16/FeaturePacks/' was aborted.
[2017.08.03-07.44.08:589][652]LogModuleManager: Shutting down and abandoning module WidgetCarousel (517)
[2017.08.03-07.44.08:589][652]LogModuleManager: Shutting down and abandoning module EditorWidgets (514)
[2017.08.03-07.44.08:589][652]LogModuleManager: Shutting down and abandoning module CollectionManager (512)
[2017.08.03-07.44.08:589][652]LogDirectoryWatcher: A directory notification for 'C:/Users/nixin/Documents/Unreal Projects/MegaPlus_G/Content/Collections/' was aborted.
[2017.08.03-07.44.08:589][652]LogDirectoryWatcher: A directory notification for 'C:/Users/nixin/Documents/Unreal Projects/MegaPlus_G/Content/Developers/nixin/Collections/' was aborted.
[2017.08.03-07.44.08:589][652]LogDirectoryWatcher: A directory notification for 'C:/Users/nixin/Documents/Unreal Projects/MegaPlus_G/Saved/Collections/' was aborted.
[2017.08.03-07.44.08:589][652]LogModuleManager: Shutting down and abandoning module StatsViewer (510)
[2017.08.03-07.44.08:589][652]LogModuleManager: Shutting down and abandoning module FoliageEdit (508)
[2017.08.03-07.44.08:589][652]LogModuleManager: Shutting down and abandoning module LandscapeEditor (506)
[2017.08.03-07.44.08:589][652]LogModuleManager: Shutting down and abandoning module MeshPaintMode (504)
[2017.08.03-07.44.08:589][652]LogModuleManager: Shutting down and abandoning module SceneDepthPickerMode (502)
[2017.08.03-07.44.08:589][652]LogModuleManager: Shutting down and abandoning module ActorPickerMode (500)
[2017.08.03-07.44.08:590][652]LogModuleManager: Shutting down and abandoning module GeometryMode (498)
[2017.08.03-07.44.08:590][652]LogModuleManager: Shutting down and abandoning module TextureAlignMode (496)
[2017.08.03-07.44.08:590][652]LogModuleManager: Shutting down and abandoning module BspMode (494)
[2017.08.03-07.44.08:590][652]LogModuleManager: Shutting down and abandoning module HardwareSurvey (492)
[2017.08.03-07.44.08:590][652]LogModuleManager: Shutting down and abandoning module SequenceRecorderSections (490)
[2017.08.03-07.44.08:590][652]LogModuleManager: Shutting down and abandoning module AutomationWorker (488)
[2017.08.03-07.44.08:590][652]LogModuleManager: Shutting down and abandoning module MatineeToLevelSequence (486)
[2017.08.03-07.44.08:590][652]LogModuleManager: Shutting down and abandoning module LevelSequenceEditor (484)
[2017.08.03-07.44.08:590][652]LogModuleManager: Shutting down and abandoning module PlacementMode (483)
[2017.08.03-07.44.08:590][652]LogModuleManager: Shutting down and abandoning module WmfMediaFactory (480)
[2017.08.03-07.44.08:590][652]LogModuleManager: Shutting down and abandoning module WmfMediaEditor (478)
[2017.08.03-07.44.08:590][652]LogModuleManager: Shutting down and abandoning module AvfMediaFactory (476)
[2017.08.03-07.44.08:590][652]LogModuleManager: Shutting down and abandoning module AvfMediaEditor (474)
[2017.08.03-07.44.08:590][652]LogModuleManager: Shutting down and abandoning module AndroidMediaFactory (472)
[2017.08.03-07.44.08:590][652]LogModuleManager: Shutting down and abandoning module Media (471)
[2017.08.03-07.44.08:590][652]LogModuleManager: Shutting down and abandoning module AndroidMediaEditor (468)
[2017.08.03-07.44.08:590][652]LogModuleManager: Shutting down and abandoning module CharacterAI (466)
[2017.08.03-07.44.08:590][652]LogModuleManager: Shutting down and abandoning module AudioCapture (464)
[2017.08.03-07.44.08:590][652]LogModuleManager: Shutting down and abandoning module SequenceRecorder (463)
[2017.08.03-07.44.08:590][652]LogModuleManager: Shutting down and abandoning module SmartSnapping (460)
[2017.08.03-07.44.08:590][652]LogModuleManager: Shutting down and abandoning module SessionServices (458)
[2017.08.03-07.44.08:590][652]LogModuleManager: Shutting down and abandoning module ViewportSnapping (456)
[2017.08.03-07.44.08:590][652]LogModuleManager: Shutting down and abandoning module ViewportInteraction (454)
[2017.08.03-07.44.08:590][652]LogModuleManager: Shutting down and abandoning module ClothPainter (452)
[2017.08.03-07.44.08:590][652]LogModuleManager: Shutting down and abandoning module LogVisualizer (450)
[2017.08.03-07.44.08:590][652]LogModuleManager: Shutting down and abandoning module IntroTutorials (448)
[2017.08.03-07.44.08:590][652]LogModuleManager: Shutting down and abandoning module GameProjectGeneration (447)
[2017.08.03-07.44.08:590][652]LogModuleManager: Shutting down and abandoning module EditorLiveStreaming (444)
[2017.08.03-07.44.08:590][652]LogModuleManager: Shutting down and abandoning module IOSPlatformEditor (442)
[2017.08.03-07.44.08:590][652]LogModuleManager: Shutting down and abandoning module HTML5PlatformEditor (440)
[2017.08.03-07.44.08:590][652]LogModuleManager: Shutting down and abandoning module AndroidPlatformEditor (438)
[2017.08.03-07.44.08:590][652]LogModuleManager: Shutting down and abandoning module AndroidDeviceDetection (437)
[2017.08.03-07.44.09:293][652]LogModuleManager: Shutting down and abandoning module IOSRuntimeSettings (434)
[2017.08.03-07.44.09:293][652]LogModuleManager: Shutting down and abandoning module AndroidRuntimeSettings (432)
[2017.08.03-07.44.09:293][652]LogModuleManager: Shutting down and abandoning module InputBindingEditor (430)
[2017.08.03-07.44.09:293][652]LogModuleManager: Shutting down and abandoning module MergeActors (428)
[2017.08.03-07.44.09:293][652]LogModuleManager: Shutting down and abandoning module SizeMap (426)
[2017.08.03-07.44.09:293][652]LogModuleManager: Shutting down and abandoning module TreeMap (424)
[2017.08.03-07.44.09:293][652]LogModuleManager: Shutting down and abandoning module ReferenceViewer (422)
[2017.08.03-07.44.09:293][652]LogModuleManager: Shutting down and abandoning module LocalizationDashboard (420)
[2017.08.03-07.44.09:293][652]LogModuleManager: Shutting down and abandoning module LocalizationService (419)
[2017.08.03-07.44.09:293][652]LogModuleManager: Shutting down and abandoning module HardwareTargeting (416)
[2017.08.03-07.44.09:293][652]LogModuleManager: Shutting down and abandoning module DeviceProfileEditor (414)
[2017.08.03-07.44.09:293][652]LogModuleManager: Shutting down and abandoning module UndoHistory (412)
[2017.08.03-07.44.09:293][652]LogModuleManager: Shutting down and abandoning module UserFeedback (410)
[2017.08.03-07.44.09:293][652]LogModuleManager: Shutting down and abandoning module XmlParser (408)
[2017.08.03-07.44.09:293][652]LogModuleManager: Shutting down and abandoning module Blutility (406)
[2017.08.03-07.44.09:293][652]LogModuleManager: Shutting down and abandoning module ProjectSettingsViewer (404)
[2017.08.03-07.44.09:293][652]LogModuleManager: Shutting down and abandoning module ProjectTargetPlatformEditor (403)
[2017.08.03-07.44.09:293][652]LogModuleManager: Shutting down and abandoning module EditorSettingsViewer (400)
[2017.08.03-07.44.09:294][652]LogModuleManager: Shutting down and abandoning module SettingsEditor (398)
[2017.08.03-07.44.09:294][652]LogModuleManager: Shutting down and abandoning module ProjectLauncher (396)
[2017.08.03-07.44.09:294][652]LogModuleManager: Shutting down and abandoning module SessionFrontend (394)
[2017.08.03-07.44.09:294][652]LogModuleManager: Shutting down and abandoning module ProfilerClient (392)
[2017.08.03-07.44.09:294][652]LogModuleManager: Shutting down and abandoning module DeviceManager (390)
[2017.08.03-07.44.09:294][652]LogModuleManager: Shutting down and abandoning module TargetDeviceServices (389)
[2017.08.03-07.44.09:346][652]LogModuleManager: Shutting down and abandoning module AutomationController (386)
[2017.08.03-07.44.09:346][652]LogModuleManager: Shutting down and abandoning module AutomationWindow (384)
[2017.08.03-07.44.09:346][652]LogModuleManager: Shutting down and abandoning module Layers (382)
[2017.08.03-07.44.09:346][652]LogModuleManager: Shutting down and abandoning module ComponentVisualizers (380)
[2017.08.03-07.44.09:346][652]LogModuleManager: Shutting down and abandoning module DetailCustomizations (378)
[2017.08.03-07.44.09:346][652]LogModuleManager: Shutting down and abandoning module PackagesDialog (376)
[2017.08.03-07.44.09:346][652]LogModuleManager: Shutting down and abandoning module Persona (374)
[2017.08.03-07.44.09:346][652]LogModuleManager: Shutting down and abandoning module AdvancedPreviewScene (373)
[2017.08.03-07.44.09:346][652]LogModuleManager: Shutting down and abandoning module AnimGraph (371)
[2017.08.03-07.44.09:346][652]LogModuleManager: Shutting down and abandoning module Kismet (368)
[2017.08.03-07.44.09:354][652]LogModuleManager: Shutting down and abandoning module ClassViewer (366)
[2017.08.03-07.44.09:354][652]LogModuleManager: Shutting down and abandoning module Toolbox (364)
[2017.08.03-07.44.09:354][652]LogModuleManager: Shutting down and abandoning module ModuleUI (362)
[2017.08.03-07.44.09:354][652]LogModuleManager: Shutting down and abandoning module MovieSceneTools (360)
[2017.08.03-07.44.09:354][652]LogModuleManager: Shutting down and abandoning module OutputLog (358)
[2017.08.03-07.44.09:354][652]LogModuleManager: Shutting down and abandoning module GammaUI (356)
[2017.08.03-07.44.09:354][652]LogModuleManager: Shutting down and abandoning module Documentation (354)
[2017.08.03-07.44.09:354][652]LogModuleManager: Shutting down and abandoning module MovieSceneTracks (352)
[2017.08.03-07.44.09:354][652]LogModuleManager: Shutting down and abandoning module MovieScene (350)
[2017.08.03-07.44.09:354][652]LogModuleManager: Shutting down and abandoning module Niagara (348)
[2017.08.03-07.44.09:354][652]LogModuleManager: Shutting down and abandoning module NiagaraEditor (347)
[2017.08.03-07.44.09:354][652]LogModuleManager: Shutting down and abandoning module StreamingPauseRendering (344)
[2017.08.03-07.44.09:354][652]LogModuleManager: Shutting down and abandoning module AnalyticsET (342)
[2017.08.03-07.44.09:354][652]LogModuleManager: Shutting down and abandoning module PortalServices (340)
[2017.08.03-07.44.09:354][652]LogModuleManager: Shutting down and abandoning module PortalRpc (338)
[2017.08.03-07.44.09:354][652]LogModuleManager: Shutting down and abandoning module MessagingRpc (336)
[2017.08.03-07.44.09:354][652]LogModuleManager: Shutting down and abandoning module AIModule (334)
[2017.08.03-07.44.09:354][652]LogModuleManager: Shutting down and abandoning module GameplayDebugger (333)
[2017.08.03-07.44.09:354][652]LogModuleManager: Shutting down and abandoning module AITestSuite (331)
[2017.08.03-07.44.09:354][652]LogModuleManager: Shutting down and abandoning module ProfilerService (328)
[2017.08.03-07.44.09:542][652]LogModuleManager: Shutting down and abandoning module TaskGraph (326)
[2017.08.03-07.44.09:543][652]LogModuleManager: Shutting down and abandoning module SteamVRController (324)
[2017.08.03-07.44.09:543][652]LogModuleManager: Shutting down and abandoning module SteamVR (322)
[2017.08.03-07.44.09:543][652]LogModuleManager: Shutting down and abandoning module ProceduralMeshComponentEditor (320)
[2017.08.03-07.44.09:543][652]LogModuleManager: Shutting down and abandoning module ProceduralMeshComponent (318)
[2017.08.03-07.44.09:543][652]LogModuleManager: Shutting down and abandoning module OculusLibrary (316)
[2017.08.03-07.44.09:543][652]LogModuleManager: Shutting down and abandoning module OculusInput (314)
[2017.08.03-07.44.09:543][652]LogModuleManager: Shutting down and abandoning module MobilePatchingUtils (312)
[2017.08.03-07.44.09:543][652]LogModuleManager: Shutting down and abandoning module CustomMeshComponent (310)
[2017.08.03-07.44.09:543][652]LogModuleManager: Shutting down and abandoning module CableComponent (308)
[2017.08.03-07.44.09:543][652]LogModuleManager: Shutting down and abandoning module ArchVisCharacter (306)
[2017.08.03-07.44.09:543][652]LogModuleManager: Shutting down and abandoning module AndroidPermission (304)
[2017.08.03-07.44.09:543][652]LogModuleManager: Shutting down and abandoning module MediaPlayerEditor (300)
[2017.08.03-07.44.09:543][652]LogModuleManager: Shutting down and abandoning module HTML5Networking (298)
[2017.08.03-07.44.09:543][652]LogModuleManager: Shutting down and abandoning module AlembicImporter (296)
[2017.08.03-07.44.09:543][652]LogModuleManager: Shutting down and abandoning module AlembicLibrary (295)
[2017.08.03-07.44.09:543][652]LogModuleManager: Shutting down and abandoning module GeometryCache (294)
[2017.08.03-07.44.09:543][652]LogModuleManager: Shutting down and abandoning module GeometryCacheEd (293)
[2017.08.03-07.44.09:543][652]LogModuleManager: Shutting down and abandoning module SuperSearchEditor (288)
[2017.08.03-07.44.09:543][652]LogModuleManager: Shutting down and abandoning module SuperSearch (287)
[2017.08.03-07.44.09:543][652]LogModuleManager: Shutting down and abandoning module SpeedTreeImporter (284)
[2017.08.03-07.44.09:543][652]LogModuleManager: Shutting down and abandoning module PluginBrowser (282)
[2017.08.03-07.44.09:543][652]LogModuleManager: Shutting down and abandoning module MobileLauncherProfileWizard (280)
[2017.08.03-07.44.09:543][652]LogModuleManager: Shutting down and abandoning module VisualStudioSourceCodeAccess (278)
[2017.08.03-07.44.09:543][652]LogModuleManager: Shutting down and abandoning module DesktopPlatform (277)
[2017.08.03-07.44.09:543][652]LogModuleManager: Shutting down and abandoning module UObjectPlugin (274)
[2017.08.03-07.44.09:543][652]LogModuleManager: Shutting down and abandoning module SubversionSourceControl (272)
[2017.08.03-07.44.09:543][652]LogModuleManager: Shutting down and abandoning module PerforceSourceControl (270)
[2017.08.03-07.44.09:543][652]LogModuleManager: Shutting down and abandoning module GitSourceControl (268)
[2017.08.03-07.44.09:543][652]LogModuleManager: Shutting down and abandoning module SourceControl (267)
[2017.08.03-07.44.09:543][652]LogModuleManager: Shutting down and abandoning module LightPropagationVolumeEditor (264)
[2017.08.03-07.44.09:543][652]LogModuleManager: Shutting down and abandoning module PaperTiledImporter (262)
[2017.08.03-07.44.09:543][652]LogModuleManager: Shutting down and abandoning module PaperSpriteSheetImporter (260)
[2017.08.03-07.44.09:543][652]LogModuleManager: Shutting down and abandoning module Paper2DEditor (258)
[2017.08.03-07.44.09:543][652]LogModuleManager: Shutting down and abandoning module MeshPaint (257)
[2017.08.03-07.44.09:543][652]LogModuleManager: Shutting down and abandoning module LevelEditor (255)
[2017.08.03-07.44.09:545][652]LogModuleManager: Shutting down and abandoning module PixelInspectorModule (254)
[2017.08.03-07.44.09:545][652]LogModuleManager: Shutting down and abandoning module MainFrame (252)
[2017.08.03-07.44.09:545][652]LogModuleManager: Shutting down and abandoning module HotReload (251)
[2017.08.03-07.44.09:545][652]LogModuleManager: Shutting down and abandoning module PhysXVehiclesEditor (246)
[2017.08.03-07.44.09:545][652]LogModuleManager: Shutting down and abandoning module PhysXVehicles (244)
[2017.08.03-07.44.09:545][652]LogModuleManager: Shutting down and abandoning module LocationServicesBPLibrary (242)
[2017.08.03-07.44.09:545][652]LogModuleManager: Shutting down and abandoning module ImmediatePhysicsEditor (240)
[2017.08.03-07.44.09:545][652]LogModuleManager: Shutting down and abandoning module ImmediatePhysics (238)
[2017.08.03-07.44.09:545][652]LogModuleManager: Shutting down and abandoning module UdpMessaging (236)
[2017.08.03-07.44.09:646][652]LogModuleManager: Shutting down and abandoning module TcpMessaging (234)
[2017.08.03-07.44.09:747][652]LogModuleManager: Shutting down and abandoning module GameplayTagsEditor (232)
[2017.08.03-07.44.09:747][652]LogModuleManager: Shutting down and abandoning module FacialAnimationEditor (230)
[2017.08.03-07.44.09:747][652]LogModuleManager: Shutting down and abandoning module FacialAnimation (228)
[2017.08.03-07.44.09:747][652]LogModuleManager: Shutting down and abandoning module AssetManagerEditor (226)
[2017.08.03-07.44.09:747][652]LogModuleManager: Shutting down and abandoning module GraphEditor (225)
[2017.08.03-07.44.09:747][652]LogModuleManager: Shutting down and abandoning module ContentBrowser (223)
[2017.08.03-07.44.09:749][652]LogModuleManager: Shutting down and abandoning module LightPropagationVolumeRuntime (220)
[2017.08.03-07.44.09:749][652]LogModuleManager: Shutting down and abandoning module Paper2D (218)
[2017.08.03-07.44.09:749][652]LogModuleManager: Shutting down and abandoning module WindowsMoviePlayer (216)
[2017.08.03-07.44.09:749][652]LogModuleManager: Shutting down and abandoning module WmfMedia (214)
[2017.08.03-07.44.09:749][652]LogModuleManager: Shutting down and abandoning module ClothingSystemEditor (212)
[2017.08.03-07.44.09:749][652]LogModuleManager: Shutting down and abandoning module ClothingSystemRuntime (210)
[2017.08.03-07.44.09:749][652]LogModuleManager: Shutting down and abandoning module MediaAssets (208)
[2017.08.03-07.44.09:749][652]LogModuleManager: Shutting down and abandoning module GameLiveStreaming (206)
[2017.08.03-07.44.09:749][652]LogModuleManager: Shutting down and abandoning module VREditor (204)
[2017.08.03-07.44.09:749][652]LogModuleManager: Shutting down and abandoning module StringTableEditor (202)
[2017.08.03-07.44.09:749][652]LogModuleManager: Shutting down and abandoning module GameplayTasksEditor (200)
[2017.08.03-07.44.09:749][652]LogModuleManager: Shutting down and abandoning module BehaviorTreeEditor (198)
[2017.08.03-07.44.09:749][652]LogModuleManager: Shutting down and abandoning module FunctionalTesting (196)
[2017.08.03-07.44.09:749][652]LogModuleManager: Shutting down and abandoning module CollisionAnalyzer (194)
[2017.08.03-07.44.09:749][652]LogModuleManager: Shutting down and abandoning module UMG (192)
[2017.08.03-07.44.09:749][652]LogModuleManager: Shutting down and abandoning module UMGEditor (191)
[2017.08.03-07.44.09:750][652]LogModuleManager: Shutting down and abandoning module Sequencer (190)
[2017.08.03-07.44.09:750][652]LogModuleManager: Shutting down and abandoning module AssetTools (188)
[2017.08.03-07.44.09:750][652]LogModuleManager: Shutting down and abandoning module MessageLog (187)
[2017.08.03-07.44.09:750][652]LogModuleManager: Shutting down and abandoning module WorkspaceMenuStructure (186)
[2017.08.03-07.44.09:750][652]LogModuleManager: Shutting down and abandoning module SlateReflector (180)
[2017.08.03-07.44.09:750][652]LogModuleManager: Shutting down and abandoning module Slate (178)
[2017.08.03-07.44.09:750][652]LogModuleManager: Shutting down and abandoning module EditorStyle (176)
[2017.08.03-07.44.09:753][652]LogModuleManager: Shutting down and abandoning module SourceCodeAccess (174)
[2017.08.03-07.44.09:753][652]LogModuleManager: Shutting down and abandoning module HeadMountedDisplay (172)
[2017.08.03-07.44.09:753][652]LogModuleManager: Shutting down and abandoning module XAudio2 (170)
[2017.08.03-07.44.09:753][652]LogModuleManager: Shutting down and abandoning module Networking (168)
[2017.08.03-07.44.09:753][652]LogModuleManager: Shutting down and abandoning module Core (164)
[2017.08.03-07.44.09:753][652]LogModuleManager: Shutting down and abandoning module AssetRegistry (162)
[2017.08.03-07.44.09:945][652]LogDirectoryWatcher: A directory notification for '../../../Engine/Content/' was aborted.
[2017.08.03-07.44.09:945][652]LogDirectoryWatcher: A directory notification for '../../../../../../Users/nixin/Documents/Unreal Projects/MegaPlus_G/Content/' was aborted.
[2017.08.03-07.44.09:945][652]LogDirectoryWatcher: A directory notification for '../../../Engine/Plugins/2D/Paper2D/Content/' was aborted.
[2017.08.03-07.44.09:945][652]LogDirectoryWatcher: A directory notification for '../../../Engine/Plugins/Runtime/GearVR/Content/' was aborted.
[2017.08.03-07.44.09:948][652]LogModuleManager: Shutting down and abandoning module DirectoryWatcher (161)
[2017.08.03-07.44.09:949][652]LogModuleManager: Shutting down and abandoning module KismetCompiler (158)
[2017.08.03-07.44.09:949][652]LogModuleManager: Shutting down and abandoning module LevelSequence (156)
[2017.08.03-07.44.09:949][652]LogModuleManager: Shutting down and abandoning module PhysXFormats (154)
[2017.08.03-07.44.09:949][652]LogModuleManager: Shutting down and abandoning module MeshUtilities (152)
[2017.08.03-07.44.09:949][652]LogModuleManager: Shutting down and abandoning module SimplygonSwarm (151)
[2017.08.03-07.44.09:949][652]LogModuleManager: Shutting down and abandoning module SimplygonMeshReduction (149)
[2017.08.03-07.44.09:949][652]LogModuleManager: Shutting down and abandoning module QuadricMeshReduction (147)
[2017.08.03-07.44.09:949][652]LogModuleManager: Shutting down and abandoning module DerivedDataCache (144)
[2017.08.03-07.44.10:039][652]LogDerivedDataCache: Shutdown
[2017.08.03-07.44.10:039][652]LogModuleManager: Shutting down and abandoning module TargetPlatform (142)
[2017.08.03-07.44.10:039][652]LogModuleManager: Shutting down and abandoning module VulkanShaderFormat (141)
[2017.08.03-07.44.10:039][652]LogModuleManager: Shutting down and abandoning module ShaderFormatVectorVM (139)
[2017.08.03-07.44.10:039][652]LogModuleManager: Shutting down and abandoning module ShaderFormatOpenGL (137)
[2017.08.03-07.44.10:039][652]LogModuleManager: Shutting down and abandoning module ShaderFormatD3D (135)
[2017.08.03-07.44.10:039][652]LogModuleManager: Shutting down and abandoning module MetalShaderFormat (133)
[2017.08.03-07.44.10:039][652]LogModuleManager: Shutting down and abandoning module TextureFormatUncompressed (131)
[2017.08.03-07.44.10:039][652]LogModuleManager: Shutting down and abandoning module TextureFormatPVR (129)
[2017.08.03-07.44.10:039][652]LogModuleManager: Shutting down and abandoning module TextureFormatDXT (127)
[2017.08.03-07.44.10:039][652]LogModuleManager: Shutting down and abandoning module TextureFormatIntelISPCTexComp (125)
[2017.08.03-07.44.10:039][652]LogModuleManager: Shutting down and abandoning module TextureFormatASTC (123)
[2017.08.03-07.44.10:039][652]LogModuleManager: Shutting down and abandoning module ImageWrapper (122)
[2017.08.03-07.44.10:039][652]LogModuleManager: Shutting down and abandoning module TextureFormatAndroid (119)
[2017.08.03-07.44.10:039][652]LogModuleManager: Shutting down and abandoning module AudioFormatOpus (117)
[2017.08.03-07.44.10:039][652]LogModuleManager: Shutting down and abandoning module AudioFormatOgg (115)
[2017.08.03-07.44.10:039][652]LogModuleManager: Shutting down and abandoning module AudioFormatADPCM (113)
[2017.08.03-07.44.10:039][652]LogModuleManager: Shutting down and abandoning module LinuxTargetPlatform (111)
[2017.08.03-07.44.10:039][652]LogModuleManager: Shutting down and abandoning module LinuxServerTargetPlatform (109)
[2017.08.03-07.44.10:039][652]LogModuleManager: Shutting down and abandoning module LinuxNoEditorTargetPlatform (107)
[2017.08.03-07.44.10:039][652]LogModuleManager: Shutting down and abandoning module LinuxClientTargetPlatform (105)
[2017.08.03-07.44.10:039][652]LogModuleManager: Shutting down and abandoning module TVOSTargetPlatform (103)
[2017.08.03-07.44.10:039][652]LogModuleManager: Shutting down and abandoning module Messaging (101)
[2017.08.03-07.44.10:039][652]LogModuleManager: Shutting down and abandoning module IOSTargetPlatform (99)
[2017.08.03-07.44.10:039][652]LogModuleManager: Shutting down and abandoning module HTML5TargetPlatform (97)
[2017.08.03-07.44.10:039][652]LogModuleManager: Shutting down and abandoning module Android_PVRTCTargetPlatform (95)
[2017.08.03-07.44.10:039][652]LogModuleManager: Shutting down and abandoning module Android_MultiTargetPlatform (93)
[2017.08.03-07.44.10:039][652]LogModuleManager: Shutting down and abandoning module Android_ETC2TargetPlatform (91)
[2017.08.03-07.44.10:039][652]LogModuleManager: Shutting down and abandoning module Android_ETC1TargetPlatform (89)
[2017.08.03-07.44.10:039][652]LogModuleManager: Shutting down and abandoning module Android_DXTTargetPlatform (87)
[2017.08.03-07.44.10:039][652]LogModuleManager: Shutting down and abandoning module Android_ATCTargetPlatform (85)
[2017.08.03-07.44.10:039][652]LogModuleManager: Shutting down and abandoning module Android_ASTCTargetPlatform (83)
[2017.08.03-07.44.10:039][652]LogModuleManager: Shutting down and abandoning module AndroidTargetPlatform (81)
[2017.08.03-07.44.10:039][652]LogModuleManager: Shutting down and abandoning module WindowsTargetPlatform (79)
[2017.08.03-07.44.10:039][652]LogModuleManager: Shutting down and abandoning module WindowsServerTargetPlatform (77)
[2017.08.03-07.44.10:039][652]LogModuleManager: Shutting down and abandoning module WindowsNoEditorTargetPlatform (75)
[2017.08.03-07.44.10:039][652]LogModuleManager: Shutting down and abandoning module WindowsClientTargetPlatform (73)
[2017.08.03-07.44.10:039][652]LogModuleManager: Shutting down and abandoning module MacTargetPlatform (71)
[2017.08.03-07.44.10:039][652]LogModuleManager: Shutting down and abandoning module MacServerTargetPlatform (69)
[2017.08.03-07.44.10:039][652]LogModuleManager: Shutting down and abandoning module MacNoEditorTargetPlatform (67)
[2017.08.03-07.44.10:039][652]LogModuleManager: Shutting down and abandoning module MacClientTargetPlatform (65)
[2017.08.03-07.44.10:039][652]LogModuleManager: Shutting down and abandoning module AllDesktopTargetPlatform (63)
[2017.08.03-07.44.10:039][652]LogModuleManager: Shutting down and abandoning module InputCore (60)
[2017.08.03-07.44.10:039][652]LogModuleManager: Shutting down and abandoning module Settings (58)
[2017.08.03-07.44.10:039][652]LogModuleManager: Shutting down and abandoning module OculusRift (56)
[2017.08.03-07.44.10:039][652]LogModuleManager: Shutting down and abandoning module GearVRController (54)
[2017.08.03-07.44.10:039][652]LogModuleManager: Shutting down and abandoning module GearVR (52)
[2017.08.03-07.44.10:039][652]LogModuleManager: Shutting down and abandoning module ExampleDeviceProfileSelector (50)
[2017.08.03-07.44.10:039][652]LogModuleManager: Shutting down and abandoning module OnlineBlueprintSupport (48)
[2017.08.03-07.44.10:039][652]LogModuleManager: Shutting down and abandoning module OnlineSubsystem (44)
[2017.08.03-07.44.10:039][652]LogOnline:Display: Unloading online subsystem: NULL
[2017.08.03-07.44.10:039][652]LogModuleManager: Shutting down and abandoning module XMPP (43)
[2017.08.03-07.44.10:040][652]LogModuleManager: Shutting down and abandoning module HTTP (41)
[2017.08.03-07.44.10:040][652]LogHttp:Display: Http module shutting down, but needs to wait on 1 outstanding Http requests:
[2017.08.03-07.44.10:040][652]LogHttp:Display: 	verb=[POST] url=[https://datarouter.ol.epicgames.com/datarouter/api/v1/public/data?SessionID=%7B19080586-4852-356A-E249-F99EED9F3060%7D&AppID=UEEditor.Rocket.Release&AppVersion=4.16.3-3561208%2B%2B%2BUE4%2BRelease-4.16&UserID=eb90d6754df671c3a1ba57b8f8c69a72%7C68112c2ad8fc43339402d1035c00fda8%7C8b68b959-aea7-4d15-b96e-7394709602d8&AppEnvironment=datacollector-binary&UploadType=eteventstream] status=Processing
[2017.08.03-07.44.10:068][652]LogModuleManager: Shutting down and abandoning module SSL (40)
[2017.08.03-07.44.10:071][652]LogModuleManager: Shutting down and abandoning module HTTPChunkInstaller (36)
[2017.08.03-07.44.10:071][652]LogModuleManager: Shutting down and abandoning module AnimationModifiers (34)
[2017.08.03-07.44.10:071][652]LogModuleManager: Shutting down and abandoning module PropertyEditor (33)
[2017.08.03-07.44.10:071][652]LogModuleManager: Shutting down and abandoning module AudioEditor (30)
[2017.08.03-07.44.10:071][652]LogModuleManager: Shutting down and abandoning module TextureCompressor (28)
[2017.08.03-07.44.10:071][652]LogModuleManager: Shutting down and abandoning module ShaderCore (26)
[2017.08.03-07.44.10:071][652]LogModuleManager: Shutting down and abandoning module Landscape (24)
[2017.08.03-07.44.10:071][652]LogModuleManager: Shutting down and abandoning module SlateRHIRenderer (22)
[2017.08.03-07.44.10:073][652]LogModuleManager: Shutting down and abandoning module OpenGLDrv (20)
[2017.08.03-07.44.10:073][652]LogModuleManager: Shutting down and abandoning module D3D11RHI (18)
[2017.08.03-07.44.10:073][652]LogModuleManager: Shutting down and abandoning module AnimGraphRuntime (16)
[2017.08.03-07.44.10:073][652]LogModuleManager: Shutting down and abandoning module Renderer (14)
[2017.08.03-07.44.10:073][652]LogModuleManager: Shutting down and abandoning module Engine (12)
[2017.08.03-07.44.10:073][652]LogModuleManager: Shutting down and abandoning module CoreUObject (10)
[2017.08.03-07.44.10:073][652]LogModuleManager: Shutting down and abandoning module NetworkFile (8)
[2017.08.03-07.44.10:073][652]LogModuleManager: Shutting down and abandoning module StreamingFile (6)
[2017.08.03-07.44.10:073][652]LogModuleManager: Shutting down and abandoning module SandboxFile (4)
[2017.08.03-07.44.10:073][652]LogModuleManager: Shutting down and abandoning module PakFile (2)
[2017.08.03-07.44.10:075][652]LogExit: Exiting.
[2017.08.03-07.44.10:090][652]Log file closed, 08/03/17 00:44:10
