Log file open, 08/03/17 18:57:29
LogInit:Display: Running engine for game: MegaPlus_G
LogPlatformFile: Not using cached read wrapper
LogInit:Display: RandInit(1887678513) SRandInit(1887678513).
LogTaskGraph: Started task graph with 5 named threads and 8 total threads with 1 sets of task threads.
LogStats: Stats thread started at 0.104153
LogInit: Using libcurl 7.47.1
LogInit:  - built for x86_64-pc-win32
LogInit:  - supports SSL with OpenSSL/1.0.2g
LogInit:  - supports HTTP deflate (compression) using libz 1.2.8
LogInit:  - other features:
LogInit:      CURL_VERSION_SSL
LogInit:      CURL_VERSION_LIBZ
LogInit:      CURL_VERSION_IPV6
LogInit:      CURL_VERSION_ASYNCHDNS
LogInit:      CURL_VERSION_LARGEFILE
LogInit:      CURL_VERSION_IDN
LogInit:  CurlRequestOptions (configurable via config and command line):
LogInit:  - bVerifyPeer = false  - Libcurl will NOT verify peer certificate
LogInit:  - bUseHttpProxy = false  - Libcurl will NOT use HTTP proxy
LogInit:  - bDontReuseConnections = false  - Libcurl will reuse connections
LogInit:  - CertBundlePath = nullptr  - Libcurl will use whatever was configured at build time.
LogInit: Build: ++UE4+Release-4.16-CL-3561208
LogInit: Engine Version: 4.16.3-3561208+++UE4+Release-4.16
LogInit: Compatible Engine Version: 4.16.0-3452394+++UE4+Release-4.16
LogInit: Net CL: 3452394
LogDevObjectVersion: Number of dev versions registered: 16
LogDevObjectVersion:   Dev-Blueprints (B0D832E4-1F89-4F0D-ACCF-7EB736FD4AA2): 9
LogDevObjectVersion:   Dev-Build (E1C64328-A22C-4D53-A36C-8E866417BD8C): 0
LogDevObjectVersion:   Dev-Core (375EC13C-06E4-48FB-B500-84F0262A717E): 2
LogDevObjectVersion:   Dev-Editor (E4B068ED-F494-42E9-A231-DA0B2E46BB41): 17
LogDevObjectVersion:   Dev-Framework (CFFC743F-43B0-4480-9391-14DF171D2073): 23
LogDevObjectVersion:   Dev-Mobile (B02B49B5-BB20-44E9-A304-32B752E40360): 0
LogDevObjectVersion:   Dev-Networking (A4E4105C-59A1-49B5-A7C5-40C4547EDFEE): 0
LogDevObjectVersion:   Dev-Online (39C831C9-5AE6-47DC-9A44-9C173E1C8E7C): 0
LogDevObjectVersion:   Dev-Physics (78F01B33-EBEA-4F98-B9B4-84EACCB95AA2): 0
LogDevObjectVersion:   Dev-Platform (6631380F-2D4D-43E0-8009-CF276956A95A): 0
LogDevObjectVersion:   Dev-Rendering (12F88B9F-8875-4AFC-A67C-D90C383ABD29): 15
LogDevObjectVersion:   Dev-Sequencer (7B5AE74C-D270-4C10-A958-57980B212A5A): 4
LogDevObjectVersion:   Dev-VR (D7296918-1DD6-4BDD-9DE2-64A83CC13884): 0
LogDevObjectVersion:   Dev-LoadTimes (C2A15278-BFE7-4AFE-6C17-90FF531DF755): 1
LogDevObjectVersion:   Private-Geometry (6EACA3D4-40EC-4CC1-B786-8BED09428FC5): 1
LogDevObjectVersion:   Dev-AnimPhys (29E575DD-E0A3-4627-9D10-D276232CDCEA): 3
LogInit: Compiled (64-bit): Jul 28 2017 11:49:47
LogInit: Compiled with Visual C++: 19.00.24215.01
LogInit: Build Configuration: Development
LogInit: Branch Name: ++UE4+Release-4.16
LogInit: Command line: 
LogInit: Base directory: C:/Program Files/Epic Games/UE_4.16/Engine/Binaries/Win64/
LogInit: Installed Engine Build: 1
LogInit: Presizing for max 8388607 objects, including 0 objects not considered by GC, pre-allocating 0 bytes for permanent pool.
LogInit: Object subsystem initialized
[2017.08.04-01.57.30:199][  0]LogInit: Selected Device Profile: [Windows]
[2017.08.04-01.57.30:199][  0]LogInit: Applying CVar settings loaded from the selected device profile: [Windows]
[2017.08.04-01.57.30:217][  0]LogInit: Computer: FAKENEWS
[2017.08.04-01.57.30:217][  0]LogInit: User: nixin
[2017.08.04-01.57.30:217][  0]LogInit: CPU Page size=4096, Cores=4
[2017.08.04-01.57.30:217][  0]LogInit: High frequency timer resolution =2.531250 MHz
[2017.08.04-01.57.30:217][  0]LogMemory: Memory total: Physical=15.4GB (16GB approx)
[2017.08.04-01.57.30:217][  0]LogMemory: Platform Memory Stats for Windows
[2017.08.04-01.57.30:217][  0]LogMemory: Process Physical Memory: 272.77 MB used, 272.77 MB peak
[2017.08.04-01.57.30:217][  0]LogMemory: Process Virtual Memory: 260.62 MB used, 260.62 MB peak
[2017.08.04-01.57.30:217][  0]LogMemory: Physical Memory: 4166.19 MB used,  11636.32 MB free, 15802.51 MB total
[2017.08.04-01.57.30:217][  0]LogMemory: Virtual Memory: 638.19 MB used,  11636.32 MB free, 134217728.00 MB total
[2017.08.04-01.57.30:281][  0]LogInit: Using OS detected language (en-US).
[2017.08.04-01.57.30:281][  0]LogInit: Using OS detected locale (en-US).
[2017.08.04-01.57.30:285][  0]LogTextLocalizationManager: No specific localization for 'en-US' exists, so the 'en' localization will be used.
[2017.08.04-01.57.31:224][  0]LogD3D11RHI: D3D11 adapters:
[2017.08.04-01.57.31:250][  0]LogD3D11RHI:    0. 'NVIDIA GeForce GTX 960M               ' (Feature Level 11_0)
[2017.08.04-01.57.31:250][  0]LogD3D11RHI:       4037/0/7901 MB DedicatedVideo/DedicatedSystem/SharedSystem, Outputs:1, VendorId:0x10de
[2017.08.04-01.57.31:258][  0]LogD3D11RHI:    1. 'Intel(R) HD Graphics 530' (Feature Level 11_0)
[2017.08.04-01.57.31:258][  0]LogD3D11RHI:       128/0/7901 MB DedicatedVideo/DedicatedSystem/SharedSystem, Outputs:0, VendorId:0x8086
[2017.08.04-01.57.31:259][  0]LogD3D11RHI:    2. 'Microsoft Basic Render Driver' (Feature Level 11_0)
[2017.08.04-01.57.31:259][  0]LogD3D11RHI:       0/0/7901 MB DedicatedVideo/DedicatedSystem/SharedSystem, Outputs:0, VendorId:0x1414
[2017.08.04-01.57.31:259][  0]LogD3D11RHI: Chosen D3D11 Adapter: 0
[2017.08.04-01.57.31:264][  0]LogD3D11RHI: Creating new Direct3DDevice
[2017.08.04-01.57.31:264][  0]LogD3D11RHI:     GPU DeviceId: 0x139b (for the marketing name, search the web for "GPU Device Id")
[2017.08.04-01.57.31:264][  0]LogWindows: EnumDisplayDevices:
[2017.08.04-01.57.31:264][  0]LogWindows:    0. 'Intel(R) HD Graphics 530' (P:1 D:1)
[2017.08.04-01.57.31:264][  0]LogWindows:    1. 'Intel(R) HD Graphics 530' (P:0 D:0)
[2017.08.04-01.57.31:264][  0]LogWindows:    2. 'Intel(R) HD Graphics 530' (P:0 D:0)
[2017.08.04-01.57.31:265][  0]LogWindows: DebugString: PrimaryIsNotTheChoosenAdapter PrimaryIsNotTheChoosenAdapter PrimaryIsNotTheChoosenAdapter FoundDriverCount:0 
[2017.08.04-01.57.31:265][  0]LogD3D11RHI:     Adapter Name: NVIDIA GeForce GTX 960M               
[2017.08.04-01.57.31:265][  0]LogD3D11RHI:   Driver Version: Unknown (internal:Unknown, unified:Unknown)
[2017.08.04-01.57.31:265][  0]LogD3D11RHI:      Driver Date: Unknown
[2017.08.04-01.57.31:265][  0]LogRHI: Texture pool is 1361 MB (70% of 1945 MB)
[2017.08.04-01.57.31:282][  0]LogD3D11RHI: NvAPI_D3D_GetCurrentSLIState failed: 0xfffffff7
[2017.08.04-01.57.31:282][  0]LogD3D11RHI: Async texture creation enabled
[2017.08.04-01.57.31:295][  0]LogD3D11RHI: GPU Timing Frequency: 1000.000000 (Debug: 2 1)
[2017.08.04-01.57.31:298][  0]LogShaderCompilers: Guid format shader working directory is -20 characters bigger than the processId version (../../../../../../Users/nixin/Documents/Unreal Projects/MegaPlus_G/Intermediate/Shaders/WorkingDirectory/1732/).
[2017.08.04-01.57.31:298][  0]LogShaderCompilers: Cleaned the shader compiler working directory 'C:/Users/nixin/AppData/Local/Temp/UnrealShaderWorkingDir/2CABE00148BCD28A7514F7A1E21CD9C1/'.
[2017.08.04-01.57.31:298][  0]LogShaderCompilers:Display: Using Local Shader Compiler.
[2017.08.04-01.57.32:295][  0]LogTemp:Display: Loaded TP AllDesktopTargetPlatform
[2017.08.04-01.57.32:345][  0]LogTemp:Display: Loaded TP MacClientTargetPlatform
[2017.08.04-01.57.32:391][  0]LogTemp:Display: Loaded TP MacNoEditorTargetPlatform
[2017.08.04-01.57.32:436][  0]LogTemp:Display: Loaded TP MacServerTargetPlatform
[2017.08.04-01.57.32:483][  0]LogTemp:Display: Loaded TP MacTargetPlatform
[2017.08.04-01.57.32:528][  0]LogTemp:Display: Loaded TP WindowsClientTargetPlatform
[2017.08.04-01.57.32:573][  0]LogTemp:Display: Loaded TP WindowsNoEditorTargetPlatform
[2017.08.04-01.57.32:618][  0]LogTemp:Display: Loaded TP WindowsServerTargetPlatform
[2017.08.04-01.57.32:657][  0]LogTemp:Display: Loaded TP WindowsTargetPlatform
[2017.08.04-01.57.32:700][  0]LogTemp:Display: Loaded TP AndroidTargetPlatform
[2017.08.04-01.57.32:745][  0]LogTemp:Display: Loaded TP Android_ASTCTargetPlatform
[2017.08.04-01.57.32:788][  0]LogTemp:Display: Loaded TP Android_ATCTargetPlatform
[2017.08.04-01.57.32:835][  0]LogTemp:Display: Loaded TP Android_DXTTargetPlatform
[2017.08.04-01.57.32:877][  0]LogTemp:Display: Loaded TP Android_ETC1TargetPlatform
[2017.08.04-01.57.32:920][  0]LogTemp:Display: Loaded TP Android_ETC2TargetPlatform
[2017.08.04-01.57.33:007][  0]LogTemp:Display: Loaded TP Android_MultiTargetPlatform
[2017.08.04-01.57.33:007][  0]LogTemp:Display: Loaded TP Android_PVRTCTargetPlatform
[2017.08.04-01.57.33:042][  0]LogTemp:Display: Loaded TP HTML5TargetPlatform
[2017.08.04-01.57.33:129][  0]LogTemp:Display: Loaded TP IOSTargetPlatform
[2017.08.04-01.57.33:158][  0]LogTemp:Display: Loaded TP TVOSTargetPlatform
[2017.08.04-01.57.33:202][  0]LogTemp:Display: Loaded TP LinuxClientTargetPlatform
[2017.08.04-01.57.33:246][  0]LogTemp:Display: Loaded TP LinuxNoEditorTargetPlatform
[2017.08.04-01.57.33:289][  0]LogTemp:Display: Loaded TP LinuxServerTargetPlatform
[2017.08.04-01.57.33:332][  0]LogTemp:Display: Loaded TP LinuxTargetPlatform
[2017.08.04-01.57.33:332][  0]LogTargetPlatformManager:Display: Building Assets For Windows
[2017.08.04-01.57.33:800][  0]LogDerivedDataCache:Display: Max Cache Size: 512 MB
[2017.08.04-01.57.33:909][  0]LogDerivedDataCache: Loaded boot cache 0.11s 90MB C:/Users/nixin/AppData/Local/UnrealEngine/4.16/DerivedDataCache/Boot.ddc.
[2017.08.04-01.57.33:909][  0]LogDerivedDataCache:Display: Loaded Boot cache: C:/Users/nixin/AppData/Local/UnrealEngine/4.16/DerivedDataCache/Boot.ddc
[2017.08.04-01.57.33:909][  0]LogDerivedDataCache: FDerivedDataBackendGraph:  Pak pak cache file ../../../../../../Users/nixin/Documents/Unreal Projects/MegaPlus_G/DerivedDataCache/DDC.ddp not found, will not use a pak cache.
[2017.08.04-01.57.33:909][  0]LogDerivedDataCache: Unable to find inner node Pak for hierarchical cache Hierarchy.
[2017.08.04-01.57.33:909][  0]LogDerivedDataCache: FDerivedDataBackendGraph:  CompressedPak pak cache file ../../../../../../Users/nixin/Documents/Unreal Projects/MegaPlus_G/DerivedDataCache/Compressed.ddp not found, will not use a pak cache.
[2017.08.04-01.57.33:909][  0]LogDerivedDataCache: Unable to find inner node CompressedPak for hierarchical cache Hierarchy.
[2017.08.04-01.57.33:925][  0]LogDerivedDataCache:Display: Pak cache opened for reading ../../../Engine/DerivedDataCache/Compressed.ddp.
[2017.08.04-01.57.33:937][  0]LogDerivedDataCache: Using Local data cache path C:/Users/nixin/AppData/Local/UnrealEngine/Common/DerivedDataCache: Writable
[2017.08.04-01.57.33:947][  0]LogMaterial: Verifying Global Shaders for PCD3D_SM5
[2017.08.04-01.57.33:947][  0]LogSlate: Using Freetype 2.6.0
[2017.08.04-01.57.33:948][  0]LogSlate: SlateFontCache - WITH_FREETYPE: 1, WITH_HARFBUZZ: 1
[2017.08.04-01.57.33:948][  0]LogSlate: SlateFontCache - WITH_FREETYPE: 1, WITH_HARFBUZZ: 1
[2017.08.04-01.57.34:248][  0]LogInit: Selected Device Profile: [Windows]
[2017.08.04-01.57.34:334][  0]LogContentStreaming: Texture pool size is 0.00 MB
[2017.08.04-01.57.34:491][  0]LogMeshUtilities: Using QuadricMeshReduction for automatic static mesh reduction
[2017.08.04-01.57.34:531][  0]LogSimplygon: Simplygon DLL not present - disabling.
[2017.08.04-01.57.34:578][  0]LogMeshUtilities: Using SimplygonSwarm for distributed automatic mesh merging
[2017.08.04-01.57.34:578][  0]LogMeshUtilities: No automatic skeletal mesh reduction module available
[2017.08.04-01.57.34:578][  0]LogMeshUtilities: No automatic mesh merging module available
[2017.08.04-01.57.35:197][  0]LogNetVersion: MegaPlus_G , NetCL: 3452394, EngineNetVer: 2, GameNetVer: 0 (Checksum: 3538833827)
[2017.08.04-01.57.35:264][  0]LogAssetRegistry: FAssetRegistry took 0.0257 seconds to start up
[2017.08.04-01.57.35:327][  0]LogPackageLocalizationCache: Processed 4 localized package path(s) for 2 prioritized culture(s) in 0.036264 seconds
[2017.08.04-01.57.35:333][  0]LogUObjectArray: 34194 objects as part of root set at end of initial load.
[2017.08.04-01.57.35:333][  0]LogUObjectAllocator: 7260424 out of 0 bytes used by permanent object pool.
[2017.08.04-01.57.35:333][  0]LogUObjectArray: CloseDisregardForGC: 0/0 objects in disregard for GC pool
[2017.08.04-01.57.35:396][  0]LogInit: WinSock: version 1.1 (2.2), MaxSocks=32767, MaxUdp=65467
[2017.08.04-01.57.37:803][  0]LogTcpMessaging: Initializing TcpMessaging bridge
[2017.08.04-01.57.37:846][  0]LogUdpMessaging: Initializing bridge on interface 0.0.0.0:0 to multicast group 230.0.0.1:6666.
[2017.08.04-01.57.38:383][  0]LogMaterial: Uniform references updated for custom material expression Custom.
[2017.08.04-01.57.38:785][  0]SourceControl: Info Source control is disabled
[2017.08.04-01.57.38:785][  0]SourceControl: Info Source control is disabled
[2017.08.04-01.57.38:836][  0]SourceControl: Info Source control is disabled
[2017.08.04-01.57.38:887][  0]SourceControl: Info Source control is disabled
[2017.08.04-01.57.39:569][  0]LogAndroidPermission: UAndroidPermissionCallbackProxy::GetInstance
[2017.08.04-01.57.40:171][  0]LogEngine: Initializing Engine...
[2017.08.04-01.57.40:171][  0]LogHMD: Failed to initialize OpenVR with code 110
[2017.08.04-01.57.40:432][  0]LogStats: UGameplayTagsManager::ConstructGameplayTagTree: Construct from data asset -  0.000 s
[2017.08.04-01.57.40:432][  0]LogStats: UGameplayTagsManager::ConstructGameplayTagTree: GameplayTagTreeChangedEvent.Broadcast -  0.000 s
[2017.08.04-01.57.40:563][  0]LogAIModule: Creating AISystem for world Untitled
[2017.08.04-01.57.40:569][  0]LogInit: XAudio2 using 'Speakers (Conexant SmartAudio HD)' : 2 channels at 48 kHz using 32 bits per sample (channel mask 0x3)
[2017.08.04-01.57.40:629][  0]LogInit: FAudioDevice initialized.
[2017.08.04-01.57.40:676][  0]LogDerivedDataCache: Saved boot cache 0.05s 90MB C:/Users/nixin/AppData/Local/UnrealEngine/4.16/DerivedDataCache/Boot.ddc.
[2017.08.04-01.57.40:685][  0]LogInit: Texture streaming: Enabled
[2017.08.04-01.57.40:779][  0]LogEngineSessionManager: EngineSessionManager initialized
[2017.08.04-01.57.40:983][  0]LogInit: Transaction tracking system initialized
[2017.08.04-01.57.41:289][  0]BlueprintLog: New page: Editor Load
[2017.08.04-01.57.42:183][  0]LocalizationService: Info Localization service is disabled
[2017.08.04-01.57.42:841][  0]LogConsoleResponse:Display: 
[2017.08.04-01.57.43:011][  0]LogCook:Display: Max memory allowance for cook 16384mb min free memory 0mb
[2017.08.04-01.57.43:011][  0]LogCook:Display: Mobile HDR setting 1
[2017.08.04-01.57.43:983][  0]LogFileCache: Scanning file cache for directory 'C:/Users/nixin/Documents/Unreal Projects/MegaPlus_G/Content/' took 0.01s
[2017.08.04-01.57.44:027][  0]SourceControl: Info Source control is disabled
[2017.08.04-01.57.44:027][  0]Cmd: MAP LOAD FILE="../../../../../../Users/nixin/Documents/Unreal Projects/MegaPlus_G/Content/Levels/level00.umap" TEMPLATE=0 SHOWPROGRESS=1 FEATURELEVEL=3
[2017.08.04-01.57.44:027][  0]LightingResults: New page: Lighting Build
[2017.08.04-01.57.44:066][  0]MapCheck: New page: Map Check
[2017.08.04-01.57.44:066][  0]LightingResults: New page: Lighting Build
[2017.08.04-01.57.44:529][  0]LogAIModule: Creating AISystem for world level00
[2017.08.04-01.57.44:540][  0]LogEditorServer: Finished looking for orphan Actors (0.000 secs)
[2017.08.04-01.57.44:551][  0]Cmd: MAP CHECKDEP NOCLEARLOG
[2017.08.04-01.57.44:605][  0]MapCheck: Info Map check complete: 0 Error(s), 0 Warning(s), took 52.945ms to complete.
[2017.08.04-01.57.44:605][  0]LogFileHelpers: Loading map 'level00' took 0.578
[2017.08.04-01.57.44:752][  0]LogCollectionManager: Loaded 0 collections in 0.003419 seconds
[2017.08.04-01.57.44:841][  0]LogFileCache: Scanning file cache for directory 'C:/Users/nixin/Documents/Unreal Projects/MegaPlus_G/Saved/Collections/' took 0.01s
[2017.08.04-01.57.44:841][  0]LogFileCache: Scanning file cache for directory 'C:/Users/nixin/Documents/Unreal Projects/MegaPlus_G/Content/Developers/nixin/Collections/' took 0.01s
[2017.08.04-01.57.44:841][  0]LogFileCache: Scanning file cache for directory 'C:/Users/nixin/Documents/Unreal Projects/MegaPlus_G/Content/Collections/' took 0.01s
[2017.08.04-01.57.44:841][  0]LogCollectionManager: Rebuilt the GUID cache for 0 collections in 0.000001 seconds
[2017.08.04-01.57.44:850][  0]LogContentBrowser: Native class hierarchy populated in 0.0088 seconds. Added 2329 classes and 491 folders.
[2017.08.04-01.57.44:916][  0]LogContentBrowser: Native class hierarchy updated for 'WidgetCarousel' in 0.0005 seconds. Added 0 classes and 0 folders.
[2017.08.04-01.57.44:957][  0]LogContentBrowser: Native class hierarchy updated for 'AddContentDialog' in 0.0005 seconds. Added 0 classes and 0 folders.
[2017.08.04-01.57.45:002][  0]LogContentBrowser: Native class hierarchy updated for 'SceneOutliner' in 0.0005 seconds. Added 1 classes and 2 folders.
[2017.08.04-01.57.45:084][  0]LogCrashTracker: Crashtracker disabled due to settings.
[2017.08.04-01.57.45:093][  0]LogSlate: Took 0.000233 seconds to synchronously load lazily loaded font '../../../Engine/Content/Slate/Fonts/Roboto-Regular.ttf' (155K)
[2017.08.04-01.57.45:098][  0]LogSlate: Took 0.000200 seconds to synchronously load lazily loaded font '../../../Engine/Content/Slate/Fonts/Roboto-Bold.ttf' (160K)
[2017.08.04-01.57.45:100][  0]LogSlate: Took 0.000132 seconds to synchronously load lazily loaded font '../../../Engine/Content/Editor/Slate/Fonts/FontAwesome.ttf' (139K)
[2017.08.04-01.57.45:171][  0]LogRenderer: Reallocating scene render targets to support 1528x484 NumSamples 1 (Frame:1).
[2017.08.04-01.57.45:403][  0]LogUObjectGlobals:Warning: Failed to find object 'Class None.'
[2017.08.04-01.57.45:494][  0]LogContentBrowser: Native class hierarchy updated for 'HierarchicalLODOutliner' in 0.0010 seconds. Added 1 classes and 2 folders.
[2017.08.04-01.57.45:494][  0]LogLoad: (Engine Initialization) Total time: 17.14 seconds
[2017.08.04-01.57.45:494][  0]LogLoad: (Engine Initialization) Total Blueprint compile time: 0.09 seconds
[2017.08.04-01.57.45:494][  0]LogExternalProfiler: No external profilers were discovered.  External profiling features will not be available.
[2017.08.04-01.57.45:516][  0]LogWindowsTextInputMethodSystem:Display: IME system now deactivated.
[2017.08.04-01.57.45:517][  0]LogOcInput: OculusInput pre-init called
[2017.08.04-01.57.45:517][  0]LogHMD: Starting GearVRController plugin
[2017.08.04-01.57.45:536][  0]LogContentStreaming: Texture pool size now 1000 MB
[2017.08.04-01.57.45:574][  0]LogSlate: Took 0.000132 seconds to synchronously load lazily loaded font '../../../Engine/Content/Slate/Fonts/Roboto-Light.ttf' (159K)
[2017.08.04-01.57.45:587][  1]LogAssetRegistry: Asset discovery search completed in 10.3449 seconds
[2017.08.04-01.57.45:590][  1]LogCollectionManager: Rebuilt the object cache for 0 collections in 0.000000 seconds (found 0 objects)
[2017.08.04-01.57.45:590][  1]LogCollectionManager: Fixed up redirectors for 0 collections in 0.000035 seconds (updated 0 objects)
[2017.08.04-01.58.04:001][ 91]LogSlate: Took 0.000133 seconds to synchronously load lazily loaded font '../../../Engine/Content/Slate/Fonts/Roboto-Light.ttf' (159K)
[2017.08.04-01.58.04:382][ 91]LogContentBrowser: Native class hierarchy updated for 'BlueprintGraph' in 0.0009 seconds. Added 112 classes and 0 folders.
[2017.08.04-01.58.04:931][ 91]LogSlate: Took 0.000118 seconds to synchronously load lazily loaded font '../../../Engine/Content/Slate/Fonts/Roboto-Regular.ttf' (155K)
[2017.08.04-01.58.04:991][ 91]LogSlate: Took 0.000206 seconds to synchronously load lazily loaded font '../../../Engine/Content/Editor/Slate/Fonts/Roboto-BoldCondensed.ttf' (158K)
[2017.08.04-01.58.05:232][ 92]LogSlate: Took 0.000181 seconds to synchronously load lazily loaded font '../../../Engine/Content/Editor/Slate/Fonts/Roboto-Italic.ttf' (157K)
[2017.08.04-01.59.08:569][218]BlueprintLog: New page: Compile b_protoman
[2017.08.04-01.59.08:619][218]LogBlueprint:Error: [Compiler b_protoman] Error This blueprint (self) is not a CharacterMovementComponent, therefore ' Target ' must have a connection.
[2017.08.04-01.59.08:625][218]LogBlueprint:Error: [Compiler b_protoman] Error Variable node  Set MaxWalkSpeedCrouched  uses an invalid target.  It may depend on a node that is not connected to the execution chain, and got purged.
[2017.08.04-01.59.08:834][218]BlueprintEditorCompileResults:Error: Error This blueprint (self) is not a CharacterMovementComponent, therefore ' Target ' must have a connection.
[2017.08.04-01.59.08:834][218]BlueprintEditorCompileResults:Error: Error Variable node  Set MaxWalkSpeedCrouched  uses an invalid target.  It may depend on a node that is not connected to the execution chain, and got purged.
[2017.08.04-01.59.08:834][218]LogBlueprint:Warning: [Compiler b_protoman] Warning [0100.48] Compile of b_protoman failed. 2 Fatal Issue(s) 0 Warning(s) [in 265 ms] (/Game/Blueprints/Characters/Protoman/b_protoman.b_protoman)
[2017.08.04-01.59.09:976][264]LogTemp: Repeting last play command: New Editor Window (PIE)
[2017.08.04-01.59.10:046][264]LogPlayLevel: PlayLevel: No blueprints needed recompiling
[2017.08.04-01.59.20:662][567]BlueprintLog: New page: Compile b_protoman
[2017.08.04-01.59.22:350][625]LogTemp: Repeting last play command: New Editor Window (PIE)
[2017.08.04-01.59.22:376][625]LogPlayLevel: PlayLevel: No blueprints needed recompiling
[2017.08.04-01.59.22:377][625]PIE: New page: PIE session: level00 (Aug 3, 2017, 11:59:22 AM)
[2017.08.04-01.59.22:377][625]LogPlayLevel: Creating play world package: /Game/Levels/UEDPIE_0_level00
[2017.08.04-01.59.22:386][625]LogPlayLevel: PIE: StaticDuplicateObject took: (0.008946s)
[2017.08.04-01.59.22:386][625]LogAIModule: Creating AISystem for world level00
[2017.08.04-01.59.22:387][625]LogPlayLevel: PIE: World Init took: (0.000843s)
[2017.08.04-01.59.22:387][625]LogPlayLevel: PIE: Created PIE world by copying editor world from /Game/Levels/level00.level00 to /Game/Levels/UEDPIE_0_level00.level00 (0.010142s)
[2017.08.04-01.59.22:403][625]LogInit: XAudio2 using 'Speakers (Conexant SmartAudio HD)' : 2 channels at 48 kHz using 32 bits per sample (channel mask 0x3)
[2017.08.04-01.59.22:421][625]LogInit: FAudioDevice initialized.
[2017.08.04-01.59.22:483][625]LogLoad: Game class is 'GameMode00_C'
[2017.08.04-01.59.22:491][625]LogWorld: Bringing World /Game/Levels/UEDPIE_0_level00.level00 up for play (max tick rate 60) at 2017.08.03-18.59.22
[2017.08.04-01.59.22:491][625]LogWorld: Bringing up level for play took: 0.005256
[2017.08.04-01.59.22:535][625]LogContentBrowser: Native class hierarchy updated for 'MovieSceneCapture' in 0.0006 seconds. Added 11 classes and 0 folders.
[2017.08.04-01.59.22:549][625]PIE: Info Play in editor start time for /Game/Levels/UEDPIE_0_level00 -0.565
[2017.08.04-01.59.22:612][625]LogRenderer: Reallocating scene render targets to support 1528x756 NumSamples 1 (Frame:1).
[2017.08.04-02.06.26:722][551]LogTemp: Repeting last play command: New Editor Window (PIE)
[2017.08.04-02.06.26:746][551]BlueprintLog: New page: Pre-Play auto-recompile
[2017.08.04-02.06.26:746][551]LogPlayLevel: [PlayLevel] Compiling b_protoman before play...
[2017.08.04-02.06.26:920][551]LogPlayLevel: PlayLevel: Blueprint regeneration took 174 ms (1 blueprints)
[2017.08.04-02.06.26:920][551]PIE: New page: PIE session: level00 (Aug 3, 2017, 12:06:26 PM)
[2017.08.04-02.06.26:921][551]LogPlayLevel: Creating play world package: /Game/Levels/UEDPIE_0_level00
[2017.08.04-02.06.26:928][551]LogPlayLevel: PIE: StaticDuplicateObject took: (0.007239s)
[2017.08.04-02.06.26:928][551]LogAIModule: Creating AISystem for world level00
[2017.08.04-02.06.26:929][551]LogPlayLevel: PIE: World Init took: (0.000811s)
[2017.08.04-02.06.26:929][551]LogPlayLevel: PIE: Created PIE world by copying editor world from /Game/Levels/level00.level00 to /Game/Levels/UEDPIE_0_level00.level00 (0.008270s)
[2017.08.04-02.06.26:944][551]LogInit: XAudio2 using 'Speakers (Conexant SmartAudio HD)' : 2 channels at 48 kHz using 32 bits per sample (channel mask 0x3)
[2017.08.04-02.06.26:963][551]LogInit: FAudioDevice initialized.
[2017.08.04-02.06.27:005][551]LogLoad: Game class is 'GameMode00_C'
[2017.08.04-02.06.27:012][551]LogWorld: Bringing World /Game/Levels/UEDPIE_0_level00.level00 up for play (max tick rate 60) at 2017.08.03-19.06.27
[2017.08.04-02.06.27:012][551]LogWorld: Bringing up level for play took: 0.004838
[2017.08.04-02.06.27:019][551]PIE: Info Play in editor start time for /Game/Levels/UEDPIE_0_level00 -0.096
[2017.08.04-02.07.37:229][456]LogTemp: Repeting last play command: New Editor Window (PIE)
[2017.08.04-02.07.37:250][456]LogPlayLevel: PlayLevel: No blueprints needed recompiling
[2017.08.04-02.07.37:251][456]PIE: New page: PIE session: level00 (Aug 3, 2017, 12:07:37 PM)
[2017.08.04-02.07.37:251][456]LogPlayLevel: Creating play world package: /Game/Levels/UEDPIE_0_level00
[2017.08.04-02.07.37:259][456]LogPlayLevel: PIE: StaticDuplicateObject took: (0.008516s)
[2017.08.04-02.07.37:260][456]LogAIModule: Creating AISystem for world level00
[2017.08.04-02.07.37:260][456]LogPlayLevel: PIE: World Init took: (0.000942s)
[2017.08.04-02.07.37:260][456]LogPlayLevel: PIE: Created PIE world by copying editor world from /Game/Levels/level00.level00 to /Game/Levels/UEDPIE_0_level00.level00 (0.009740s)
[2017.08.04-02.07.37:277][456]LogInit: XAudio2 using 'Speakers (Conexant SmartAudio HD)' : 2 channels at 48 kHz using 32 bits per sample (channel mask 0x3)
[2017.08.04-02.07.37:296][456]LogInit: FAudioDevice initialized.
[2017.08.04-02.07.37:346][456]LogLoad: Game class is 'GameMode00_C'
[2017.08.04-02.07.37:352][456]LogWorld: Bringing World /Game/Levels/UEDPIE_0_level00.level00 up for play (max tick rate 60) at 2017.08.03-19.07.37
[2017.08.04-02.07.37:353][456]LogWorld: Bringing up level for play took: 0.004904
[2017.08.04-02.07.37:364][456]PIE: Info Play in editor start time for /Game/Levels/UEDPIE_0_level00 0.25
[2017.08.04-02.09.33:498][176]BlueprintLog: New page: Compile b_protoman
[2017.08.04-02.09.34:675][213]LogTemp: Repeting last play command: New Editor Window (PIE)
[2017.08.04-02.09.34:703][213]LogPlayLevel: PlayLevel: No blueprints needed recompiling
[2017.08.04-02.09.34:703][213]PIE: New page: PIE session: level00 (Aug 3, 2017, 12:09:34 PM)
[2017.08.04-02.09.34:703][213]LogPlayLevel: Creating play world package: /Game/Levels/UEDPIE_0_level00
[2017.08.04-02.09.34:712][213]LogPlayLevel: PIE: StaticDuplicateObject took: (0.008714s)
[2017.08.04-02.09.34:712][213]LogAIModule: Creating AISystem for world level00
[2017.08.04-02.09.34:713][213]LogPlayLevel: PIE: World Init took: (0.001017s)
[2017.08.04-02.09.34:713][213]LogPlayLevel: PIE: Created PIE world by copying editor world from /Game/Levels/level00.level00 to /Game/Levels/UEDPIE_0_level00.level00 (0.010021s)
[2017.08.04-02.09.34:735][213]LogInit: XAudio2 using 'Speakers (Conexant SmartAudio HD)' : 2 channels at 48 kHz using 32 bits per sample (channel mask 0x3)
[2017.08.04-02.09.34:754][213]LogInit: FAudioDevice initialized.
[2017.08.04-02.09.34:807][213]LogLoad: Game class is 'GameMode00_C'
[2017.08.04-02.09.34:813][213]LogWorld: Bringing World /Game/Levels/UEDPIE_0_level00.level00 up for play (max tick rate 60) at 2017.08.03-19.09.34
[2017.08.04-02.09.34:813][213]LogWorld: Bringing up level for play took: 0.004858
[2017.08.04-02.09.34:826][213]PIE: Info Play in editor start time for /Game/Levels/UEDPIE_0_level00 -0.288
[2017.08.04-02.10.09:155][553]BlueprintLog: New page: Compile b_protoman
[2017.08.04-02.10.10:144][582]LogTemp: Repeting last play command: New Editor Window (PIE)
[2017.08.04-02.10.10:172][582]LogPlayLevel: PlayLevel: No blueprints needed recompiling
[2017.08.04-02.10.10:172][582]PIE: New page: PIE session: level00 (Aug 3, 2017, 12:10:10 PM)
[2017.08.04-02.10.10:172][582]LogPlayLevel: Creating play world package: /Game/Levels/UEDPIE_0_level00
[2017.08.04-02.10.10:181][582]LogPlayLevel: PIE: StaticDuplicateObject took: (0.008087s)
[2017.08.04-02.10.10:181][582]LogAIModule: Creating AISystem for world level00
[2017.08.04-02.10.10:181][582]LogPlayLevel: PIE: World Init took: (0.000754s)
[2017.08.04-02.10.10:182][582]LogPlayLevel: PIE: Created PIE world by copying editor world from /Game/Levels/level00.level00 to /Game/Levels/UEDPIE_0_level00.level00 (0.009138s)
[2017.08.04-02.10.10:202][582]LogInit: XAudio2 using 'Speakers (Conexant SmartAudio HD)' : 2 channels at 48 kHz using 32 bits per sample (channel mask 0x3)
[2017.08.04-02.10.10:218][582]LogInit: FAudioDevice initialized.
[2017.08.04-02.10.10:272][582]LogLoad: Game class is 'GameMode00_C'
[2017.08.04-02.10.10:278][582]LogWorld: Bringing World /Game/Levels/UEDPIE_0_level00.level00 up for play (max tick rate 0) at 2017.08.03-19.10.10
[2017.08.04-02.10.10:279][582]LogWorld: Bringing up level for play took: 0.004484
[2017.08.04-02.10.10:290][582]PIE: Info Play in editor start time for /Game/Levels/UEDPIE_0_level00 -0.824
[2017.08.04-02.12.58:278][900]BlueprintLog: New page: Compile b_protoman
[2017.08.04-02.12.59:323][925]LogTemp: Repeting last play command: New Editor Window (PIE)
[2017.08.04-02.12.59:351][925]LogPlayLevel: PlayLevel: No blueprints needed recompiling
[2017.08.04-02.12.59:352][925]PIE: New page: PIE session: level00 (Aug 3, 2017, 12:12:59 PM)
[2017.08.04-02.12.59:352][925]LogPlayLevel: Creating play world package: /Game/Levels/UEDPIE_0_level00
[2017.08.04-02.12.59:360][925]LogPlayLevel: PIE: StaticDuplicateObject took: (0.008296s)
[2017.08.04-02.12.59:361][925]LogAIModule: Creating AISystem for world level00
[2017.08.04-02.12.59:361][925]LogPlayLevel: PIE: World Init took: (0.000916s)
[2017.08.04-02.12.59:361][925]LogPlayLevel: PIE: Created PIE world by copying editor world from /Game/Levels/level00.level00 to /Game/Levels/UEDPIE_0_level00.level00 (0.009511s)
[2017.08.04-02.12.59:378][925]LogInit: XAudio2 using 'Speakers (Conexant SmartAudio HD)' : 2 channels at 48 kHz using 32 bits per sample (channel mask 0x3)
[2017.08.04-02.12.59:394][925]LogInit: FAudioDevice initialized.
[2017.08.04-02.12.59:447][925]LogLoad: Game class is 'GameMode00_C'
[2017.08.04-02.12.59:453][925]LogWorld: Bringing World /Game/Levels/UEDPIE_0_level00.level00 up for play (max tick rate 0) at 2017.08.03-19.12.59
[2017.08.04-02.12.59:454][925]LogWorld: Bringing up level for play took: 0.005080
[2017.08.04-02.12.59:466][925]PIE: Info Play in editor start time for /Game/Levels/UEDPIE_0_level00 0.352
[2017.08.04-02.14.02:261][542]LogSlate: Took 0.000297 seconds to synchronously load lazily loaded font '../../../Engine/Content/Slate/Fonts/Roboto-Light.ttf' (159K)
[2017.08.04-02.14.11:300][994]LogFileHelpers: Editor autosave (incl. sublevels) for '/Game/Levels/level00' took 0.023
[2017.08.04-02.14.11:310][994]OBJ SavePackage: Generating thumbnails for [0] asset(s) in package [/Game/Blueprints/Characters/Protoman/b_protoman] ([1] browsable assets)...
[2017.08.04-02.14.11:310][994]OBJ SavePackage: Finished generating thumbnails for package [/Game/Blueprints/Characters/Protoman/b_protoman]
[2017.08.04-02.14.11:509][994]LogSavePackage: Save=163.00ms
[2017.08.04-02.14.11:509][994]LogSavePackage: Moving '../../../../../../Users/nixin/Documents/Unreal Projects/MegaPlus_G/Saved/b_protoman_Auto149E554044B554F9089BDA1BAA9047730.tmp' to '../../../../../../Users/nixin/Documents/Unreal Projects/MegaPlus_G/Saved/Autosaves/Game/Blueprints/Characters/Protoman/b_protoman_Auto1.uasset'
[2017.08.04-02.14.11:512][994]LogSavePackage:Display: Finished SavePackage ../../../../../../Users/nixin/Documents/Unreal Projects/MegaPlus_G/Saved/Autosaves/Game/Blueprints/Characters/Protoman/b_protoman_Auto1.uasset
[2017.08.04-02.14.11:512][994]LogFileHelpers: Auto-saving content packages took 0.211
[2017.08.04-02.14.22:298][502]BlueprintLog: New page: Compile b_protoman
[2017.08.04-02.14.23:535][536]LogTemp: Repeting last play command: New Editor Window (PIE)
[2017.08.04-02.14.23:562][536]LogPlayLevel: PlayLevel: No blueprints needed recompiling
[2017.08.04-02.14.23:563][536]PIE: New page: PIE session: level00 (Aug 3, 2017, 12:14:23 PM)
[2017.08.04-02.14.23:563][536]LogPlayLevel: Creating play world package: /Game/Levels/UEDPIE_0_level00
[2017.08.04-02.14.23:572][536]LogPlayLevel: PIE: StaticDuplicateObject took: (0.009027s)
[2017.08.04-02.14.23:572][536]LogAIModule: Creating AISystem for world level00
[2017.08.04-02.14.23:573][536]LogPlayLevel: PIE: World Init took: (0.000925s)
[2017.08.04-02.14.23:573][536]LogPlayLevel: PIE: Created PIE world by copying editor world from /Game/Levels/level00.level00 to /Game/Levels/UEDPIE_0_level00.level00 (0.010253s)
[2017.08.04-02.14.23:590][536]LogInit: XAudio2 using 'Speakers (Conexant SmartAudio HD)' : 2 channels at 48 kHz using 32 bits per sample (channel mask 0x3)
[2017.08.04-02.14.23:606][536]LogInit: FAudioDevice initialized.
[2017.08.04-02.14.23:660][536]LogLoad: Game class is 'GameMode00_C'
[2017.08.04-02.14.23:666][536]LogWorld: Bringing World /Game/Levels/UEDPIE_0_level00.level00 up for play (max tick rate 0) at 2017.08.03-19.14.23
[2017.08.04-02.14.23:667][536]LogWorld: Bringing up level for play took: 0.004608
[2017.08.04-02.14.23:679][536]PIE: Info Play in editor start time for /Game/Levels/UEDPIE_0_level00 0.565
[2017.08.04-02.22.12:866][261]BlueprintLog: New page: Compile b_protoman
[2017.08.04-02.22.14:379][304]LogTemp: Repeting last play command: New Editor Window (PIE)
[2017.08.04-02.22.14:402][304]LogPlayLevel: PlayLevel: No blueprints needed recompiling
[2017.08.04-02.22.14:402][304]PIE: New page: PIE session: level00 (Aug 3, 2017, 12:22:14 PM)
[2017.08.04-02.22.14:402][304]LogPlayLevel: Creating play world package: /Game/Levels/UEDPIE_0_level00
[2017.08.04-02.22.14:410][304]LogPlayLevel: PIE: StaticDuplicateObject took: (0.008421s)
[2017.08.04-02.22.14:411][304]LogAIModule: Creating AISystem for world level00
[2017.08.04-02.22.14:411][304]LogPlayLevel: PIE: World Init took: (0.001203s)
[2017.08.04-02.22.14:412][304]LogPlayLevel: PIE: Created PIE world by copying editor world from /Game/Levels/level00.level00 to /Game/Levels/UEDPIE_0_level00.level00 (0.009944s)
[2017.08.04-02.22.14:429][304]LogInit: XAudio2 using 'Speakers (Conexant SmartAudio HD)' : 2 channels at 48 kHz using 32 bits per sample (channel mask 0x3)
[2017.08.04-02.22.14:447][304]LogInit: FAudioDevice initialized.
[2017.08.04-02.22.14:499][304]LogLoad: Game class is 'GameMode00_C'
[2017.08.04-02.22.14:505][304]LogWorld: Bringing World /Game/Levels/UEDPIE_0_level00.level00 up for play (max tick rate 0) at 2017.08.03-19.22.14
[2017.08.04-02.22.14:506][304]LogWorld: Bringing up level for play took: 0.005280
[2017.08.04-02.22.14:516][304]PIE: Info Play in editor start time for /Game/Levels/UEDPIE_0_level00 -0.598
[2017.08.04-02.22.42:294][466]LogTemp: Repeting last play command: New Editor Window (PIE)
[2017.08.04-02.22.42:324][466]LogPlayLevel: PlayLevel: No blueprints needed recompiling
[2017.08.04-02.22.42:325][466]PIE: New page: PIE session: level00 (Aug 3, 2017, 12:22:42 PM)
[2017.08.04-02.22.42:325][466]LogPlayLevel: Creating play world package: /Game/Levels/UEDPIE_0_level00
[2017.08.04-02.22.42:335][466]LogPlayLevel: PIE: StaticDuplicateObject took: (0.010022s)
[2017.08.04-02.22.42:336][466]LogAIModule: Creating AISystem for world level00
[2017.08.04-02.22.42:336][466]LogPlayLevel: PIE: World Init took: (0.001003s)
[2017.08.04-02.22.42:336][466]LogPlayLevel: PIE: Created PIE world by copying editor world from /Game/Levels/level00.level00 to /Game/Levels/UEDPIE_0_level00.level00 (0.011331s)
[2017.08.04-02.22.42:352][466]LogInit: XAudio2 using 'Speakers (Conexant SmartAudio HD)' : 2 channels at 48 kHz using 32 bits per sample (channel mask 0x3)
[2017.08.04-02.22.42:367][466]LogInit: FAudioDevice initialized.
[2017.08.04-02.22.42:419][466]LogLoad: Game class is 'GameMode00_C'
[2017.08.04-02.22.42:425][466]LogWorld: Bringing World /Game/Levels/UEDPIE_0_level00.level00 up for play (max tick rate 0) at 2017.08.03-19.22.42
[2017.08.04-02.22.42:426][466]LogWorld: Bringing up level for play took: 0.004752
[2017.08.04-02.22.42:435][466]PIE: Info Play in editor start time for /Game/Levels/UEDPIE_0_level00 -0.679
[2017.08.04-02.25.08:402][893]LogRenderer: Reallocating scene render targets to support 1528x800 NumSamples 1 (Frame:1).
[2017.08.04-02.25.25:309][384]LogRenderer: Reallocating scene render targets to support 1528x928 NumSamples 1 (Frame:1).
[2017.08.04-02.25.43:930][766]LogSavePackage: Save=29.76ms
[2017.08.04-02.25.43:930][766]LogSavePackage: Moving '../../../../../../Users/nixin/Documents/Unreal Projects/MegaPlus_G/Saved/Protoman_Sprite_1332F8315724C5FED02538C42ABE61A207D.tmp' to '../../../../../../Users/nixin/Documents/Unreal Projects/MegaPlus_G/Content/Sprites/Characters/Protoman/Protoman_Sprite_133.uasset'
[2017.08.04-02.25.43:942][766]LogSavePackage:Display: Finished SavePackage ../../../../../../Users/nixin/Documents/Unreal Projects/MegaPlus_G/Content/Sprites/Characters/Protoman/Protoman_Sprite_133.uasset
[2017.08.04-02.25.58:839][ 66]LogSavePackage: Save=29.28ms
[2017.08.04-02.25.58:839][ 66]LogSavePackage: Moving '../../../../../../Users/nixin/Documents/Unreal Projects/MegaPlus_G/Saved/Protoman_Sprite_13568A8EB884193E755CAACBFAEA965B0F8.tmp' to '../../../../../../Users/nixin/Documents/Unreal Projects/MegaPlus_G/Content/Sprites/Characters/Protoman/Protoman_Sprite_135.uasset'
[2017.08.04-02.25.58:848][ 66]LogSavePackage:Display: Finished SavePackage ../../../../../../Users/nixin/Documents/Unreal Projects/MegaPlus_G/Content/Sprites/Characters/Protoman/Protoman_Sprite_135.uasset
[2017.08.04-02.26.18:002][461]LogSavePackage: Save=29.66ms
[2017.08.04-02.26.18:002][461]LogSavePackage: Moving '../../../../../../Users/nixin/Documents/Unreal Projects/MegaPlus_G/Saved/Protoman_Sprite_137AFD6B9E3467D385B8AF4389FABA2DEE9.tmp' to '../../../../../../Users/nixin/Documents/Unreal Projects/MegaPlus_G/Content/Sprites/Characters/Protoman/Protoman_Sprite_137.uasset'
[2017.08.04-02.26.18:011][461]LogSavePackage:Display: Finished SavePackage ../../../../../../Users/nixin/Documents/Unreal Projects/MegaPlus_G/Content/Sprites/Characters/Protoman/Protoman_Sprite_137.uasset
[2017.08.04-02.26.22:102][566]LogTemp: Repeting last play command: New Editor Window (PIE)
[2017.08.04-02.26.22:176][566]LogPlayLevel: PlayLevel: No blueprints needed recompiling
[2017.08.04-02.26.22:176][566]PIE: New page: PIE session: level00 (Aug 3, 2017, 12:26:22 PM)
[2017.08.04-02.26.22:176][566]LogPlayLevel: Creating play world package: /Game/Levels/UEDPIE_0_level00
[2017.08.04-02.26.22:209][566]LogPlayLevel: PIE: StaticDuplicateObject took: (0.032430s)
[2017.08.04-02.26.22:211][566]LogAIModule: Creating AISystem for world level00
[2017.08.04-02.26.22:212][566]LogPlayLevel: PIE: World Init took: (0.003133s)
[2017.08.04-02.26.22:213][566]LogPlayLevel: PIE: Created PIE world by copying editor world from /Game/Levels/level00.level00 to /Game/Levels/UEDPIE_0_level00.level00 (0.036627s)
[2017.08.04-02.26.22:281][566]LogInit: XAudio2 using 'Speakers (Conexant SmartAudio HD)' : 2 channels at 48 kHz using 32 bits per sample (channel mask 0x3)
[2017.08.04-02.26.22:337][566]LogInit: FAudioDevice initialized.
[2017.08.04-02.26.22:413][566]LogLoad: Game class is 'GameMode00_C'
[2017.08.04-02.26.22:430][566]LogWorld: Bringing World /Game/Levels/UEDPIE_0_level00.level00 up for play (max tick rate 60) at 2017.08.03-19.26.22
[2017.08.04-02.26.22:432][566]LogWorld: Bringing up level for play took: 0.014688
[2017.08.04-02.26.22:450][566]PIE: Info Play in editor start time for /Game/Levels/UEDPIE_0_level00 -0.664
[2017.08.04-02.27.04:232][273]LogFileHelpers: Editor autosave (incl. sublevels) for '/Game/Levels/level00' took 0.046
[2017.08.04-02.27.04:235][273]OBJ SavePackage: Generating thumbnails for [0] asset(s) in package [/Game/Blueprints/Characters/Protoman/b_protoman] ([1] browsable assets)...
[2017.08.04-02.27.04:236][273]OBJ SavePackage: Finished generating thumbnails for package [/Game/Blueprints/Characters/Protoman/b_protoman]
[2017.08.04-02.27.04:876][273]LogSavePackage: Save=604.62ms
[2017.08.04-02.27.04:876][273]LogSavePackage: Moving '../../../../../../Users/nixin/Documents/Unreal Projects/MegaPlus_G/Saved/b_protoman_Auto20FF8D7CB45F5134B615E128056711212.tmp' to '../../../../../../Users/nixin/Documents/Unreal Projects/MegaPlus_G/Saved/Autosaves/Game/Blueprints/Characters/Protoman/b_protoman_Auto2.uasset'
[2017.08.04-02.27.04:880][273]LogSavePackage:Display: Finished SavePackage ../../../../../../Users/nixin/Documents/Unreal Projects/MegaPlus_G/Saved/Autosaves/Game/Blueprints/Characters/Protoman/b_protoman_Auto2.uasset
[2017.08.04-02.27.04:880][273]LogFileHelpers: Auto-saving content packages took 0.646
[2017.08.04-02.27.23:138][746]LogSavePackage: Save=31.04ms
[2017.08.04-02.27.23:138][746]LogSavePackage: Moving '../../../../../../Users/nixin/Documents/Unreal Projects/MegaPlus_G/Saved/Protoman_Sprite_137C755B3A840BA4D83BEAE23A56744084D.tmp' to '../../../../../../Users/nixin/Documents/Unreal Projects/MegaPlus_G/Content/Sprites/Characters/Protoman/Protoman_Sprite_137.uasset'
[2017.08.04-02.27.23:146][746]LogSavePackage:Display: Finished SavePackage ../../../../../../Users/nixin/Documents/Unreal Projects/MegaPlus_G/Content/Sprites/Characters/Protoman/Protoman_Sprite_137.uasset
[2017.08.04-02.28.01:442][725]LogSavePackage: Save=10.18ms
[2017.08.04-02.28.01:442][725]LogSavePackage: Moving '../../../../../../Users/nixin/Documents/Unreal Projects/MegaPlus_G/Saved/Protoman_Sprite_133B72F818F443D44DCCC4813BDE379D907.tmp' to '../../../../../../Users/nixin/Documents/Unreal Projects/MegaPlus_G/Content/Sprites/Characters/Protoman/Protoman_Sprite_133.uasset'
[2017.08.04-02.28.01:446][725]LogSavePackage:Display: Finished SavePackage ../../../../../../Users/nixin/Documents/Unreal Projects/MegaPlus_G/Content/Sprites/Characters/Protoman/Protoman_Sprite_133.uasset
[2017.08.04-02.28.05:051][840]LogTemp: Repeting last play command: New Editor Window (PIE)
[2017.08.04-02.28.05:111][840]LogPlayLevel: PlayLevel: No blueprints needed recompiling
[2017.08.04-02.28.05:111][840]PIE: New page: PIE session: level00 (Aug 3, 2017, 12:28:05 PM)
[2017.08.04-02.28.05:112][840]LogPlayLevel: Creating play world package: /Game/Levels/UEDPIE_0_level00
[2017.08.04-02.28.05:137][840]LogPlayLevel: PIE: StaticDuplicateObject took: (0.025636s)
[2017.08.04-02.28.05:139][840]LogAIModule: Creating AISystem for world level00
[2017.08.04-02.28.05:139][840]LogPlayLevel: PIE: World Init took: (0.001718s)
[2017.08.04-02.28.05:140][840]LogPlayLevel: PIE: Created PIE world by copying editor world from /Game/Levels/level00.level00 to /Game/Levels/UEDPIE_0_level00.level00 (0.028151s)
[2017.08.04-02.28.05:202][840]LogInit: XAudio2 using 'Speakers (Conexant SmartAudio HD)' : 2 channels at 48 kHz using 32 bits per sample (channel mask 0x3)
[2017.08.04-02.28.05:263][840]LogInit: FAudioDevice initialized.
[2017.08.04-02.28.05:341][840]LogLoad: Game class is 'GameMode00_C'
[2017.08.04-02.28.05:358][840]LogWorld: Bringing World /Game/Levels/UEDPIE_0_level00.level00 up for play (max tick rate 60) at 2017.08.03-19.28.05
[2017.08.04-02.28.05:360][840]LogWorld: Bringing up level for play took: 0.014194
[2017.08.04-02.28.05:377][840]PIE: Info Play in editor start time for /Game/Levels/UEDPIE_0_level00 0.263
[2017.08.04-02.28.44:856][ 75]LogSavePackage: Save=30.00ms
[2017.08.04-02.28.44:856][ 75]LogSavePackage: Moving '../../../../../../Users/nixin/Documents/Unreal Projects/MegaPlus_G/Saved/Protoman_Sprite_1339B9C4055479C4B4D74BEA1970FA3E945.tmp' to '../../../../../../Users/nixin/Documents/Unreal Projects/MegaPlus_G/Content/Sprites/Characters/Protoman/Protoman_Sprite_133.uasset'
[2017.08.04-02.28.44:864][ 75]LogSavePackage:Display: Finished SavePackage ../../../../../../Users/nixin/Documents/Unreal Projects/MegaPlus_G/Content/Sprites/Characters/Protoman/Protoman_Sprite_133.uasset
[2017.08.04-02.28.57:008][361]LogSavePackage: Save=9.47ms
[2017.08.04-02.28.57:008][361]LogSavePackage: Moving '../../../../../../Users/nixin/Documents/Unreal Projects/MegaPlus_G/Saved/Protoman_Sprite_135749A16D34AC5354A540857A74944F81D.tmp' to '../../../../../../Users/nixin/Documents/Unreal Projects/MegaPlus_G/Content/Sprites/Characters/Protoman/Protoman_Sprite_135.uasset'
[2017.08.04-02.28.57:011][361]LogSavePackage:Display: Finished SavePackage ../../../../../../Users/nixin/Documents/Unreal Projects/MegaPlus_G/Content/Sprites/Characters/Protoman/Protoman_Sprite_135.uasset
[2017.08.04-02.29.06:625][590]LogSavePackage: Save=30.17ms
[2017.08.04-02.29.06:625][590]LogSavePackage: Moving '../../../../../../Users/nixin/Documents/Unreal Projects/MegaPlus_G/Saved/Protoman_Sprite_1376E9FB80A48C95B526670A6AE21CA08B2.tmp' to '../../../../../../Users/nixin/Documents/Unreal Projects/MegaPlus_G/Content/Sprites/Characters/Protoman/Protoman_Sprite_137.uasset'
[2017.08.04-02.29.06:634][590]LogSavePackage:Display: Finished SavePackage ../../../../../../Users/nixin/Documents/Unreal Projects/MegaPlus_G/Content/Sprites/Characters/Protoman/Protoman_Sprite_137.uasset
[2017.08.04-02.29.09:905][695]LogTemp: Repeting last play command: New Editor Window (PIE)
[2017.08.04-02.29.09:967][695]LogPlayLevel: PlayLevel: No blueprints needed recompiling
[2017.08.04-02.29.09:968][695]PIE: New page: PIE session: level00 (Aug 3, 2017, 12:29:09 PM)
[2017.08.04-02.29.09:968][695]LogPlayLevel: Creating play world package: /Game/Levels/UEDPIE_0_level00
[2017.08.04-02.29.09:995][695]LogPlayLevel: PIE: StaticDuplicateObject took: (0.026756s)
[2017.08.04-02.29.09:996][695]LogAIModule: Creating AISystem for world level00
[2017.08.04-02.29.09:997][695]LogPlayLevel: PIE: World Init took: (0.001879s)
[2017.08.04-02.29.09:998][695]LogPlayLevel: PIE: Created PIE world by copying editor world from /Game/Levels/level00.level00 to /Game/Levels/UEDPIE_0_level00.level00 (0.029753s)
[2017.08.04-02.29.10:059][695]LogInit: XAudio2 using 'Speakers (Conexant SmartAudio HD)' : 2 channels at 48 kHz using 32 bits per sample (channel mask 0x3)
[2017.08.04-02.29.10:118][695]LogInit: FAudioDevice initialized.
[2017.08.04-02.29.10:196][695]LogLoad: Game class is 'GameMode00_C'
[2017.08.04-02.29.10:212][695]LogWorld: Bringing World /Game/Levels/UEDPIE_0_level00.level00 up for play (max tick rate 60) at 2017.08.03-19.29.10
[2017.08.04-02.29.10:214][695]LogWorld: Bringing up level for play took: 0.014357
[2017.08.04-02.29.10:232][695]PIE: Info Play in editor start time for /Game/Levels/UEDPIE_0_level00 1.117
[2017.08.04-02.29.32:432][328]LogSavePackage: Save=33.34ms
[2017.08.04-02.29.32:432][328]LogSavePackage: Moving '../../../../../../Users/nixin/Documents/Unreal Projects/MegaPlus_G/Saved/Protoman_Sprite_13772214ECB41B0D94004E400A84A7748E7.tmp' to '../../../../../../Users/nixin/Documents/Unreal Projects/MegaPlus_G/Content/Sprites/Characters/Protoman/Protoman_Sprite_137.uasset'
[2017.08.04-02.29.32:440][328]LogSavePackage:Display: Finished SavePackage ../../../../../../Users/nixin/Documents/Unreal Projects/MegaPlus_G/Content/Sprites/Characters/Protoman/Protoman_Sprite_137.uasset
[2017.08.04-02.29.47:564][708]LogSavePackage: Save=30.71ms
[2017.08.04-02.29.47:565][708]LogSavePackage: Moving '../../../../../../Users/nixin/Documents/Unreal Projects/MegaPlus_G/Saved/Protoman_Sprite_135E96E49DD483723AE44B9109386A77C3F.tmp' to '../../../../../../Users/nixin/Documents/Unreal Projects/MegaPlus_G/Content/Sprites/Characters/Protoman/Protoman_Sprite_135.uasset'
[2017.08.04-02.29.47:573][708]LogSavePackage:Display: Finished SavePackage ../../../../../../Users/nixin/Documents/Unreal Projects/MegaPlus_G/Content/Sprites/Characters/Protoman/Protoman_Sprite_135.uasset
[2017.08.04-02.29.57:840][930]LogSavePackage: Save=9.94ms
[2017.08.04-02.29.57:840][930]LogSavePackage: Moving '../../../../../../Users/nixin/Documents/Unreal Projects/MegaPlus_G/Saved/Protoman_Sprite_1339682393A4062F8A37A73ACB7DD7D596B.tmp' to '../../../../../../Users/nixin/Documents/Unreal Projects/MegaPlus_G/Content/Sprites/Characters/Protoman/Protoman_Sprite_133.uasset'
[2017.08.04-02.29.57:844][930]LogSavePackage:Display: Finished SavePackage ../../../../../../Users/nixin/Documents/Unreal Projects/MegaPlus_G/Content/Sprites/Characters/Protoman/Protoman_Sprite_133.uasset
[2017.08.04-02.30.01:686][ 55]LogTemp: Repeting last play command: New Editor Window (PIE)
[2017.08.04-02.30.01:747][ 55]LogPlayLevel: PlayLevel: No blueprints needed recompiling
[2017.08.04-02.30.01:747][ 55]PIE: New page: PIE session: level00 (Aug 3, 2017, 12:30:01 PM)
[2017.08.04-02.30.01:747][ 55]LogPlayLevel: Creating play world package: /Game/Levels/UEDPIE_0_level00
[2017.08.04-02.30.01:775][ 55]LogPlayLevel: PIE: StaticDuplicateObject took: (0.028049s)
[2017.08.04-02.30.01:777][ 55]LogAIModule: Creating AISystem for world level00
[2017.08.04-02.30.01:778][ 55]LogPlayLevel: PIE: World Init took: (0.002256s)
[2017.08.04-02.30.01:778][ 55]LogPlayLevel: PIE: Created PIE world by copying editor world from /Game/Levels/level00.level00 to /Game/Levels/UEDPIE_0_level00.level00 (0.031082s)
[2017.08.04-02.30.01:837][ 55]LogInit: XAudio2 using 'Speakers (Conexant SmartAudio HD)' : 2 channels at 48 kHz using 32 bits per sample (channel mask 0x3)
[2017.08.04-02.30.01:897][ 55]LogInit: FAudioDevice initialized.
[2017.08.04-02.30.01:980][ 55]LogLoad: Game class is 'GameMode00_C'
[2017.08.04-02.30.01:996][ 55]LogWorld: Bringing World /Game/Levels/UEDPIE_0_level00.level00 up for play (max tick rate 60) at 2017.08.03-19.30.01
[2017.08.04-02.30.01:998][ 55]LogWorld: Bringing up level for play took: 0.014174
[2017.08.04-02.30.02:015][ 55]PIE: Info Play in editor start time for /Game/Levels/UEDPIE_0_level00 0.901
[2017.08.04-02.31.01:229][836]LogSavePackage: Save=30.59ms
[2017.08.04-02.31.01:229][836]LogSavePackage: Moving '../../../../../../Users/nixin/Documents/Unreal Projects/MegaPlus_G/Saved/Protoman_Sprite_133A59F014340BE96CC271AFE926C0AE491.tmp' to '../../../../../../Users/nixin/Documents/Unreal Projects/MegaPlus_G/Content/Sprites/Characters/Protoman/Protoman_Sprite_133.uasset'
[2017.08.04-02.31.01:239][836]LogSavePackage:Display: Finished SavePackage ../../../../../../Users/nixin/Documents/Unreal Projects/MegaPlus_G/Content/Sprites/Characters/Protoman/Protoman_Sprite_133.uasset
[2017.08.04-02.31.20:841][323]LogSavePackage: Save=30.38ms
[2017.08.04-02.31.20:841][323]LogSavePackage: Moving '../../../../../../Users/nixin/Documents/Unreal Projects/MegaPlus_G/Saved/Protoman_Sprite_13534AECC7B47D02E75EEC82A9CF72A62BB.tmp' to '../../../../../../Users/nixin/Documents/Unreal Projects/MegaPlus_G/Content/Sprites/Characters/Protoman/Protoman_Sprite_135.uasset'
[2017.08.04-02.31.20:850][323]LogSavePackage:Display: Finished SavePackage ../../../../../../Users/nixin/Documents/Unreal Projects/MegaPlus_G/Content/Sprites/Characters/Protoman/Protoman_Sprite_135.uasset
[2017.08.04-02.31.32:031][576]LogSavePackage: Save=10.32ms
[2017.08.04-02.31.32:031][576]LogSavePackage: Moving '../../../../../../Users/nixin/Documents/Unreal Projects/MegaPlus_G/Saved/Protoman_Sprite_1371CB70AAB44BF5F2E090769A7E4E6A463.tmp' to '../../../../../../Users/nixin/Documents/Unreal Projects/MegaPlus_G/Content/Sprites/Characters/Protoman/Protoman_Sprite_137.uasset'
[2017.08.04-02.31.32:033][576]LogSavePackage:Display: Finished SavePackage ../../../../../../Users/nixin/Documents/Unreal Projects/MegaPlus_G/Content/Sprites/Characters/Protoman/Protoman_Sprite_137.uasset
[2017.08.04-02.32.48:199][484]LogEditorTransaction: Undo Modify Component(s)
[2017.08.04-02.34.44:492][ 61]BlueprintLog: New page: Compile b_protoman
[2017.08.04-02.34.46:232][ 77]LogTemp: Repeting last play command: New Editor Window (PIE)
[2017.08.04-02.34.46:298][ 77]LogPlayLevel: PlayLevel: No blueprints needed recompiling
[2017.08.04-02.34.46:299][ 77]PIE: New page: PIE session: level00 (Aug 3, 2017, 12:34:46 PM)
[2017.08.04-02.34.46:299][ 77]LogPlayLevel: Creating play world package: /Game/Levels/UEDPIE_0_level00
[2017.08.04-02.34.46:325][ 77]LogPlayLevel: PIE: StaticDuplicateObject took: (0.026039s)
[2017.08.04-02.34.46:326][ 77]LogAIModule: Creating AISystem for world level00
[2017.08.04-02.34.46:327][ 77]LogPlayLevel: PIE: World Init took: (0.001838s)
[2017.08.04-02.34.46:327][ 77]LogPlayLevel: PIE: Created PIE world by copying editor world from /Game/Levels/level00.level00 to /Game/Levels/UEDPIE_0_level00.level00 (0.028653s)
[2017.08.04-02.34.46:391][ 77]LogInit: XAudio2 using 'Speakers (Conexant SmartAudio HD)' : 2 channels at 48 kHz using 32 bits per sample (channel mask 0x3)
[2017.08.04-02.34.46:450][ 77]LogInit: FAudioDevice initialized.
[2017.08.04-02.34.46:541][ 77]LogLoad: Game class is 'GameMode00_C'
[2017.08.04-02.34.46:558][ 77]LogWorld: Bringing World /Game/Levels/UEDPIE_0_level00.level00 up for play (max tick rate 60) at 2017.08.03-19.34.46
[2017.08.04-02.34.46:560][ 77]LogWorld: Bringing up level for play took: 0.014756
[2017.08.04-02.34.46:579][ 77]PIE: Info Play in editor start time for /Game/Levels/UEDPIE_0_level00 -0.535
[2017.08.04-02.35.23:245][985]LogSavePackage: Save=609.00ms
[2017.08.04-02.35.23:245][985]LogSavePackage: Moving '../../../../../../Users/nixin/Documents/Unreal Projects/MegaPlus_G/Saved/b_protoman3A7A7EFA4A3FE4E88ED318A59E145C14.tmp' to '../../../../../../Users/nixin/Documents/Unreal Projects/MegaPlus_G/Content/Blueprints/Characters/Protoman/b_protoman.uasset'
[2017.08.04-02.35.23:254][985]LogSavePackage:Display: Finished SavePackage ../../../../../../Users/nixin/Documents/Unreal Projects/MegaPlus_G/Content/Blueprints/Characters/Protoman/b_protoman.uasset
[2017.08.04-02.35.23:541][985]LogWindowsTextInputMethodSystem:Display: IME system now deactivated.
[2017.08.04-02.35.23:762][986]Cmd: QUIT_EDITOR
[2017.08.04-02.35.24:172][986]LogExit: Preparing to exit.
[2017.08.04-02.35.25:012][986]LogDirectoryWatcher: A directory notification for 'C:/Users/nixin/Documents/Unreal Projects/MegaPlus_G/Content/' was aborted.
[2017.08.04-02.35.25:043][986]LogExit: Editor shut down
[2017.08.04-02.35.25:047][986]LogExit: Transaction tracking system shut down
[2017.08.04-02.35.25:139][986]LogObj: Freed 0b from 0 cluster array pools.
[2017.08.04-02.35.25:139][986]LogExit: Object subsystem successfully closed.
[2017.08.04-02.35.25:159][986]LogD3D11RHI: Shutdown
[2017.08.04-02.35.25:159][986]LogD3D11RHI: CleanupD3DDevice
[2017.08.04-02.35.25:260][986]LogD3D11RHI: ~FD3D11DynamicRHI
[2017.08.04-02.35.25:273][986]LogModuleManager: Shutting down and abandoning module MovieSceneCapture (530)
[2017.08.04-02.35.25:273][986]LogModuleManager: Shutting down and abandoning module BlueprintGraph (528)
[2017.08.04-02.35.25:273][986]LogModuleManager: Shutting down and abandoning module BlueprintProfiler (526)
[2017.08.04-02.35.25:273][986]LogModuleManager: Shutting down and abandoning module HierarchicalLODOutliner (524)
[2017.08.04-02.35.25:273][986]LogModuleManager: Shutting down and abandoning module CrashTracker (522)
[2017.08.04-02.35.25:273][986]LogModuleManager: Shutting down and abandoning module SceneOutliner (520)
[2017.08.04-02.35.25:273][986]LogModuleManager: Shutting down and abandoning module AddContentDialog (518)
[2017.08.04-02.35.25:273][986]LogDirectoryWatcher: A directory notification for 'C:/Program Files/Epic Games/UE_4.16/FeaturePacks/' was aborted.
[2017.08.04-02.35.25:274][986]LogModuleManager: Shutting down and abandoning module WidgetCarousel (517)
[2017.08.04-02.35.25:274][986]LogModuleManager: Shutting down and abandoning module EditorWidgets (514)
[2017.08.04-02.35.25:274][986]LogModuleManager: Shutting down and abandoning module CollectionManager (512)
[2017.08.04-02.35.25:274][986]LogDirectoryWatcher: A directory notification for 'C:/Users/nixin/Documents/Unreal Projects/MegaPlus_G/Content/Collections/' was aborted.
[2017.08.04-02.35.25:274][986]LogDirectoryWatcher: A directory notification for 'C:/Users/nixin/Documents/Unreal Projects/MegaPlus_G/Content/Developers/nixin/Collections/' was aborted.
[2017.08.04-02.35.25:274][986]LogDirectoryWatcher: A directory notification for 'C:/Users/nixin/Documents/Unreal Projects/MegaPlus_G/Saved/Collections/' was aborted.
[2017.08.04-02.35.25:274][986]LogModuleManager: Shutting down and abandoning module StatsViewer (510)
[2017.08.04-02.35.25:274][986]LogModuleManager: Shutting down and abandoning module FoliageEdit (508)
[2017.08.04-02.35.25:274][986]LogModuleManager: Shutting down and abandoning module LandscapeEditor (506)
[2017.08.04-02.35.25:274][986]LogModuleManager: Shutting down and abandoning module MeshPaintMode (504)
[2017.08.04-02.35.25:274][986]LogModuleManager: Shutting down and abandoning module SceneDepthPickerMode (502)
[2017.08.04-02.35.25:274][986]LogModuleManager: Shutting down and abandoning module ActorPickerMode (500)
[2017.08.04-02.35.25:274][986]LogModuleManager: Shutting down and abandoning module GeometryMode (498)
[2017.08.04-02.35.25:274][986]LogModuleManager: Shutting down and abandoning module TextureAlignMode (496)
[2017.08.04-02.35.25:274][986]LogModuleManager: Shutting down and abandoning module BspMode (494)
[2017.08.04-02.35.25:274][986]LogModuleManager: Shutting down and abandoning module HardwareSurvey (492)
[2017.08.04-02.35.25:274][986]LogModuleManager: Shutting down and abandoning module SequenceRecorderSections (490)
[2017.08.04-02.35.25:274][986]LogModuleManager: Shutting down and abandoning module AutomationWorker (488)
[2017.08.04-02.35.25:274][986]LogModuleManager: Shutting down and abandoning module MatineeToLevelSequence (486)
[2017.08.04-02.35.25:274][986]LogModuleManager: Shutting down and abandoning module LevelSequenceEditor (484)
[2017.08.04-02.35.25:274][986]LogModuleManager: Shutting down and abandoning module PlacementMode (483)
[2017.08.04-02.35.25:274][986]LogModuleManager: Shutting down and abandoning module WmfMediaFactory (480)
[2017.08.04-02.35.25:274][986]LogModuleManager: Shutting down and abandoning module WmfMediaEditor (478)
[2017.08.04-02.35.25:274][986]LogModuleManager: Shutting down and abandoning module AvfMediaFactory (476)
[2017.08.04-02.35.25:274][986]LogModuleManager: Shutting down and abandoning module AvfMediaEditor (474)
[2017.08.04-02.35.25:274][986]LogModuleManager: Shutting down and abandoning module AndroidMediaFactory (472)
[2017.08.04-02.35.25:274][986]LogModuleManager: Shutting down and abandoning module Media (471)
[2017.08.04-02.35.25:274][986]LogModuleManager: Shutting down and abandoning module AndroidMediaEditor (468)
[2017.08.04-02.35.25:274][986]LogModuleManager: Shutting down and abandoning module CharacterAI (466)
[2017.08.04-02.35.25:274][986]LogModuleManager: Shutting down and abandoning module AudioCapture (464)
[2017.08.04-02.35.25:274][986]LogModuleManager: Shutting down and abandoning module SequenceRecorder (463)
[2017.08.04-02.35.25:274][986]LogModuleManager: Shutting down and abandoning module SmartSnapping (460)
[2017.08.04-02.35.25:274][986]LogModuleManager: Shutting down and abandoning module SessionServices (458)
[2017.08.04-02.35.25:274][986]LogModuleManager: Shutting down and abandoning module ViewportSnapping (456)
[2017.08.04-02.35.25:274][986]LogModuleManager: Shutting down and abandoning module ViewportInteraction (454)
[2017.08.04-02.35.25:274][986]LogModuleManager: Shutting down and abandoning module ClothPainter (452)
[2017.08.04-02.35.25:274][986]LogModuleManager: Shutting down and abandoning module LogVisualizer (450)
[2017.08.04-02.35.25:274][986]LogModuleManager: Shutting down and abandoning module IntroTutorials (448)
[2017.08.04-02.35.25:274][986]LogModuleManager: Shutting down and abandoning module GameProjectGeneration (447)
[2017.08.04-02.35.25:274][986]LogModuleManager: Shutting down and abandoning module EditorLiveStreaming (444)
[2017.08.04-02.35.25:274][986]LogModuleManager: Shutting down and abandoning module IOSPlatformEditor (442)
[2017.08.04-02.35.25:275][986]LogModuleManager: Shutting down and abandoning module HTML5PlatformEditor (440)
[2017.08.04-02.35.25:275][986]LogModuleManager: Shutting down and abandoning module AndroidPlatformEditor (438)
[2017.08.04-02.35.25:275][986]LogModuleManager: Shutting down and abandoning module AndroidDeviceDetection (437)
[2017.08.04-02.35.26:270][986]LogModuleManager: Shutting down and abandoning module IOSRuntimeSettings (434)
[2017.08.04-02.35.26:270][986]LogModuleManager: Shutting down and abandoning module AndroidRuntimeSettings (432)
[2017.08.04-02.35.26:270][986]LogModuleManager: Shutting down and abandoning module InputBindingEditor (430)
[2017.08.04-02.35.26:270][986]LogModuleManager: Shutting down and abandoning module MergeActors (428)
[2017.08.04-02.35.26:270][986]LogModuleManager: Shutting down and abandoning module SizeMap (426)
[2017.08.04-02.35.26:270][986]LogModuleManager: Shutting down and abandoning module TreeMap (424)
[2017.08.04-02.35.26:270][986]LogModuleManager: Shutting down and abandoning module ReferenceViewer (422)
[2017.08.04-02.35.26:270][986]LogModuleManager: Shutting down and abandoning module LocalizationDashboard (420)
[2017.08.04-02.35.26:270][986]LogModuleManager: Shutting down and abandoning module LocalizationService (419)
[2017.08.04-02.35.26:270][986]LogModuleManager: Shutting down and abandoning module HardwareTargeting (416)
[2017.08.04-02.35.26:270][986]LogModuleManager: Shutting down and abandoning module DeviceProfileEditor (414)
[2017.08.04-02.35.26:270][986]LogModuleManager: Shutting down and abandoning module UndoHistory (412)
[2017.08.04-02.35.26:270][986]LogModuleManager: Shutting down and abandoning module UserFeedback (410)
[2017.08.04-02.35.26:270][986]LogModuleManager: Shutting down and abandoning module XmlParser (408)
[2017.08.04-02.35.26:270][986]LogModuleManager: Shutting down and abandoning module Blutility (406)
[2017.08.04-02.35.26:270][986]LogModuleManager: Shutting down and abandoning module ProjectSettingsViewer (404)
[2017.08.04-02.35.26:270][986]LogModuleManager: Shutting down and abandoning module ProjectTargetPlatformEditor (403)
[2017.08.04-02.35.26:271][986]LogModuleManager: Shutting down and abandoning module EditorSettingsViewer (400)
[2017.08.04-02.35.26:271][986]LogModuleManager: Shutting down and abandoning module SettingsEditor (398)
[2017.08.04-02.35.26:271][986]LogModuleManager: Shutting down and abandoning module ProjectLauncher (396)
[2017.08.04-02.35.26:271][986]LogModuleManager: Shutting down and abandoning module SessionFrontend (394)
[2017.08.04-02.35.26:271][986]LogModuleManager: Shutting down and abandoning module ProfilerClient (392)
[2017.08.04-02.35.26:271][986]LogModuleManager: Shutting down and abandoning module DeviceManager (390)
[2017.08.04-02.35.26:271][986]LogModuleManager: Shutting down and abandoning module TargetDeviceServices (389)
[2017.08.04-02.35.26:326][986]LogModuleManager: Shutting down and abandoning module AutomationController (386)
[2017.08.04-02.35.26:326][986]LogModuleManager: Shutting down and abandoning module AutomationWindow (384)
[2017.08.04-02.35.26:326][986]LogModuleManager: Shutting down and abandoning module Layers (382)
[2017.08.04-02.35.26:326][986]LogModuleManager: Shutting down and abandoning module ComponentVisualizers (380)
[2017.08.04-02.35.26:326][986]LogModuleManager: Shutting down and abandoning module DetailCustomizations (378)
[2017.08.04-02.35.26:326][986]LogModuleManager: Shutting down and abandoning module PackagesDialog (376)
[2017.08.04-02.35.26:327][986]LogModuleManager: Shutting down and abandoning module Persona (374)
[2017.08.04-02.35.26:327][986]LogModuleManager: Shutting down and abandoning module AdvancedPreviewScene (373)
[2017.08.04-02.35.26:327][986]LogModuleManager: Shutting down and abandoning module AnimGraph (371)
[2017.08.04-02.35.26:327][986]LogModuleManager: Shutting down and abandoning module Kismet (368)
[2017.08.04-02.35.26:344][986]LogModuleManager: Shutting down and abandoning module ClassViewer (366)
[2017.08.04-02.35.26:348][986]LogModuleManager: Shutting down and abandoning module Toolbox (364)
[2017.08.04-02.35.26:348][986]LogModuleManager: Shutting down and abandoning module ModuleUI (362)
[2017.08.04-02.35.26:348][986]LogModuleManager: Shutting down and abandoning module MovieSceneTools (360)
[2017.08.04-02.35.26:348][986]LogModuleManager: Shutting down and abandoning module OutputLog (358)
[2017.08.04-02.35.26:348][986]LogModuleManager: Shutting down and abandoning module GammaUI (356)
[2017.08.04-02.35.26:348][986]LogModuleManager: Shutting down and abandoning module Documentation (354)
[2017.08.04-02.35.26:348][986]LogModuleManager: Shutting down and abandoning module MovieSceneTracks (352)
[2017.08.04-02.35.26:348][986]LogModuleManager: Shutting down and abandoning module MovieScene (350)
[2017.08.04-02.35.26:348][986]LogModuleManager: Shutting down and abandoning module Niagara (348)
[2017.08.04-02.35.26:348][986]LogModuleManager: Shutting down and abandoning module NiagaraEditor (347)
[2017.08.04-02.35.26:348][986]LogModuleManager: Shutting down and abandoning module StreamingPauseRendering (344)
[2017.08.04-02.35.26:348][986]LogModuleManager: Shutting down and abandoning module AnalyticsET (342)
[2017.08.04-02.35.26:348][986]LogModuleManager: Shutting down and abandoning module PortalServices (340)
[2017.08.04-02.35.26:348][986]LogModuleManager: Shutting down and abandoning module PortalRpc (338)
[2017.08.04-02.35.26:348][986]LogModuleManager: Shutting down and abandoning module MessagingRpc (336)
[2017.08.04-02.35.26:348][986]LogModuleManager: Shutting down and abandoning module AIModule (334)
[2017.08.04-02.35.26:348][986]LogModuleManager: Shutting down and abandoning module GameplayDebugger (333)
[2017.08.04-02.35.26:348][986]LogModuleManager: Shutting down and abandoning module AITestSuite (331)
[2017.08.04-02.35.26:348][986]LogModuleManager: Shutting down and abandoning module ProfilerService (328)
[2017.08.04-02.35.26:511][986]LogModuleManager: Shutting down and abandoning module TaskGraph (326)
[2017.08.04-02.35.26:511][986]LogModuleManager: Shutting down and abandoning module SteamVRController (324)
[2017.08.04-02.35.26:511][986]LogModuleManager: Shutting down and abandoning module SteamVR (322)
[2017.08.04-02.35.26:511][986]LogModuleManager: Shutting down and abandoning module ProceduralMeshComponentEditor (320)
[2017.08.04-02.35.26:511][986]LogModuleManager: Shutting down and abandoning module ProceduralMeshComponent (318)
[2017.08.04-02.35.26:511][986]LogModuleManager: Shutting down and abandoning module OculusLibrary (316)
[2017.08.04-02.35.26:511][986]LogModuleManager: Shutting down and abandoning module OculusInput (314)
[2017.08.04-02.35.26:511][986]LogModuleManager: Shutting down and abandoning module MobilePatchingUtils (312)
[2017.08.04-02.35.26:511][986]LogModuleManager: Shutting down and abandoning module CustomMeshComponent (310)
[2017.08.04-02.35.26:511][986]LogModuleManager: Shutting down and abandoning module CableComponent (308)
[2017.08.04-02.35.26:511][986]LogModuleManager: Shutting down and abandoning module ArchVisCharacter (306)
[2017.08.04-02.35.26:511][986]LogModuleManager: Shutting down and abandoning module AndroidPermission (304)
[2017.08.04-02.35.26:511][986]LogModuleManager: Shutting down and abandoning module MediaPlayerEditor (300)
[2017.08.04-02.35.26:511][986]LogModuleManager: Shutting down and abandoning module HTML5Networking (298)
[2017.08.04-02.35.26:511][986]LogModuleManager: Shutting down and abandoning module AlembicImporter (296)
[2017.08.04-02.35.26:511][986]LogModuleManager: Shutting down and abandoning module AlembicLibrary (295)
[2017.08.04-02.35.26:511][986]LogModuleManager: Shutting down and abandoning module GeometryCache (294)
[2017.08.04-02.35.26:511][986]LogModuleManager: Shutting down and abandoning module GeometryCacheEd (293)
[2017.08.04-02.35.26:511][986]LogModuleManager: Shutting down and abandoning module SuperSearchEditor (288)
[2017.08.04-02.35.26:511][986]LogModuleManager: Shutting down and abandoning module SuperSearch (287)
[2017.08.04-02.35.26:511][986]LogModuleManager: Shutting down and abandoning module SpeedTreeImporter (284)
[2017.08.04-02.35.26:511][986]LogModuleManager: Shutting down and abandoning module PluginBrowser (282)
[2017.08.04-02.35.26:511][986]LogModuleManager: Shutting down and abandoning module MobileLauncherProfileWizard (280)
[2017.08.04-02.35.26:511][986]LogModuleManager: Shutting down and abandoning module VisualStudioSourceCodeAccess (278)
[2017.08.04-02.35.26:511][986]LogModuleManager: Shutting down and abandoning module DesktopPlatform (277)
[2017.08.04-02.35.26:511][986]LogModuleManager: Shutting down and abandoning module UObjectPlugin (274)
[2017.08.04-02.35.26:511][986]LogModuleManager: Shutting down and abandoning module SubversionSourceControl (272)
[2017.08.04-02.35.26:511][986]LogModuleManager: Shutting down and abandoning module PerforceSourceControl (270)
[2017.08.04-02.35.26:512][986]LogModuleManager: Shutting down and abandoning module GitSourceControl (268)
[2017.08.04-02.35.26:512][986]LogModuleManager: Shutting down and abandoning module SourceControl (267)
[2017.08.04-02.35.26:512][986]LogModuleManager: Shutting down and abandoning module LightPropagationVolumeEditor (264)
[2017.08.04-02.35.26:512][986]LogModuleManager: Shutting down and abandoning module PaperTiledImporter (262)
[2017.08.04-02.35.26:512][986]LogModuleManager: Shutting down and abandoning module PaperSpriteSheetImporter (260)
[2017.08.04-02.35.26:512][986]LogModuleManager: Shutting down and abandoning module Paper2DEditor (258)
[2017.08.04-02.35.26:512][986]LogModuleManager: Shutting down and abandoning module MeshPaint (257)
[2017.08.04-02.35.26:512][986]LogModuleManager: Shutting down and abandoning module LevelEditor (255)
[2017.08.04-02.35.26:513][986]LogModuleManager: Shutting down and abandoning module PixelInspectorModule (254)
[2017.08.04-02.35.26:513][986]LogModuleManager: Shutting down and abandoning module MainFrame (252)
[2017.08.04-02.35.26:513][986]LogModuleManager: Shutting down and abandoning module HotReload (251)
[2017.08.04-02.35.26:513][986]LogModuleManager: Shutting down and abandoning module PhysXVehiclesEditor (246)
[2017.08.04-02.35.26:513][986]LogModuleManager: Shutting down and abandoning module PhysXVehicles (244)
[2017.08.04-02.35.26:513][986]LogModuleManager: Shutting down and abandoning module LocationServicesBPLibrary (242)
[2017.08.04-02.35.26:513][986]LogModuleManager: Shutting down and abandoning module ImmediatePhysicsEditor (240)
[2017.08.04-02.35.26:513][986]LogModuleManager: Shutting down and abandoning module ImmediatePhysics (238)
[2017.08.04-02.35.26:513][986]LogModuleManager: Shutting down and abandoning module UdpMessaging (236)
[2017.08.04-02.35.26:614][986]LogModuleManager: Shutting down and abandoning module TcpMessaging (234)
[2017.08.04-02.35.26:715][986]LogModuleManager: Shutting down and abandoning module GameplayTagsEditor (232)
[2017.08.04-02.35.26:715][986]LogModuleManager: Shutting down and abandoning module FacialAnimationEditor (230)
[2017.08.04-02.35.26:715][986]LogModuleManager: Shutting down and abandoning module FacialAnimation (228)
[2017.08.04-02.35.26:715][986]LogModuleManager: Shutting down and abandoning module AssetManagerEditor (226)
[2017.08.04-02.35.26:715][986]LogModuleManager: Shutting down and abandoning module GraphEditor (225)
[2017.08.04-02.35.26:715][986]LogModuleManager: Shutting down and abandoning module ContentBrowser (223)
[2017.08.04-02.35.26:717][986]LogModuleManager: Shutting down and abandoning module LightPropagationVolumeRuntime (220)
[2017.08.04-02.35.26:717][986]LogModuleManager: Shutting down and abandoning module Paper2D (218)
[2017.08.04-02.35.26:717][986]LogModuleManager: Shutting down and abandoning module WindowsMoviePlayer (216)
[2017.08.04-02.35.26:717][986]LogModuleManager: Shutting down and abandoning module WmfMedia (214)
[2017.08.04-02.35.26:718][986]LogModuleManager: Shutting down and abandoning module ClothingSystemEditor (212)
[2017.08.04-02.35.26:718][986]LogModuleManager: Shutting down and abandoning module ClothingSystemRuntime (210)
[2017.08.04-02.35.26:718][986]LogModuleManager: Shutting down and abandoning module MediaAssets (208)
[2017.08.04-02.35.26:718][986]LogModuleManager: Shutting down and abandoning module GameLiveStreaming (206)
[2017.08.04-02.35.26:718][986]LogModuleManager: Shutting down and abandoning module VREditor (204)
[2017.08.04-02.35.26:718][986]LogModuleManager: Shutting down and abandoning module StringTableEditor (202)
[2017.08.04-02.35.26:718][986]LogModuleManager: Shutting down and abandoning module GameplayTasksEditor (200)
[2017.08.04-02.35.26:718][986]LogModuleManager: Shutting down and abandoning module BehaviorTreeEditor (198)
[2017.08.04-02.35.26:718][986]LogModuleManager: Shutting down and abandoning module FunctionalTesting (196)
[2017.08.04-02.35.26:718][986]LogModuleManager: Shutting down and abandoning module CollisionAnalyzer (194)
[2017.08.04-02.35.26:718][986]LogModuleManager: Shutting down and abandoning module UMG (192)
[2017.08.04-02.35.26:718][986]LogModuleManager: Shutting down and abandoning module UMGEditor (191)
[2017.08.04-02.35.26:718][986]LogModuleManager: Shutting down and abandoning module Sequencer (190)
[2017.08.04-02.35.26:718][986]LogModuleManager: Shutting down and abandoning module AssetTools (188)
[2017.08.04-02.35.26:718][986]LogModuleManager: Shutting down and abandoning module MessageLog (187)
[2017.08.04-02.35.26:718][986]LogModuleManager: Shutting down and abandoning module WorkspaceMenuStructure (186)
[2017.08.04-02.35.26:718][986]LogModuleManager: Shutting down and abandoning module SlateReflector (180)
[2017.08.04-02.35.26:718][986]LogModuleManager: Shutting down and abandoning module Slate (178)
[2017.08.04-02.35.26:718][986]LogModuleManager: Shutting down and abandoning module EditorStyle (176)
[2017.08.04-02.35.26:725][986]LogModuleManager: Shutting down and abandoning module SourceCodeAccess (174)
[2017.08.04-02.35.26:725][986]LogModuleManager: Shutting down and abandoning module HeadMountedDisplay (172)
[2017.08.04-02.35.26:725][986]LogModuleManager: Shutting down and abandoning module XAudio2 (170)
[2017.08.04-02.35.26:725][986]LogModuleManager: Shutting down and abandoning module Networking (168)
[2017.08.04-02.35.26:725][986]LogModuleManager: Shutting down and abandoning module Core (164)
[2017.08.04-02.35.26:725][986]LogModuleManager: Shutting down and abandoning module AssetRegistry (162)
[2017.08.04-02.35.26:964][986]LogDirectoryWatcher: A directory notification for '../../../Engine/Content/' was aborted.
[2017.08.04-02.35.26:964][986]LogDirectoryWatcher: A directory notification for '../../../../../../Users/nixin/Documents/Unreal Projects/MegaPlus_G/Content/' was aborted.
[2017.08.04-02.35.26:964][986]LogDirectoryWatcher: A directory notification for '../../../Engine/Plugins/2D/Paper2D/Content/' was aborted.
[2017.08.04-02.35.26:964][986]LogDirectoryWatcher: A directory notification for '../../../Engine/Plugins/Runtime/GearVR/Content/' was aborted.
[2017.08.04-02.35.26:967][986]LogModuleManager: Shutting down and abandoning module DirectoryWatcher (161)
[2017.08.04-02.35.26:968][986]LogModuleManager: Shutting down and abandoning module KismetCompiler (158)
[2017.08.04-02.35.26:968][986]LogModuleManager: Shutting down and abandoning module LevelSequence (156)
[2017.08.04-02.35.26:968][986]LogModuleManager: Shutting down and abandoning module PhysXFormats (154)
[2017.08.04-02.35.26:968][986]LogModuleManager: Shutting down and abandoning module MeshUtilities (152)
[2017.08.04-02.35.26:968][986]LogModuleManager: Shutting down and abandoning module SimplygonSwarm (151)
[2017.08.04-02.35.26:968][986]LogModuleManager: Shutting down and abandoning module SimplygonMeshReduction (149)
[2017.08.04-02.35.26:968][986]LogModuleManager: Shutting down and abandoning module QuadricMeshReduction (147)
[2017.08.04-02.35.26:968][986]LogModuleManager: Shutting down and abandoning module DerivedDataCache (144)
[2017.08.04-02.35.26:976][986]LogDerivedDataCache: Shutdown
[2017.08.04-02.35.26:976][986]LogModuleManager: Shutting down and abandoning module TargetPlatform (142)
[2017.08.04-02.35.26:976][986]LogModuleManager: Shutting down and abandoning module VulkanShaderFormat (141)
[2017.08.04-02.35.26:976][986]LogModuleManager: Shutting down and abandoning module ShaderFormatVectorVM (139)
[2017.08.04-02.35.26:976][986]LogModuleManager: Shutting down and abandoning module ShaderFormatOpenGL (137)
[2017.08.04-02.35.26:976][986]LogModuleManager: Shutting down and abandoning module ShaderFormatD3D (135)
[2017.08.04-02.35.26:976][986]LogModuleManager: Shutting down and abandoning module MetalShaderFormat (133)
[2017.08.04-02.35.26:976][986]LogModuleManager: Shutting down and abandoning module TextureFormatUncompressed (131)
[2017.08.04-02.35.26:977][986]LogModuleManager: Shutting down and abandoning module TextureFormatPVR (129)
[2017.08.04-02.35.26:977][986]LogModuleManager: Shutting down and abandoning module TextureFormatDXT (127)
[2017.08.04-02.35.26:977][986]LogModuleManager: Shutting down and abandoning module TextureFormatIntelISPCTexComp (125)
[2017.08.04-02.35.26:977][986]LogModuleManager: Shutting down and abandoning module TextureFormatASTC (123)
[2017.08.04-02.35.26:977][986]LogModuleManager: Shutting down and abandoning module ImageWrapper (122)
[2017.08.04-02.35.26:977][986]LogModuleManager: Shutting down and abandoning module TextureFormatAndroid (119)
[2017.08.04-02.35.26:977][986]LogModuleManager: Shutting down and abandoning module AudioFormatOpus (117)
[2017.08.04-02.35.26:977][986]LogModuleManager: Shutting down and abandoning module AudioFormatOgg (115)
[2017.08.04-02.35.26:977][986]LogModuleManager: Shutting down and abandoning module AudioFormatADPCM (113)
[2017.08.04-02.35.26:977][986]LogModuleManager: Shutting down and abandoning module LinuxTargetPlatform (111)
[2017.08.04-02.35.26:977][986]LogModuleManager: Shutting down and abandoning module LinuxServerTargetPlatform (109)
[2017.08.04-02.35.26:977][986]LogModuleManager: Shutting down and abandoning module LinuxNoEditorTargetPlatform (107)
[2017.08.04-02.35.26:977][986]LogModuleManager: Shutting down and abandoning module LinuxClientTargetPlatform (105)
[2017.08.04-02.35.26:977][986]LogModuleManager: Shutting down and abandoning module TVOSTargetPlatform (103)
[2017.08.04-02.35.26:977][986]LogModuleManager: Shutting down and abandoning module Messaging (101)
[2017.08.04-02.35.26:977][986]LogModuleManager: Shutting down and abandoning module IOSTargetPlatform (99)
[2017.08.04-02.35.26:977][986]LogModuleManager: Shutting down and abandoning module HTML5TargetPlatform (97)
[2017.08.04-02.35.26:977][986]LogModuleManager: Shutting down and abandoning module Android_PVRTCTargetPlatform (95)
[2017.08.04-02.35.26:977][986]LogModuleManager: Shutting down and abandoning module Android_MultiTargetPlatform (93)
[2017.08.04-02.35.26:977][986]LogModuleManager: Shutting down and abandoning module Android_ETC2TargetPlatform (91)
[2017.08.04-02.35.26:977][986]LogModuleManager: Shutting down and abandoning module Android_ETC1TargetPlatform (89)
[2017.08.04-02.35.26:977][986]LogModuleManager: Shutting down and abandoning module Android_DXTTargetPlatform (87)
[2017.08.04-02.35.26:977][986]LogModuleManager: Shutting down and abandoning module Android_ATCTargetPlatform (85)
[2017.08.04-02.35.26:977][986]LogModuleManager: Shutting down and abandoning module Android_ASTCTargetPlatform (83)
[2017.08.04-02.35.26:977][986]LogModuleManager: Shutting down and abandoning module AndroidTargetPlatform (81)
[2017.08.04-02.35.26:977][986]LogModuleManager: Shutting down and abandoning module WindowsTargetPlatform (79)
[2017.08.04-02.35.26:977][986]LogModuleManager: Shutting down and abandoning module WindowsServerTargetPlatform (77)
[2017.08.04-02.35.26:977][986]LogModuleManager: Shutting down and abandoning module WindowsNoEditorTargetPlatform (75)
[2017.08.04-02.35.26:977][986]LogModuleManager: Shutting down and abandoning module WindowsClientTargetPlatform (73)
[2017.08.04-02.35.26:977][986]LogModuleManager: Shutting down and abandoning module MacTargetPlatform (71)
[2017.08.04-02.35.26:977][986]LogModuleManager: Shutting down and abandoning module MacServerTargetPlatform (69)
[2017.08.04-02.35.26:977][986]LogModuleManager: Shutting down and abandoning module MacNoEditorTargetPlatform (67)
[2017.08.04-02.35.26:977][986]LogModuleManager: Shutting down and abandoning module MacClientTargetPlatform (65)
[2017.08.04-02.35.26:977][986]LogModuleManager: Shutting down and abandoning module AllDesktopTargetPlatform (63)
[2017.08.04-02.35.26:977][986]LogModuleManager: Shutting down and abandoning module InputCore (60)
[2017.08.04-02.35.26:977][986]LogModuleManager: Shutting down and abandoning module Settings (58)
[2017.08.04-02.35.26:977][986]LogModuleManager: Shutting down and abandoning module OculusRift (56)
[2017.08.04-02.35.26:977][986]LogModuleManager: Shutting down and abandoning module GearVRController (54)
[2017.08.04-02.35.26:977][986]LogModuleManager: Shutting down and abandoning module GearVR (52)
[2017.08.04-02.35.26:977][986]LogModuleManager: Shutting down and abandoning module ExampleDeviceProfileSelector (50)
[2017.08.04-02.35.26:977][986]LogModuleManager: Shutting down and abandoning module OnlineBlueprintSupport (48)
[2017.08.04-02.35.26:977][986]LogModuleManager: Shutting down and abandoning module OnlineSubsystem (44)
[2017.08.04-02.35.26:977][986]LogOnline:Display: Unloading online subsystem: NULL
[2017.08.04-02.35.26:977][986]LogModuleManager: Shutting down and abandoning module XMPP (43)
[2017.08.04-02.35.26:977][986]LogModuleManager: Shutting down and abandoning module HTTP (41)
[2017.08.04-02.35.26:977][986]LogHttp:Display: Http module shutting down, but needs to wait on 1 outstanding Http requests:
[2017.08.04-02.35.26:977][986]LogHttp:Display: 	verb=[POST] url=[https://datarouter.ol.epicgames.com/datarouter/api/v1/public/data?SessionID=%7BAC308D6D-4334-B2D9-B2AA-15BFB0EF154D%7D&AppID=UEEditor.Rocket.Release&AppVersion=4.16.3-3561208%2B%2B%2BUE4%2BRelease-4.16&UserID=eb90d6754df671c3a1ba57b8f8c69a72%7C68112c2ad8fc43339402d1035c00fda8%7C8b68b959-aea7-4d15-b96e-7394709602d8&AppEnvironment=datacollector-binary&UploadType=eteventstream] status=Processing
[2017.08.04-02.35.27:007][986]LogModuleManager: Shutting down and abandoning module SSL (40)
[2017.08.04-02.35.27:011][986]LogModuleManager: Shutting down and abandoning module HTTPChunkInstaller (36)
[2017.08.04-02.35.27:011][986]LogModuleManager: Shutting down and abandoning module AnimationModifiers (34)
[2017.08.04-02.35.27:011][986]LogModuleManager: Shutting down and abandoning module PropertyEditor (33)
[2017.08.04-02.35.27:011][986]LogModuleManager: Shutting down and abandoning module AudioEditor (30)
[2017.08.04-02.35.27:011][986]LogModuleManager: Shutting down and abandoning module TextureCompressor (28)
[2017.08.04-02.35.27:011][986]LogModuleManager: Shutting down and abandoning module ShaderCore (26)
[2017.08.04-02.35.27:011][986]LogModuleManager: Shutting down and abandoning module Landscape (24)
[2017.08.04-02.35.27:011][986]LogModuleManager: Shutting down and abandoning module SlateRHIRenderer (22)
[2017.08.04-02.35.27:014][986]LogModuleManager: Shutting down and abandoning module OpenGLDrv (20)
[2017.08.04-02.35.27:014][986]LogModuleManager: Shutting down and abandoning module D3D11RHI (18)
[2017.08.04-02.35.27:014][986]LogModuleManager: Shutting down and abandoning module AnimGraphRuntime (16)
[2017.08.04-02.35.27:014][986]LogModuleManager: Shutting down and abandoning module Renderer (14)
[2017.08.04-02.35.27:014][986]LogModuleManager: Shutting down and abandoning module Engine (12)
[2017.08.04-02.35.27:014][986]LogModuleManager: Shutting down and abandoning module CoreUObject (10)
[2017.08.04-02.35.27:014][986]LogModuleManager: Shutting down and abandoning module NetworkFile (8)
[2017.08.04-02.35.27:014][986]LogModuleManager: Shutting down and abandoning module StreamingFile (6)
[2017.08.04-02.35.27:014][986]LogModuleManager: Shutting down and abandoning module SandboxFile (4)
[2017.08.04-02.35.27:014][986]LogModuleManager: Shutting down and abandoning module PakFile (2)
[2017.08.04-02.35.27:018][986]LogExit: Exiting.
[2017.08.04-02.35.27:056][986]Log file closed, 08/03/17 19:35:27
