Log file open, 08/03/17 20:26:31
LogInit:Display: Running engine for game: MegaPlus_G
LogPlatformFile: Not using cached read wrapper
LogInit:Display: RandInit(-1770866787) SRandInit(-1770866786).
LogTaskGraph: Started task graph with 5 named threads and 8 total threads with 1 sets of task threads.
LogStats: Stats thread started at 0.110485
LogInit: Using libcurl 7.47.1
LogInit:  - built for x86_64-pc-win32
LogInit:  - supports SSL with OpenSSL/1.0.2g
LogInit:  - supports HTTP deflate (compression) using libz 1.2.8
LogInit:  - other features:
LogInit:      CURL_VERSION_SSL
LogInit:      CURL_VERSION_LIBZ
LogInit:      CURL_VERSION_IPV6
LogInit:      CURL_VERSION_ASYNCHDNS
LogInit:      CURL_VERSION_LARGEFILE
LogInit:      CURL_VERSION_IDN
LogInit:  CurlRequestOptions (configurable via config and command line):
LogInit:  - bVerifyPeer = false  - Libcurl will NOT verify peer certificate
LogInit:  - bUseHttpProxy = false  - Libcurl will NOT use HTTP proxy
LogInit:  - bDontReuseConnections = false  - Libcurl will reuse connections
LogInit:  - CertBundlePath = nullptr  - Libcurl will use whatever was configured at build time.
LogInit: Build: ++UE4+Release-4.16-CL-3561208
LogInit: Engine Version: 4.16.3-3561208+++UE4+Release-4.16
LogInit: Compatible Engine Version: 4.16.0-3452394+++UE4+Release-4.16
LogInit: Net CL: 3452394
LogDevObjectVersion: Number of dev versions registered: 16
LogDevObjectVersion:   Dev-Blueprints (B0D832E4-1F89-4F0D-ACCF-7EB736FD4AA2): 9
LogDevObjectVersion:   Dev-Build (E1C64328-A22C-4D53-A36C-8E866417BD8C): 0
LogDevObjectVersion:   Dev-Core (375EC13C-06E4-48FB-B500-84F0262A717E): 2
LogDevObjectVersion:   Dev-Editor (E4B068ED-F494-42E9-A231-DA0B2E46BB41): 17
LogDevObjectVersion:   Dev-Framework (CFFC743F-43B0-4480-9391-14DF171D2073): 23
LogDevObjectVersion:   Dev-Mobile (B02B49B5-BB20-44E9-A304-32B752E40360): 0
LogDevObjectVersion:   Dev-Networking (A4E4105C-59A1-49B5-A7C5-40C4547EDFEE): 0
LogDevObjectVersion:   Dev-Online (39C831C9-5AE6-47DC-9A44-9C173E1C8E7C): 0
LogDevObjectVersion:   Dev-Physics (78F01B33-EBEA-4F98-B9B4-84EACCB95AA2): 0
LogDevObjectVersion:   Dev-Platform (6631380F-2D4D-43E0-8009-CF276956A95A): 0
LogDevObjectVersion:   Dev-Rendering (12F88B9F-8875-4AFC-A67C-D90C383ABD29): 15
LogDevObjectVersion:   Dev-Sequencer (7B5AE74C-D270-4C10-A958-57980B212A5A): 4
LogDevObjectVersion:   Dev-VR (D7296918-1DD6-4BDD-9DE2-64A83CC13884): 0
LogDevObjectVersion:   Dev-LoadTimes (C2A15278-BFE7-4AFE-6C17-90FF531DF755): 1
LogDevObjectVersion:   Private-Geometry (6EACA3D4-40EC-4CC1-B786-8BED09428FC5): 1
LogDevObjectVersion:   Dev-AnimPhys (29E575DD-E0A3-4627-9D10-D276232CDCEA): 3
LogInit: Compiled (64-bit): Jul 28 2017 11:49:47
LogInit: Compiled with Visual C++: 19.00.24215.01
LogInit: Build Configuration: Development
LogInit: Branch Name: ++UE4+Release-4.16
LogInit: Command line: 
LogInit: Base directory: C:/Program Files/Epic Games/UE_4.16/Engine/Binaries/Win64/
LogInit: Installed Engine Build: 1
LogInit: Presizing for max 8388607 objects, including 0 objects not considered by GC, pre-allocating 0 bytes for permanent pool.
LogInit: Object subsystem initialized
[2017.08.04-03.26.32:161][  0]LogInit: Selected Device Profile: [Windows]
[2017.08.04-03.26.32:161][  0]LogInit: Applying CVar settings loaded from the selected device profile: [Windows]
[2017.08.04-03.26.32:172][  0]LogInit: Computer: FAKENEWS
[2017.08.04-03.26.32:172][  0]LogInit: User: nixin
[2017.08.04-03.26.32:172][  0]LogInit: CPU Page size=4096, Cores=4
[2017.08.04-03.26.32:172][  0]LogInit: High frequency timer resolution =2.531250 MHz
[2017.08.04-03.26.32:172][  0]LogMemory: Memory total: Physical=15.4GB (16GB approx)
[2017.08.04-03.26.32:172][  0]LogMemory: Platform Memory Stats for Windows
[2017.08.04-03.26.32:172][  0]LogMemory: Process Physical Memory: 272.80 MB used, 272.80 MB peak
[2017.08.04-03.26.32:172][  0]LogMemory: Process Virtual Memory: 260.71 MB used, 260.71 MB peak
[2017.08.04-03.26.32:172][  0]LogMemory: Physical Memory: 5814.14 MB used,  9988.37 MB free, 15802.51 MB total
[2017.08.04-03.26.32:172][  0]LogMemory: Virtual Memory: 638.19 MB used,  9988.37 MB free, 134217728.00 MB total
[2017.08.04-03.26.32:239][  0]LogInit: Using OS detected language (en-US).
[2017.08.04-03.26.32:239][  0]LogInit: Using OS detected locale (en-US).
[2017.08.04-03.26.32:241][  0]LogTextLocalizationManager: No specific localization for 'en-US' exists, so the 'en' localization will be used.
[2017.08.04-03.26.33:373][  0]LogD3D11RHI: D3D11 adapters:
[2017.08.04-03.26.33:408][  0]LogD3D11RHI:    0. 'NVIDIA GeForce GTX 960M               ' (Feature Level 11_0)
[2017.08.04-03.26.33:408][  0]LogD3D11RHI:       4037/0/7901 MB DedicatedVideo/DedicatedSystem/SharedSystem, Outputs:1, VendorId:0x10de
[2017.08.04-03.26.33:416][  0]LogD3D11RHI:    1. 'Intel(R) HD Graphics 530' (Feature Level 11_0)
[2017.08.04-03.26.33:416][  0]LogD3D11RHI:       128/0/7901 MB DedicatedVideo/DedicatedSystem/SharedSystem, Outputs:0, VendorId:0x8086
[2017.08.04-03.26.33:417][  0]LogD3D11RHI:    2. 'Microsoft Basic Render Driver' (Feature Level 11_0)
[2017.08.04-03.26.33:417][  0]LogD3D11RHI:       0/0/7901 MB DedicatedVideo/DedicatedSystem/SharedSystem, Outputs:0, VendorId:0x1414
[2017.08.04-03.26.33:417][  0]LogD3D11RHI: Chosen D3D11 Adapter: 0
[2017.08.04-03.26.33:424][  0]LogD3D11RHI: Creating new Direct3DDevice
[2017.08.04-03.26.33:424][  0]LogD3D11RHI:     GPU DeviceId: 0x139b (for the marketing name, search the web for "GPU Device Id")
[2017.08.04-03.26.33:424][  0]LogWindows: EnumDisplayDevices:
[2017.08.04-03.26.33:424][  0]LogWindows:    0. 'Intel(R) HD Graphics 530' (P:1 D:1)
[2017.08.04-03.26.33:424][  0]LogWindows:    1. 'Intel(R) HD Graphics 530' (P:0 D:0)
[2017.08.04-03.26.33:424][  0]LogWindows:    2. 'Intel(R) HD Graphics 530' (P:0 D:0)
[2017.08.04-03.26.33:424][  0]LogWindows: DebugString: PrimaryIsNotTheChoosenAdapter PrimaryIsNotTheChoosenAdapter PrimaryIsNotTheChoosenAdapter FoundDriverCount:0 
[2017.08.04-03.26.33:424][  0]LogD3D11RHI:     Adapter Name: NVIDIA GeForce GTX 960M               
[2017.08.04-03.26.33:424][  0]LogD3D11RHI:   Driver Version: Unknown (internal:Unknown, unified:Unknown)
[2017.08.04-03.26.33:424][  0]LogD3D11RHI:      Driver Date: Unknown
[2017.08.04-03.26.33:424][  0]LogRHI: Texture pool is 1361 MB (70% of 1945 MB)
[2017.08.04-03.26.33:444][  0]LogD3D11RHI: NvAPI_D3D_GetCurrentSLIState failed: 0xfffffff7
[2017.08.04-03.26.33:444][  0]LogD3D11RHI: Async texture creation enabled
[2017.08.04-03.26.33:463][  0]LogD3D11RHI: GPU Timing Frequency: 1000.000000 (Debug: 2 2)
[2017.08.04-03.26.33:464][  0]LogShaderCompilers: Guid format shader working directory is -21 characters bigger than the processId version (../../../../../../Users/nixin/Documents/Unreal Projects/MegaPlus_G/Intermediate/Shaders/WorkingDirectory/10096/).
[2017.08.04-03.26.33:464][  0]LogShaderCompilers: Cleaned the shader compiler working directory 'C:/Users/nixin/AppData/Local/Temp/UnrealShaderWorkingDir/7F8DEC2D4E4B637F6FD0EB8889DF2E5B/'.
[2017.08.04-03.26.33:464][  0]LogShaderCompilers:Display: Using Local Shader Compiler.
[2017.08.04-03.26.34:634][  0]LogTemp:Display: Loaded TP AllDesktopTargetPlatform
[2017.08.04-03.26.34:695][  0]LogTemp:Display: Loaded TP MacClientTargetPlatform
[2017.08.04-03.26.34:749][  0]LogTemp:Display: Loaded TP MacNoEditorTargetPlatform
[2017.08.04-03.26.34:801][  0]LogTemp:Display: Loaded TP MacServerTargetPlatform
[2017.08.04-03.26.34:856][  0]LogTemp:Display: Loaded TP MacTargetPlatform
[2017.08.04-03.26.34:921][  0]LogTemp:Display: Loaded TP WindowsClientTargetPlatform
[2017.08.04-03.26.34:973][  0]LogTemp:Display: Loaded TP WindowsNoEditorTargetPlatform
[2017.08.04-03.26.35:026][  0]LogTemp:Display: Loaded TP WindowsServerTargetPlatform
[2017.08.04-03.26.35:074][  0]LogTemp:Display: Loaded TP WindowsTargetPlatform
[2017.08.04-03.26.35:136][  0]LogTemp:Display: Loaded TP AndroidTargetPlatform
[2017.08.04-03.26.35:186][  0]LogTemp:Display: Loaded TP Android_ASTCTargetPlatform
[2017.08.04-03.26.35:240][  0]LogTemp:Display: Loaded TP Android_ATCTargetPlatform
[2017.08.04-03.26.35:299][  0]LogTemp:Display: Loaded TP Android_DXTTargetPlatform
[2017.08.04-03.26.35:352][  0]LogTemp:Display: Loaded TP Android_ETC1TargetPlatform
[2017.08.04-03.26.35:400][  0]LogTemp:Display: Loaded TP Android_ETC2TargetPlatform
[2017.08.04-03.26.35:512][  0]LogTemp:Display: Loaded TP Android_MultiTargetPlatform
[2017.08.04-03.26.35:512][  0]LogTemp:Display: Loaded TP Android_PVRTCTargetPlatform
[2017.08.04-03.26.35:555][  0]LogTemp:Display: Loaded TP HTML5TargetPlatform
[2017.08.04-03.26.35:652][  0]LogTemp:Display: Loaded TP IOSTargetPlatform
[2017.08.04-03.26.35:687][  0]LogTemp:Display: Loaded TP TVOSTargetPlatform
[2017.08.04-03.26.35:744][  0]LogTemp:Display: Loaded TP LinuxClientTargetPlatform
[2017.08.04-03.26.35:794][  0]LogTemp:Display: Loaded TP LinuxNoEditorTargetPlatform
[2017.08.04-03.26.35:844][  0]LogTemp:Display: Loaded TP LinuxServerTargetPlatform
[2017.08.04-03.26.35:906][  0]LogTemp:Display: Loaded TP LinuxTargetPlatform
[2017.08.04-03.26.35:906][  0]LogTargetPlatformManager:Display: Building Assets For Windows
[2017.08.04-03.26.36:465][  0]LogDerivedDataCache:Display: Max Cache Size: 512 MB
[2017.08.04-03.26.36:592][  0]LogDerivedDataCache: Loaded boot cache 0.13s 90MB C:/Users/nixin/AppData/Local/UnrealEngine/4.16/DerivedDataCache/Boot.ddc.
[2017.08.04-03.26.36:592][  0]LogDerivedDataCache:Display: Loaded Boot cache: C:/Users/nixin/AppData/Local/UnrealEngine/4.16/DerivedDataCache/Boot.ddc
[2017.08.04-03.26.36:592][  0]LogDerivedDataCache: FDerivedDataBackendGraph:  Pak pak cache file ../../../../../../Users/nixin/Documents/Unreal Projects/MegaPlus_G/DerivedDataCache/DDC.ddp not found, will not use a pak cache.
[2017.08.04-03.26.36:592][  0]LogDerivedDataCache: Unable to find inner node Pak for hierarchical cache Hierarchy.
[2017.08.04-03.26.36:593][  0]LogDerivedDataCache: FDerivedDataBackendGraph:  CompressedPak pak cache file ../../../../../../Users/nixin/Documents/Unreal Projects/MegaPlus_G/DerivedDataCache/Compressed.ddp not found, will not use a pak cache.
[2017.08.04-03.26.36:593][  0]LogDerivedDataCache: Unable to find inner node CompressedPak for hierarchical cache Hierarchy.
[2017.08.04-03.26.36:608][  0]LogDerivedDataCache:Display: Pak cache opened for reading ../../../Engine/DerivedDataCache/Compressed.ddp.
[2017.08.04-03.26.36:619][  0]LogDerivedDataCache: Using Local data cache path C:/Users/nixin/AppData/Local/UnrealEngine/Common/DerivedDataCache: Writable
[2017.08.04-03.26.36:637][  0]LogMaterial: Verifying Global Shaders for PCD3D_SM5
[2017.08.04-03.26.36:637][  0]LogSlate: Using Freetype 2.6.0
[2017.08.04-03.26.36:638][  0]LogSlate: SlateFontCache - WITH_FREETYPE: 1, WITH_HARFBUZZ: 1
[2017.08.04-03.26.36:638][  0]LogSlate: SlateFontCache - WITH_FREETYPE: 1, WITH_HARFBUZZ: 1
[2017.08.04-03.26.36:997][  0]LogInit: Selected Device Profile: [Windows]
[2017.08.04-03.26.37:106][  0]LogContentStreaming: Texture pool size is 0.00 MB
[2017.08.04-03.26.37:301][  0]LogMeshUtilities: Using QuadricMeshReduction for automatic static mesh reduction
[2017.08.04-03.26.37:348][  0]LogSimplygon: Simplygon DLL not present - disabling.
[2017.08.04-03.26.37:404][  0]LogMeshUtilities: Using SimplygonSwarm for distributed automatic mesh merging
[2017.08.04-03.26.37:404][  0]LogMeshUtilities: No automatic skeletal mesh reduction module available
[2017.08.04-03.26.37:404][  0]LogMeshUtilities: No automatic mesh merging module available
[2017.08.04-03.26.38:073][  0]LogNetVersion: MegaPlus_G , NetCL: 3452394, EngineNetVer: 2, GameNetVer: 0 (Checksum: 3538833827)
[2017.08.04-03.26.38:151][  0]LogAssetRegistry: FAssetRegistry took 0.0260 seconds to start up
[2017.08.04-03.26.38:227][  0]LogPackageLocalizationCache: Processed 4 localized package path(s) for 2 prioritized culture(s) in 0.043985 seconds
[2017.08.04-03.26.38:233][  0]LogUObjectArray: 34194 objects as part of root set at end of initial load.
[2017.08.04-03.26.38:233][  0]LogUObjectAllocator: 7260416 out of 0 bytes used by permanent object pool.
[2017.08.04-03.26.38:233][  0]LogUObjectArray: CloseDisregardForGC: 0/0 objects in disregard for GC pool
[2017.08.04-03.26.38:318][  0]LogInit: WinSock: version 1.1 (2.2), MaxSocks=32767, MaxUdp=65467
[2017.08.04-03.26.41:246][  0]LogTcpMessaging: Initializing TcpMessaging bridge
[2017.08.04-03.26.41:295][  0]LogUdpMessaging: Initializing bridge on interface 0.0.0.0:0 to multicast group 230.0.0.1:6666.
[2017.08.04-03.26.41:877][  0]LogMaterial: Uniform references updated for custom material expression Custom.
[2017.08.04-03.26.42:346][  0]SourceControl: Info Source control is disabled
[2017.08.04-03.26.42:347][  0]SourceControl: Info Source control is disabled
[2017.08.04-03.26.42:399][  0]SourceControl: Info Source control is disabled
[2017.08.04-03.26.42:452][  0]SourceControl: Info Source control is disabled
[2017.08.04-03.26.43:251][  0]LogAndroidPermission: UAndroidPermissionCallbackProxy::GetInstance
[2017.08.04-03.26.43:939][  0]LogEngine: Initializing Engine...
[2017.08.04-03.26.43:939][  0]LogHMD: Failed to initialize OpenVR with code 110
[2017.08.04-03.26.44:229][  0]LogStats: UGameplayTagsManager::ConstructGameplayTagTree: Construct from data asset -  0.000 s
[2017.08.04-03.26.44:229][  0]LogStats: UGameplayTagsManager::ConstructGameplayTagTree: GameplayTagTreeChangedEvent.Broadcast -  0.000 s
[2017.08.04-03.26.44:389][  0]LogAIModule: Creating AISystem for world Untitled
[2017.08.04-03.26.44:395][  0]LogInit: XAudio2 using 'Speakers (Conexant SmartAudio HD)' : 2 channels at 48 kHz using 32 bits per sample (channel mask 0x3)
[2017.08.04-03.26.44:417][  0]LogInit: FAudioDevice initialized.
[2017.08.04-03.26.44:469][  0]LogDerivedDataCache: Saved boot cache 0.05s 90MB C:/Users/nixin/AppData/Local/UnrealEngine/4.16/DerivedDataCache/Boot.ddc.
[2017.08.04-03.26.44:480][  0]LogInit: Texture streaming: Enabled
[2017.08.04-03.26.44:595][  0]LogEngineSessionManager: EngineSessionManager initialized
[2017.08.04-03.26.44:829][  0]LogInit: Transaction tracking system initialized
[2017.08.04-03.26.45:181][  0]BlueprintLog: New page: Editor Load
[2017.08.04-03.26.46:236][  0]LocalizationService: Info Localization service is disabled
[2017.08.04-03.26.47:011][  0]LogConsoleResponse:Display: 
[2017.08.04-03.26.47:207][  0]LogCook:Display: Max memory allowance for cook 16384mb min free memory 0mb
[2017.08.04-03.26.47:207][  0]LogCook:Display: Mobile HDR setting 1
[2017.08.04-03.26.47:499][  0]LogFileCache: Scanning file cache for directory 'C:/Users/nixin/Documents/Unreal Projects/MegaPlus_G/Content/' took 0.02s
[2017.08.04-03.26.48:421][  0]SourceControl: Info Source control is disabled
[2017.08.04-03.26.48:421][  0]Cmd: MAP LOAD FILE="../../../../../../Users/nixin/Documents/Unreal Projects/MegaPlus_G/Content/Levels/level00.umap" TEMPLATE=0 SHOWPROGRESS=1 FEATURELEVEL=3
[2017.08.04-03.26.48:422][  0]LightingResults: New page: Lighting Build
[2017.08.04-03.26.48:465][  0]MapCheck: New page: Map Check
[2017.08.04-03.26.48:466][  0]LightingResults: New page: Lighting Build
[2017.08.04-03.26.49:012][  0]LogAIModule: Creating AISystem for world level00
[2017.08.04-03.26.49:027][  0]LogEditorServer: Finished looking for orphan Actors (0.000 secs)
[2017.08.04-03.26.49:038][  0]Cmd: MAP CHECKDEP NOCLEARLOG
[2017.08.04-03.26.49:098][  0]MapCheck: Info Map check complete: 0 Error(s), 0 Warning(s), took 59.188ms to complete.
[2017.08.04-03.26.49:098][  0]LogFileHelpers: Loading map 'level00' took 0.676
[2017.08.04-03.26.49:251][  0]LogCollectionManager: Loaded 0 collections in 0.003554 seconds
[2017.08.04-03.26.49:336][  0]LogFileCache: Scanning file cache for directory 'C:/Users/nixin/Documents/Unreal Projects/MegaPlus_G/Saved/Collections/' took 0.01s
[2017.08.04-03.26.49:336][  0]LogFileCache: Scanning file cache for directory 'C:/Users/nixin/Documents/Unreal Projects/MegaPlus_G/Content/Developers/nixin/Collections/' took 0.01s
[2017.08.04-03.26.49:336][  0]LogFileCache: Scanning file cache for directory 'C:/Users/nixin/Documents/Unreal Projects/MegaPlus_G/Content/Collections/' took 0.01s
[2017.08.04-03.26.49:336][  0]LogCollectionManager: Rebuilt the GUID cache for 0 collections in 0.000003 seconds
[2017.08.04-03.26.49:356][  0]LogContentBrowser: Native class hierarchy populated in 0.0191 seconds. Added 2329 classes and 491 folders.
[2017.08.04-03.26.49:427][  0]LogContentBrowser: Native class hierarchy updated for 'WidgetCarousel' in 0.0007 seconds. Added 0 classes and 0 folders.
[2017.08.04-03.26.49:483][  0]LogContentBrowser: Native class hierarchy updated for 'AddContentDialog' in 0.0005 seconds. Added 0 classes and 0 folders.
[2017.08.04-03.26.49:534][  0]LogContentBrowser: Native class hierarchy updated for 'SceneOutliner' in 0.0007 seconds. Added 1 classes and 2 folders.
[2017.08.04-03.26.49:630][  0]LogCrashTracker: Crashtracker disabled due to settings.
[2017.08.04-03.26.49:638][  0]LogSlate: Took 0.000166 seconds to synchronously load lazily loaded font '../../../Engine/Content/Slate/Fonts/Roboto-Regular.ttf' (155K)
[2017.08.04-03.26.49:642][  0]LogSlate: Took 0.000164 seconds to synchronously load lazily loaded font '../../../Engine/Content/Slate/Fonts/Roboto-Bold.ttf' (160K)
[2017.08.04-03.26.49:644][  0]LogSlate: Took 0.000120 seconds to synchronously load lazily loaded font '../../../Engine/Content/Editor/Slate/Fonts/FontAwesome.ttf' (139K)
[2017.08.04-03.26.49:717][  0]LogRenderer: Reallocating scene render targets to support 1528x484 NumSamples 1 (Frame:1).
[2017.08.04-03.26.49:898][  0]LogUObjectGlobals:Warning: Failed to find object 'Class None.'
[2017.08.04-03.26.50:001][  0]LogContentBrowser: Native class hierarchy updated for 'HierarchicalLODOutliner' in 0.0006 seconds. Added 1 classes and 2 folders.
[2017.08.04-03.26.50:001][  0]LogLoad: (Engine Initialization) Total time: 19.89 seconds
[2017.08.04-03.26.50:001][  0]LogLoad: (Engine Initialization) Total Blueprint compile time: 0.10 seconds
[2017.08.04-03.26.50:001][  0]LogExternalProfiler: No external profilers were discovered.  External profiling features will not be available.
[2017.08.04-03.26.50:024][  0]LogWindowsTextInputMethodSystem:Display: IME system now deactivated.
[2017.08.04-03.26.50:025][  0]LogOcInput: OculusInput pre-init called
[2017.08.04-03.26.50:025][  0]LogHMD: Starting GearVRController plugin
[2017.08.04-03.26.50:044][  0]LogContentStreaming: Texture pool size now 1000 MB
[2017.08.04-03.26.50:084][  0]LogSlate: Took 0.000139 seconds to synchronously load lazily loaded font '../../../Engine/Content/Slate/Fonts/Roboto-Light.ttf' (159K)
[2017.08.04-03.26.50:098][  1]LogAssetRegistry: Asset discovery search completed in 11.9695 seconds
[2017.08.04-03.26.50:101][  1]LogCollectionManager: Rebuilt the object cache for 0 collections in 0.000001 seconds (found 0 objects)
[2017.08.04-03.26.50:101][  1]LogCollectionManager: Fixed up redirectors for 0 collections in 0.000061 seconds (updated 0 objects)
[2017.08.04-03.27.00:496][614]LogTemp: Repeting last play command: New Editor Window (PIE)
[2017.08.04-03.27.00:557][614]LogPlayLevel: PlayLevel: No blueprints needed recompiling
[2017.08.04-03.27.00:557][614]PIE: New page: PIE session: level00 (Aug 3, 2017, 1:27:00 PM)
[2017.08.04-03.27.00:558][614]LogPlayLevel: Creating play world package: /Game/Levels/UEDPIE_0_level00
[2017.08.04-03.27.00:565][614]LogPlayLevel: PIE: StaticDuplicateObject took: (0.007939s)
[2017.08.04-03.27.00:566][614]LogAIModule: Creating AISystem for world level00
[2017.08.04-03.27.00:567][614]LogPlayLevel: PIE: World Init took: (0.001149s)
[2017.08.04-03.27.00:567][614]LogPlayLevel: PIE: Created PIE world by copying editor world from /Game/Levels/level00.level00 to /Game/Levels/UEDPIE_0_level00.level00 (0.009368s)
[2017.08.04-03.27.00:585][614]LogInit: XAudio2 using 'Speakers (Conexant SmartAudio HD)' : 2 channels at 48 kHz using 32 bits per sample (channel mask 0x3)
[2017.08.04-03.27.00:615][614]LogInit: FAudioDevice initialized.
[2017.08.04-03.27.00:670][614]LogLoad: Game class is 'GameMode00_C'
[2017.08.04-03.27.00:678][614]LogWorld: Bringing World /Game/Levels/UEDPIE_0_level00.level00 up for play (max tick rate 60) at 2017.08.03-20.27.00
[2017.08.04-03.27.00:679][614]LogWorld: Bringing up level for play took: 0.006323
[2017.08.04-03.27.00:725][614]LogContentBrowser: Native class hierarchy updated for 'MovieSceneCapture' in 0.0006 seconds. Added 11 classes and 0 folders.
[2017.08.04-03.27.00:732][614]PIE: Info Play in editor start time for /Game/Levels/UEDPIE_0_level00 -0.383
[2017.08.04-03.27.00:769][614]LogRenderer: Reallocating scene render targets to support 1528x756 NumSamples 1 (Frame:1).
[2017.08.04-03.30.40:808][317]LogSlate: Took 0.000140 seconds to synchronously load lazily loaded font '../../../Engine/Content/Slate/Fonts/Roboto-Light.ttf' (159K)
[2017.08.04-03.30.41:299][317]LogContentBrowser: Native class hierarchy updated for 'BlueprintGraph' in 0.0012 seconds. Added 112 classes and 0 folders.
[2017.08.04-03.30.41:986][317]LogSlate: Took 0.000466 seconds to synchronously load lazily loaded font '../../../Engine/Content/Slate/Fonts/Roboto-Regular.ttf' (155K)
[2017.08.04-03.30.42:082][317]LogSlate: Took 0.000242 seconds to synchronously load lazily loaded font '../../../Engine/Content/Editor/Slate/Fonts/Roboto-BoldCondensed.ttf' (158K)
[2017.08.04-03.30.42:438][318]LogSlate: Took 0.000864 seconds to synchronously load lazily loaded font '../../../Engine/Content/Editor/Slate/Fonts/Roboto-Italic.ttf' (157K)
[2017.08.04-03.32.26:568][122]BlueprintLog: New page: Compile b_protoman
[2017.08.04-03.32.27:881][155]LogTemp: Repeting last play command: New Editor Window (PIE)
[2017.08.04-03.32.27:916][155]LogPlayLevel: PlayLevel: No blueprints needed recompiling
[2017.08.04-03.32.27:916][155]PIE: New page: PIE session: level00 (Aug 3, 2017, 1:32:27 PM)
[2017.08.04-03.32.27:916][155]LogPlayLevel: Creating play world package: /Game/Levels/UEDPIE_0_level00
[2017.08.04-03.32.27:926][155]LogPlayLevel: PIE: StaticDuplicateObject took: (0.010089s)
[2017.08.04-03.32.27:927][155]LogAIModule: Creating AISystem for world level00
[2017.08.04-03.32.27:927][155]LogPlayLevel: PIE: World Init took: (0.001102s)
[2017.08.04-03.32.27:927][155]LogPlayLevel: PIE: Created PIE world by copying editor world from /Game/Levels/level00.level00 to /Game/Levels/UEDPIE_0_level00.level00 (0.011436s)
[2017.08.04-03.32.27:958][155]LogInit: XAudio2 using 'Speakers (Conexant SmartAudio HD)' : 2 channels at 48 kHz using 32 bits per sample (channel mask 0x3)
[2017.08.04-03.32.27:989][155]LogInit: FAudioDevice initialized.
[2017.08.04-03.32.28:067][155]LogLoad: Game class is 'GameMode00_C'
[2017.08.04-03.32.28:086][155]LogWorld: Bringing World /Game/Levels/UEDPIE_0_level00.level00 up for play (max tick rate 60) at 2017.08.03-20.32.28
[2017.08.04-03.32.28:088][155]LogWorld: Bringing up level for play took: 0.016749
[2017.08.04-03.32.28:108][155]PIE: Info Play in editor start time for /Game/Levels/UEDPIE_0_level00 0.993
[2017.08.04-03.40.20:777][644]LogSlate: Took 0.000169 seconds to synchronously load lazily loaded font '../../../Engine/Content/Slate/Fonts/Roboto-Light.ttf' (159K)
[2017.08.04-03.40.32:891][188]BlueprintLog: New page: Compile b_protoman
[2017.08.04-03.40.33:960][214]LogTemp: Repeting last play command: New Editor Window (PIE)
[2017.08.04-03.40.33:993][214]LogPlayLevel: PlayLevel: No blueprints needed recompiling
[2017.08.04-03.40.33:993][214]PIE: New page: PIE session: level00 (Aug 3, 2017, 1:40:33 PM)
[2017.08.04-03.40.33:993][214]LogPlayLevel: Creating play world package: /Game/Levels/UEDPIE_0_level00
[2017.08.04-03.40.34:004][214]LogPlayLevel: PIE: StaticDuplicateObject took: (0.010266s)
[2017.08.04-03.40.34:005][214]LogAIModule: Creating AISystem for world level00
[2017.08.04-03.40.34:005][214]LogPlayLevel: PIE: World Init took: (0.001455s)
[2017.08.04-03.40.34:006][214]LogPlayLevel: PIE: Created PIE world by copying editor world from /Game/Levels/level00.level00 to /Game/Levels/UEDPIE_0_level00.level00 (0.012107s)
[2017.08.04-03.40.34:027][214]LogInit: XAudio2 using 'Speakers (Conexant SmartAudio HD)' : 2 channels at 48 kHz using 32 bits per sample (channel mask 0x3)
[2017.08.04-03.40.34:052][214]LogInit: FAudioDevice initialized.
[2017.08.04-03.40.34:119][214]LogLoad: Game class is 'GameMode00_C'
[2017.08.04-03.40.34:125][214]LogWorld: Bringing World /Game/Levels/UEDPIE_0_level00.level00 up for play (max tick rate 60) at 2017.08.03-20.40.34
[2017.08.04-03.40.34:126][214]LogWorld: Bringing up level for play took: 0.004808
[2017.08.04-03.40.34:143][214]PIE: Info Play in editor start time for /Game/Levels/UEDPIE_0_level00 1.029
[2017.08.04-03.42.13:318][931]LogTemp: Repeting last play command: New Editor Window (PIE)
[2017.08.04-03.42.13:357][931]BlueprintLog: New page: Pre-Play auto-recompile
[2017.08.04-03.42.13:357][931]LogPlayLevel: [PlayLevel] Compiling b_protoman before play...
[2017.08.04-03.42.13:582][931]LogPlayLevel: PlayLevel: Blueprint regeneration took 225 ms (1 blueprints)
[2017.08.04-03.42.13:582][931]PIE: New page: PIE session: level00 (Aug 3, 2017, 1:42:13 PM)
[2017.08.04-03.42.13:582][931]LogPlayLevel: Creating play world package: /Game/Levels/UEDPIE_0_level00
[2017.08.04-03.42.13:590][931]LogPlayLevel: PIE: StaticDuplicateObject took: (0.007554s)
[2017.08.04-03.42.13:591][931]LogAIModule: Creating AISystem for world level00
[2017.08.04-03.42.13:592][931]LogPlayLevel: PIE: World Init took: (0.001314s)
[2017.08.04-03.42.13:592][931]LogPlayLevel: PIE: Created PIE world by copying editor world from /Game/Levels/level00.level00 to /Game/Levels/UEDPIE_0_level00.level00 (0.009734s)
[2017.08.04-03.42.13:611][931]LogInit: XAudio2 using 'Speakers (Conexant SmartAudio HD)' : 2 channels at 48 kHz using 32 bits per sample (channel mask 0x3)
[2017.08.04-03.42.13:630][931]LogInit: FAudioDevice initialized.
[2017.08.04-03.42.13:691][931]LogLoad: Game class is 'GameMode00_C'
[2017.08.04-03.42.13:698][931]LogWorld: Bringing World /Game/Levels/UEDPIE_0_level00.level00 up for play (max tick rate 60) at 2017.08.03-20.42.13
[2017.08.04-03.42.13:698][931]LogWorld: Bringing up level for play took: 0.006522
[2017.08.04-03.42.13:705][931]PIE: Info Play in editor start time for /Game/Levels/UEDPIE_0_level00 0.591
[2017.08.04-03.43.36:877][500]LogSavePackage: Save=191.24ms
[2017.08.04-03.43.36:877][500]LogSavePackage: Moving '../../../../../../Users/nixin/Documents/Unreal Projects/MegaPlus_G/Saved/b_protoman0BFFAE2D4ECC9E1C3701BB86A523F3C7.tmp' to '../../../../../../Users/nixin/Documents/Unreal Projects/MegaPlus_G/Content/Blueprints/Characters/Protoman/b_protoman.uasset'
[2017.08.04-03.43.36:880][500]LogSavePackage:Display: Finished SavePackage ../../../../../../Users/nixin/Documents/Unreal Projects/MegaPlus_G/Content/Blueprints/Characters/Protoman/b_protoman.uasset
[2017.08.04-03.44.51:379][817]LogFileHelpers: Editor autosave (incl. sublevels) for '/Game/Levels/level00' took 0.020
[2017.08.04-03.44.51:381][817]OBJ SavePackage: Generating thumbnails for [0] asset(s) in package [/Game/Blueprints/Characters/Protoman/b_protoman] ([1] browsable assets)...
[2017.08.04-03.44.51:381][817]OBJ SavePackage: Finished generating thumbnails for package [/Game/Blueprints/Characters/Protoman/b_protoman]
[2017.08.04-03.44.51:589][817]LogSavePackage: Save=198.94ms
[2017.08.04-03.44.51:589][817]LogSavePackage: Moving '../../../../../../Users/nixin/Documents/Unreal Projects/MegaPlus_G/Saved/b_protoman_Auto158A1AE7F4FC3ECE97A4289AAF72940FF.tmp' to '../../../../../../Users/nixin/Documents/Unreal Projects/MegaPlus_G/Saved/Autosaves/Game/Blueprints/Characters/Protoman/b_protoman_Auto1.uasset'
[2017.08.04-03.44.51:591][817]LogSavePackage:Display: Finished SavePackage ../../../../../../Users/nixin/Documents/Unreal Projects/MegaPlus_G/Saved/Autosaves/Game/Blueprints/Characters/Protoman/b_protoman_Auto1.uasset
[2017.08.04-03.44.51:592][817]OBJ SavePackage: Generating thumbnails for [0] asset(s) in package [/Game/Blueprints/Characters/Protoman/e_protoman] ([1] browsable assets)...
[2017.08.04-03.44.51:592][817]OBJ SavePackage: Finished generating thumbnails for package [/Game/Blueprints/Characters/Protoman/e_protoman]
[2017.08.04-03.44.51:608][817]LogSavePackage: Save=7.53ms
[2017.08.04-03.44.51:608][817]LogSavePackage: Moving '../../../../../../Users/nixin/Documents/Unreal Projects/MegaPlus_G/Saved/e_protoman_Auto15FA5D04B439070AD230D91ABB8FBA321.tmp' to '../../../../../../Users/nixin/Documents/Unreal Projects/MegaPlus_G/Saved/Autosaves/Game/Blueprints/Characters/Protoman/e_protoman_Auto1.uasset'
[2017.08.04-03.44.51:609][817]LogSavePackage:Display: Finished SavePackage ../../../../../../Users/nixin/Documents/Unreal Projects/MegaPlus_G/Saved/Autosaves/Game/Blueprints/Characters/Protoman/e_protoman_Auto1.uasset
[2017.08.04-03.44.51:609][817]LogFileHelpers: Auto-saving content packages took 0.229
[2017.08.04-03.53.11:540][896]BlueprintLog: New page: Compile b_protoman
[2017.08.04-03.53.13:141][939]LogTemp: Repeting last play command: New Editor Window (PIE)
[2017.08.04-03.53.13:169][939]BlueprintLog: New page: Pre-Play auto-recompile
[2017.08.04-03.53.13:169][939]LogPlayLevel: [PlayLevel] Compiling PROTO_BP_AnimBlueprint_0 before play...
[2017.08.04-03.53.13:268][939]LogPlayLevel: PlayLevel: Blueprint regeneration took 99 ms (1 blueprints)
[2017.08.04-03.53.13:268][939]PIE: New page: PIE session: level00 (Aug 3, 2017, 1:53:13 PM)
[2017.08.04-03.53.13:268][939]LogPlayLevel: Creating play world package: /Game/Levels/UEDPIE_0_level00
[2017.08.04-03.53.13:277][939]LogPlayLevel: PIE: StaticDuplicateObject took: (0.008491s)
[2017.08.04-03.53.13:278][939]LogAIModule: Creating AISystem for world level00
[2017.08.04-03.53.13:279][939]LogPlayLevel: PIE: World Init took: (0.001718s)
[2017.08.04-03.53.13:279][939]LogPlayLevel: PIE: Created PIE world by copying editor world from /Game/Levels/level00.level00 to /Game/Levels/UEDPIE_0_level00.level00 (0.010581s)
[2017.08.04-03.53.13:305][939]LogInit: XAudio2 using 'Speakers (Conexant SmartAudio HD)' : 2 channels at 48 kHz using 32 bits per sample (channel mask 0x3)
[2017.08.04-03.53.13:340][939]LogInit: FAudioDevice initialized.
[2017.08.04-03.53.13:399][939]LogLoad: Game class is 'GameMode00_C'
[2017.08.04-03.53.13:405][939]LogWorld: Bringing World /Game/Levels/UEDPIE_0_level00.level00 up for play (max tick rate 60) at 2017.08.03-20.53.13
[2017.08.04-03.53.13:406][939]LogWorld: Bringing up level for play took: 0.005257
[2017.08.04-03.53.13:419][939]PIE: Info Play in editor start time for /Game/Levels/UEDPIE_0_level00 0.305
[2017.08.04-03.53.42:106][ 51]LogTemp: Repeting last play command: New Editor Window (PIE)
[2017.08.04-03.53.42:135][ 51]LogPlayLevel: PlayLevel: No blueprints needed recompiling
[2017.08.04-03.53.42:135][ 51]PIE: New page: PIE session: level00 (Aug 3, 2017, 1:53:42 PM)
[2017.08.04-03.53.42:135][ 51]LogPlayLevel: Creating play world package: /Game/Levels/UEDPIE_0_level00
[2017.08.04-03.53.42:148][ 51]LogPlayLevel: PIE: StaticDuplicateObject took: (0.012948s)
[2017.08.04-03.53.42:149][ 51]LogAIModule: Creating AISystem for world level00
[2017.08.04-03.53.42:150][ 51]LogPlayLevel: PIE: World Init took: (0.001513s)
[2017.08.04-03.53.42:150][ 51]LogPlayLevel: PIE: Created PIE world by copying editor world from /Game/Levels/level00.level00 to /Game/Levels/UEDPIE_0_level00.level00 (0.015011s)
[2017.08.04-03.53.42:178][ 51]LogInit: XAudio2 using 'Speakers (Conexant SmartAudio HD)' : 2 channels at 48 kHz using 32 bits per sample (channel mask 0x3)
[2017.08.04-03.53.42:206][ 51]LogInit: FAudioDevice initialized.
[2017.08.04-03.53.42:287][ 51]LogLoad: Game class is 'GameMode00_C'
[2017.08.04-03.53.42:292][ 51]LogWorld: Bringing World /Game/Levels/UEDPIE_0_level00.level00 up for play (max tick rate 60) at 2017.08.03-20.53.42
[2017.08.04-03.53.42:293][ 51]LogWorld: Bringing up level for play took: 0.005008
[2017.08.04-03.53.42:310][ 51]PIE: Info Play in editor start time for /Game/Levels/UEDPIE_0_level00 -0.804
[2017.08.04-04.12.35:217][665]BlueprintLog: New page: Compile b_protoman
[2017.08.04-04.12.36:549][699]LogTemp: Repeting last play command: New Editor Window (PIE)
[2017.08.04-04.12.36:571][699]LogPlayLevel: PlayLevel: No blueprints needed recompiling
[2017.08.04-04.12.36:572][699]PIE: New page: PIE session: level00 (Aug 3, 2017, 2:12:36 PM)
[2017.08.04-04.12.36:572][699]LogPlayLevel: Creating play world package: /Game/Levels/UEDPIE_0_level00
[2017.08.04-04.12.36:582][699]LogPlayLevel: PIE: StaticDuplicateObject took: (0.010061s)
[2017.08.04-04.12.36:583][699]LogAIModule: Creating AISystem for world level00
[2017.08.04-04.12.36:583][699]LogPlayLevel: PIE: World Init took: (0.000969s)
[2017.08.04-04.12.36:583][699]LogPlayLevel: PIE: Created PIE world by copying editor world from /Game/Levels/level00.level00 to /Game/Levels/UEDPIE_0_level00.level00 (0.011369s)
[2017.08.04-04.12.36:602][699]LogInit: XAudio2 using 'Speakers (Conexant SmartAudio HD)' : 2 channels at 48 kHz using 32 bits per sample (channel mask 0x3)
[2017.08.04-04.12.36:624][699]LogInit: FAudioDevice initialized.
[2017.08.04-04.12.36:683][699]LogLoad: Game class is 'GameMode00_C'
[2017.08.04-04.12.36:692][699]LogWorld: Bringing World /Game/Levels/UEDPIE_0_level00.level00 up for play (max tick rate 0) at 2017.08.03-21.12.36
[2017.08.04-04.12.36:696][699]LogWorld: Bringing up level for play took: 0.010677
[2017.08.04-04.12.36:729][699]PIE: Info Play in editor start time for /Game/Levels/UEDPIE_0_level00 -0.385
[2017.08.04-04.16.28:394][326]BlueprintLog: New page: Compile b_protoman
[2017.08.04-04.23.37:225][834]BlueprintLog: New page: Compile b_protoman
[2017.08.04-04.23.56:718][573]LogTemp: Repeting last play command: New Editor Window (PIE)
[2017.08.04-04.23.56:745][573]LogPlayLevel: PlayLevel: No blueprints needed recompiling
[2017.08.04-04.23.56:745][573]PIE: New page: PIE session: level00 (Aug 3, 2017, 2:23:56 PM)
[2017.08.04-04.23.56:745][573]LogPlayLevel: Creating play world package: /Game/Levels/UEDPIE_0_level00
[2017.08.04-04.23.56:759][573]LogPlayLevel: PIE: StaticDuplicateObject took: (0.013269s)
[2017.08.04-04.23.56:766][573]LogAIModule: Creating AISystem for world level00
[2017.08.04-04.23.56:766][573]LogPlayLevel: PIE: World Init took: (0.007391s)
[2017.08.04-04.23.56:767][573]LogPlayLevel: PIE: Created PIE world by copying editor world from /Game/Levels/level00.level00 to /Game/Levels/UEDPIE_0_level00.level00 (0.021640s)
[2017.08.04-04.23.56:803][573]LogInit: XAudio2 using 'Speakers (Conexant SmartAudio HD)' : 2 channels at 48 kHz using 32 bits per sample (channel mask 0x3)
[2017.08.04-04.23.56:829][573]LogInit: FAudioDevice initialized.
[2017.08.04-04.23.56:893][573]LogLoad: Game class is 'GameMode00_C'
[2017.08.04-04.23.56:906][573]LogWorld: Bringing World /Game/Levels/UEDPIE_0_level00.level00 up for play (max tick rate 0) at 2017.08.03-21.23.56
[2017.08.04-04.23.56:908][573]LogWorld: Bringing up level for play took: 0.012435
[2017.08.04-04.23.56:927][573]PIE: Info Play in editor start time for /Game/Levels/UEDPIE_0_level00 -0.187
[2017.08.04-04.28.47:820][728]LogSavePackage: Save=206.86ms
[2017.08.04-04.28.47:821][728]LogSavePackage: Moving '../../../../../../Users/nixin/Documents/Unreal Projects/MegaPlus_G/Saved/b_protoman135260844BD7F5809E3D548801CD575E.tmp' to '../../../../../../Users/nixin/Documents/Unreal Projects/MegaPlus_G/Content/Blueprints/Characters/Protoman/b_protoman.uasset'
[2017.08.04-04.28.47:829][728]LogSavePackage:Display: Finished SavePackage ../../../../../../Users/nixin/Documents/Unreal Projects/MegaPlus_G/Content/Blueprints/Characters/Protoman/b_protoman.uasset
[2017.08.04-04.28.51:522][905]Cmd: OBJ SAVEPACKAGE PACKAGE="/Game/Levels/level00" FILE="../../../../../../Users/nixin/Documents/Unreal Projects/MegaPlus_G/Content/Levels/level00.umap" SILENT=true AUTOSAVING=false KEEPDIRTY=false
[2017.08.04-04.28.51:823][905]LogSavePackage: Save=257.15ms
[2017.08.04-04.28.51:823][905]LogSavePackage: Moving '../../../../../../Users/nixin/Documents/Unreal Projects/MegaPlus_G/Saved/level0002D3414F4420D6129B9CA68AA2D31ECB.tmp' to '../../../../../../Users/nixin/Documents/Unreal Projects/MegaPlus_G/Content/Levels/level00.umap'
[2017.08.04-04.28.51:826][905]LogSavePackage:Display: Finished SavePackage ../../../../../../Users/nixin/Documents/Unreal Projects/MegaPlus_G/Content/Levels/level00.umap
[2017.08.04-04.28.55:446][ 33]LogSavePackage: Save=8.93ms
[2017.08.04-04.28.55:446][ 33]LogSavePackage: Moving '../../../../../../Users/nixin/Documents/Unreal Projects/MegaPlus_G/Saved/e_protoman4DA2E6DF44B4A55EDB1039B85D3EA8BC.tmp' to '../../../../../../Users/nixin/Documents/Unreal Projects/MegaPlus_G/Content/Blueprints/Characters/Protoman/e_protoman.uasset'
[2017.08.04-04.28.55:449][ 33]LogSavePackage:Display: Finished SavePackage ../../../../../../Users/nixin/Documents/Unreal Projects/MegaPlus_G/Content/Blueprints/Characters/Protoman/e_protoman.uasset
[2017.08.04-04.28.55:572][ 33]LogWindowsTextInputMethodSystem:Display: IME system now deactivated.
[2017.08.04-04.28.55:813][ 34]Cmd: QUIT_EDITOR
[2017.08.04-04.28.56:724][ 34]LogExit: Preparing to exit.
[2017.08.04-04.28.57:241][ 34]LogDirectoryWatcher: A directory notification for 'C:/Users/nixin/Documents/Unreal Projects/MegaPlus_G/Content/' was aborted.
[2017.08.04-04.28.57:285][ 34]LogExit: Editor shut down
[2017.08.04-04.28.57:303][ 34]LogExit: Transaction tracking system shut down
[2017.08.04-04.28.57:521][ 34]LogObj: Freed 0b from 0 cluster array pools.
[2017.08.04-04.28.57:522][ 34]LogExit: Object subsystem successfully closed.
[2017.08.04-04.28.57:555][ 34]LogD3D11RHI: Shutdown
[2017.08.04-04.28.57:555][ 34]LogD3D11RHI: CleanupD3DDevice
[2017.08.04-04.28.57:637][ 34]LogD3D11RHI: ~FD3D11DynamicRHI
[2017.08.04-04.28.57:653][ 34]LogModuleManager: Shutting down and abandoning module BlueprintGraph (530)
[2017.08.04-04.28.57:653][ 34]LogModuleManager: Shutting down and abandoning module BlueprintProfiler (528)
[2017.08.04-04.28.57:653][ 34]LogModuleManager: Shutting down and abandoning module MovieSceneCapture (526)
[2017.08.04-04.28.57:653][ 34]LogModuleManager: Shutting down and abandoning module HierarchicalLODOutliner (524)
[2017.08.04-04.28.57:653][ 34]LogModuleManager: Shutting down and abandoning module CrashTracker (522)
[2017.08.04-04.28.57:653][ 34]LogModuleManager: Shutting down and abandoning module SceneOutliner (520)
[2017.08.04-04.28.57:653][ 34]LogModuleManager: Shutting down and abandoning module AddContentDialog (518)
[2017.08.04-04.28.57:653][ 34]LogDirectoryWatcher: A directory notification for 'C:/Program Files/Epic Games/UE_4.16/FeaturePacks/' was aborted.
[2017.08.04-04.28.57:654][ 34]LogModuleManager: Shutting down and abandoning module WidgetCarousel (517)
[2017.08.04-04.28.57:654][ 34]LogModuleManager: Shutting down and abandoning module EditorWidgets (514)
[2017.08.04-04.28.57:654][ 34]LogModuleManager: Shutting down and abandoning module CollectionManager (512)
[2017.08.04-04.28.57:654][ 34]LogDirectoryWatcher: A directory notification for 'C:/Users/nixin/Documents/Unreal Projects/MegaPlus_G/Content/Collections/' was aborted.
[2017.08.04-04.28.57:654][ 34]LogDirectoryWatcher: A directory notification for 'C:/Users/nixin/Documents/Unreal Projects/MegaPlus_G/Content/Developers/nixin/Collections/' was aborted.
[2017.08.04-04.28.57:654][ 34]LogDirectoryWatcher: A directory notification for 'C:/Users/nixin/Documents/Unreal Projects/MegaPlus_G/Saved/Collections/' was aborted.
[2017.08.04-04.28.57:654][ 34]LogModuleManager: Shutting down and abandoning module StatsViewer (510)
[2017.08.04-04.28.57:654][ 34]LogModuleManager: Shutting down and abandoning module FoliageEdit (508)
[2017.08.04-04.28.57:654][ 34]LogModuleManager: Shutting down and abandoning module LandscapeEditor (506)
[2017.08.04-04.28.57:654][ 34]LogModuleManager: Shutting down and abandoning module MeshPaintMode (504)
[2017.08.04-04.28.57:654][ 34]LogModuleManager: Shutting down and abandoning module SceneDepthPickerMode (502)
[2017.08.04-04.28.57:654][ 34]LogModuleManager: Shutting down and abandoning module ActorPickerMode (500)
[2017.08.04-04.28.57:654][ 34]LogModuleManager: Shutting down and abandoning module GeometryMode (498)
[2017.08.04-04.28.57:654][ 34]LogModuleManager: Shutting down and abandoning module TextureAlignMode (496)
[2017.08.04-04.28.57:654][ 34]LogModuleManager: Shutting down and abandoning module BspMode (494)
[2017.08.04-04.28.57:654][ 34]LogModuleManager: Shutting down and abandoning module HardwareSurvey (492)
[2017.08.04-04.28.57:654][ 34]LogModuleManager: Shutting down and abandoning module SequenceRecorderSections (490)
[2017.08.04-04.28.57:654][ 34]LogModuleManager: Shutting down and abandoning module AutomationWorker (488)
[2017.08.04-04.28.57:655][ 34]LogModuleManager: Shutting down and abandoning module MatineeToLevelSequence (486)
[2017.08.04-04.28.57:655][ 34]LogModuleManager: Shutting down and abandoning module LevelSequenceEditor (484)
[2017.08.04-04.28.57:655][ 34]LogModuleManager: Shutting down and abandoning module PlacementMode (483)
[2017.08.04-04.28.57:655][ 34]LogModuleManager: Shutting down and abandoning module WmfMediaFactory (480)
[2017.08.04-04.28.57:655][ 34]LogModuleManager: Shutting down and abandoning module WmfMediaEditor (478)
[2017.08.04-04.28.57:655][ 34]LogModuleManager: Shutting down and abandoning module AvfMediaFactory (476)
[2017.08.04-04.28.57:655][ 34]LogModuleManager: Shutting down and abandoning module AvfMediaEditor (474)
[2017.08.04-04.28.57:655][ 34]LogModuleManager: Shutting down and abandoning module AndroidMediaFactory (472)
[2017.08.04-04.28.57:655][ 34]LogModuleManager: Shutting down and abandoning module Media (471)
[2017.08.04-04.28.57:655][ 34]LogModuleManager: Shutting down and abandoning module AndroidMediaEditor (468)
[2017.08.04-04.28.57:655][ 34]LogModuleManager: Shutting down and abandoning module CharacterAI (466)
[2017.08.04-04.28.57:655][ 34]LogModuleManager: Shutting down and abandoning module AudioCapture (464)
[2017.08.04-04.28.57:655][ 34]LogModuleManager: Shutting down and abandoning module SequenceRecorder (463)
[2017.08.04-04.28.57:655][ 34]LogModuleManager: Shutting down and abandoning module SmartSnapping (460)
[2017.08.04-04.28.57:655][ 34]LogModuleManager: Shutting down and abandoning module SessionServices (458)
[2017.08.04-04.28.57:655][ 34]LogModuleManager: Shutting down and abandoning module ViewportSnapping (456)
[2017.08.04-04.28.57:655][ 34]LogModuleManager: Shutting down and abandoning module ViewportInteraction (454)
[2017.08.04-04.28.57:655][ 34]LogModuleManager: Shutting down and abandoning module ClothPainter (452)
[2017.08.04-04.28.57:655][ 34]LogModuleManager: Shutting down and abandoning module LogVisualizer (450)
[2017.08.04-04.28.57:655][ 34]LogModuleManager: Shutting down and abandoning module IntroTutorials (448)
[2017.08.04-04.28.57:655][ 34]LogModuleManager: Shutting down and abandoning module GameProjectGeneration (447)
[2017.08.04-04.28.57:655][ 34]LogModuleManager: Shutting down and abandoning module EditorLiveStreaming (444)
[2017.08.04-04.28.57:655][ 34]LogModuleManager: Shutting down and abandoning module IOSPlatformEditor (442)
[2017.08.04-04.28.57:655][ 34]LogModuleManager: Shutting down and abandoning module HTML5PlatformEditor (440)
[2017.08.04-04.28.57:655][ 34]LogModuleManager: Shutting down and abandoning module AndroidPlatformEditor (438)
[2017.08.04-04.28.57:655][ 34]LogModuleManager: Shutting down and abandoning module AndroidDeviceDetection (437)
[2017.08.04-04.28.57:804][ 34]LogModuleManager: Shutting down and abandoning module IOSRuntimeSettings (434)
[2017.08.04-04.28.57:804][ 34]LogModuleManager: Shutting down and abandoning module AndroidRuntimeSettings (432)
[2017.08.04-04.28.57:804][ 34]LogModuleManager: Shutting down and abandoning module InputBindingEditor (430)
[2017.08.04-04.28.57:804][ 34]LogModuleManager: Shutting down and abandoning module MergeActors (428)
[2017.08.04-04.28.57:804][ 34]LogModuleManager: Shutting down and abandoning module SizeMap (426)
[2017.08.04-04.28.57:804][ 34]LogModuleManager: Shutting down and abandoning module TreeMap (424)
[2017.08.04-04.28.57:804][ 34]LogModuleManager: Shutting down and abandoning module ReferenceViewer (422)
[2017.08.04-04.28.57:804][ 34]LogModuleManager: Shutting down and abandoning module LocalizationDashboard (420)
[2017.08.04-04.28.57:804][ 34]LogModuleManager: Shutting down and abandoning module LocalizationService (419)
[2017.08.04-04.28.57:804][ 34]LogModuleManager: Shutting down and abandoning module HardwareTargeting (416)
[2017.08.04-04.28.57:804][ 34]LogModuleManager: Shutting down and abandoning module DeviceProfileEditor (414)
[2017.08.04-04.28.57:804][ 34]LogModuleManager: Shutting down and abandoning module UndoHistory (412)
[2017.08.04-04.28.57:804][ 34]LogModuleManager: Shutting down and abandoning module UserFeedback (410)
[2017.08.04-04.28.57:804][ 34]LogModuleManager: Shutting down and abandoning module XmlParser (408)
[2017.08.04-04.28.57:804][ 34]LogModuleManager: Shutting down and abandoning module Blutility (406)
[2017.08.04-04.28.57:804][ 34]LogModuleManager: Shutting down and abandoning module ProjectSettingsViewer (404)
[2017.08.04-04.28.57:804][ 34]LogModuleManager: Shutting down and abandoning module ProjectTargetPlatformEditor (403)
[2017.08.04-04.28.57:805][ 34]LogModuleManager: Shutting down and abandoning module EditorSettingsViewer (400)
[2017.08.04-04.28.57:805][ 34]LogModuleManager: Shutting down and abandoning module SettingsEditor (398)
[2017.08.04-04.28.57:805][ 34]LogModuleManager: Shutting down and abandoning module ProjectLauncher (396)
[2017.08.04-04.28.57:805][ 34]LogModuleManager: Shutting down and abandoning module SessionFrontend (394)
[2017.08.04-04.28.57:805][ 34]LogModuleManager: Shutting down and abandoning module ProfilerClient (392)
[2017.08.04-04.28.57:805][ 34]LogModuleManager: Shutting down and abandoning module DeviceManager (390)
[2017.08.04-04.28.57:805][ 34]LogModuleManager: Shutting down and abandoning module TargetDeviceServices (389)
[2017.08.04-04.28.57:859][ 34]LogModuleManager: Shutting down and abandoning module AutomationController (386)
[2017.08.04-04.28.57:859][ 34]LogModuleManager: Shutting down and abandoning module AutomationWindow (384)
[2017.08.04-04.28.57:859][ 34]LogModuleManager: Shutting down and abandoning module Layers (382)
[2017.08.04-04.28.57:859][ 34]LogModuleManager: Shutting down and abandoning module ComponentVisualizers (380)
[2017.08.04-04.28.57:859][ 34]LogModuleManager: Shutting down and abandoning module DetailCustomizations (378)
[2017.08.04-04.28.57:859][ 34]LogModuleManager: Shutting down and abandoning module PackagesDialog (376)
[2017.08.04-04.28.57:859][ 34]LogModuleManager: Shutting down and abandoning module Persona (374)
[2017.08.04-04.28.57:860][ 34]LogModuleManager: Shutting down and abandoning module AdvancedPreviewScene (373)
[2017.08.04-04.28.57:860][ 34]LogModuleManager: Shutting down and abandoning module AnimGraph (371)
[2017.08.04-04.28.57:860][ 34]LogModuleManager: Shutting down and abandoning module Kismet (368)
[2017.08.04-04.28.57:879][ 34]LogModuleManager: Shutting down and abandoning module ClassViewer (366)
[2017.08.04-04.28.57:881][ 34]LogModuleManager: Shutting down and abandoning module Toolbox (364)
[2017.08.04-04.28.57:881][ 34]LogModuleManager: Shutting down and abandoning module ModuleUI (362)
[2017.08.04-04.28.57:881][ 34]LogModuleManager: Shutting down and abandoning module MovieSceneTools (360)
[2017.08.04-04.28.57:881][ 34]LogModuleManager: Shutting down and abandoning module OutputLog (358)
[2017.08.04-04.28.57:881][ 34]LogModuleManager: Shutting down and abandoning module GammaUI (356)
[2017.08.04-04.28.57:881][ 34]LogModuleManager: Shutting down and abandoning module Documentation (354)
[2017.08.04-04.28.57:881][ 34]LogModuleManager: Shutting down and abandoning module MovieSceneTracks (352)
[2017.08.04-04.28.57:881][ 34]LogModuleManager: Shutting down and abandoning module MovieScene (350)
[2017.08.04-04.28.57:881][ 34]LogModuleManager: Shutting down and abandoning module Niagara (348)
[2017.08.04-04.28.57:881][ 34]LogModuleManager: Shutting down and abandoning module NiagaraEditor (347)
[2017.08.04-04.28.57:881][ 34]LogModuleManager: Shutting down and abandoning module StreamingPauseRendering (344)
[2017.08.04-04.28.57:881][ 34]LogModuleManager: Shutting down and abandoning module AnalyticsET (342)
[2017.08.04-04.28.57:882][ 34]LogModuleManager: Shutting down and abandoning module PortalServices (340)
[2017.08.04-04.28.57:882][ 34]LogModuleManager: Shutting down and abandoning module PortalRpc (338)
[2017.08.04-04.28.57:882][ 34]LogModuleManager: Shutting down and abandoning module MessagingRpc (336)
[2017.08.04-04.28.57:882][ 34]LogModuleManager: Shutting down and abandoning module AIModule (334)
[2017.08.04-04.28.57:882][ 34]LogModuleManager: Shutting down and abandoning module GameplayDebugger (333)
[2017.08.04-04.28.57:882][ 34]LogModuleManager: Shutting down and abandoning module AITestSuite (331)
[2017.08.04-04.28.57:882][ 34]LogModuleManager: Shutting down and abandoning module ProfilerService (328)
[2017.08.04-04.28.57:951][ 34]LogModuleManager: Shutting down and abandoning module TaskGraph (326)
[2017.08.04-04.28.57:951][ 34]LogModuleManager: Shutting down and abandoning module SteamVRController (324)
[2017.08.04-04.28.57:951][ 34]LogModuleManager: Shutting down and abandoning module SteamVR (322)
[2017.08.04-04.28.57:951][ 34]LogModuleManager: Shutting down and abandoning module ProceduralMeshComponentEditor (320)
[2017.08.04-04.28.57:951][ 34]LogModuleManager: Shutting down and abandoning module ProceduralMeshComponent (318)
[2017.08.04-04.28.57:951][ 34]LogModuleManager: Shutting down and abandoning module OculusLibrary (316)
[2017.08.04-04.28.57:951][ 34]LogModuleManager: Shutting down and abandoning module OculusInput (314)
[2017.08.04-04.28.57:951][ 34]LogModuleManager: Shutting down and abandoning module MobilePatchingUtils (312)
[2017.08.04-04.28.57:951][ 34]LogModuleManager: Shutting down and abandoning module CustomMeshComponent (310)
[2017.08.04-04.28.57:951][ 34]LogModuleManager: Shutting down and abandoning module CableComponent (308)
[2017.08.04-04.28.57:951][ 34]LogModuleManager: Shutting down and abandoning module ArchVisCharacter (306)
[2017.08.04-04.28.57:951][ 34]LogModuleManager: Shutting down and abandoning module AndroidPermission (304)
[2017.08.04-04.28.57:951][ 34]LogModuleManager: Shutting down and abandoning module MediaPlayerEditor (300)
[2017.08.04-04.28.57:951][ 34]LogModuleManager: Shutting down and abandoning module HTML5Networking (298)
[2017.08.04-04.28.57:951][ 34]LogModuleManager: Shutting down and abandoning module AlembicImporter (296)
[2017.08.04-04.28.57:951][ 34]LogModuleManager: Shutting down and abandoning module AlembicLibrary (295)
[2017.08.04-04.28.57:951][ 34]LogModuleManager: Shutting down and abandoning module GeometryCache (294)
[2017.08.04-04.28.57:951][ 34]LogModuleManager: Shutting down and abandoning module GeometryCacheEd (293)
[2017.08.04-04.28.57:951][ 34]LogModuleManager: Shutting down and abandoning module SuperSearchEditor (288)
[2017.08.04-04.28.57:951][ 34]LogModuleManager: Shutting down and abandoning module SuperSearch (287)
[2017.08.04-04.28.57:951][ 34]LogModuleManager: Shutting down and abandoning module SpeedTreeImporter (284)
[2017.08.04-04.28.57:951][ 34]LogModuleManager: Shutting down and abandoning module PluginBrowser (282)
[2017.08.04-04.28.57:951][ 34]LogModuleManager: Shutting down and abandoning module MobileLauncherProfileWizard (280)
[2017.08.04-04.28.57:951][ 34]LogModuleManager: Shutting down and abandoning module VisualStudioSourceCodeAccess (278)
[2017.08.04-04.28.57:951][ 34]LogModuleManager: Shutting down and abandoning module DesktopPlatform (277)
[2017.08.04-04.28.57:951][ 34]LogModuleManager: Shutting down and abandoning module UObjectPlugin (274)
[2017.08.04-04.28.57:951][ 34]LogModuleManager: Shutting down and abandoning module SubversionSourceControl (272)
[2017.08.04-04.28.57:951][ 34]LogModuleManager: Shutting down and abandoning module PerforceSourceControl (270)
[2017.08.04-04.28.57:951][ 34]LogModuleManager: Shutting down and abandoning module GitSourceControl (268)
[2017.08.04-04.28.57:951][ 34]LogModuleManager: Shutting down and abandoning module SourceControl (267)
[2017.08.04-04.28.57:951][ 34]LogModuleManager: Shutting down and abandoning module LightPropagationVolumeEditor (264)
[2017.08.04-04.28.57:951][ 34]LogModuleManager: Shutting down and abandoning module PaperTiledImporter (262)
[2017.08.04-04.28.57:951][ 34]LogModuleManager: Shutting down and abandoning module PaperSpriteSheetImporter (260)
[2017.08.04-04.28.57:951][ 34]LogModuleManager: Shutting down and abandoning module Paper2DEditor (258)
[2017.08.04-04.28.57:951][ 34]LogModuleManager: Shutting down and abandoning module MeshPaint (257)
[2017.08.04-04.28.57:951][ 34]LogModuleManager: Shutting down and abandoning module LevelEditor (255)
[2017.08.04-04.28.57:952][ 34]LogModuleManager: Shutting down and abandoning module PixelInspectorModule (254)
[2017.08.04-04.28.57:952][ 34]LogModuleManager: Shutting down and abandoning module MainFrame (252)
[2017.08.04-04.28.57:952][ 34]LogModuleManager: Shutting down and abandoning module HotReload (251)
[2017.08.04-04.28.57:952][ 34]LogModuleManager: Shutting down and abandoning module PhysXVehiclesEditor (246)
[2017.08.04-04.28.57:952][ 34]LogModuleManager: Shutting down and abandoning module PhysXVehicles (244)
[2017.08.04-04.28.57:952][ 34]LogModuleManager: Shutting down and abandoning module LocationServicesBPLibrary (242)
[2017.08.04-04.28.57:952][ 34]LogModuleManager: Shutting down and abandoning module ImmediatePhysicsEditor (240)
[2017.08.04-04.28.57:952][ 34]LogModuleManager: Shutting down and abandoning module ImmediatePhysics (238)
[2017.08.04-04.28.57:953][ 34]LogModuleManager: Shutting down and abandoning module UdpMessaging (236)
[2017.08.04-04.28.58:053][ 34]LogModuleManager: Shutting down and abandoning module TcpMessaging (234)
[2017.08.04-04.28.58:154][ 34]LogModuleManager: Shutting down and abandoning module GameplayTagsEditor (232)
[2017.08.04-04.28.58:154][ 34]LogModuleManager: Shutting down and abandoning module FacialAnimationEditor (230)
[2017.08.04-04.28.58:154][ 34]LogModuleManager: Shutting down and abandoning module FacialAnimation (228)
[2017.08.04-04.28.58:154][ 34]LogModuleManager: Shutting down and abandoning module AssetManagerEditor (226)
[2017.08.04-04.28.58:154][ 34]LogModuleManager: Shutting down and abandoning module GraphEditor (225)
[2017.08.04-04.28.58:154][ 34]LogModuleManager: Shutting down and abandoning module ContentBrowser (223)
[2017.08.04-04.28.58:155][ 34]LogModuleManager: Shutting down and abandoning module LightPropagationVolumeRuntime (220)
[2017.08.04-04.28.58:155][ 34]LogModuleManager: Shutting down and abandoning module Paper2D (218)
[2017.08.04-04.28.58:155][ 34]LogModuleManager: Shutting down and abandoning module WindowsMoviePlayer (216)
[2017.08.04-04.28.58:155][ 34]LogModuleManager: Shutting down and abandoning module WmfMedia (214)
[2017.08.04-04.28.58:155][ 34]LogModuleManager: Shutting down and abandoning module ClothingSystemEditor (212)
[2017.08.04-04.28.58:155][ 34]LogModuleManager: Shutting down and abandoning module ClothingSystemRuntime (210)
[2017.08.04-04.28.58:155][ 34]LogModuleManager: Shutting down and abandoning module MediaAssets (208)
[2017.08.04-04.28.58:155][ 34]LogModuleManager: Shutting down and abandoning module GameLiveStreaming (206)
[2017.08.04-04.28.58:155][ 34]LogModuleManager: Shutting down and abandoning module VREditor (204)
[2017.08.04-04.28.58:155][ 34]LogModuleManager: Shutting down and abandoning module StringTableEditor (202)
[2017.08.04-04.28.58:155][ 34]LogModuleManager: Shutting down and abandoning module GameplayTasksEditor (200)
[2017.08.04-04.28.58:155][ 34]LogModuleManager: Shutting down and abandoning module BehaviorTreeEditor (198)
[2017.08.04-04.28.58:155][ 34]LogModuleManager: Shutting down and abandoning module FunctionalTesting (196)
[2017.08.04-04.28.58:155][ 34]LogModuleManager: Shutting down and abandoning module CollisionAnalyzer (194)
[2017.08.04-04.28.58:155][ 34]LogModuleManager: Shutting down and abandoning module UMG (192)
[2017.08.04-04.28.58:155][ 34]LogModuleManager: Shutting down and abandoning module UMGEditor (191)
[2017.08.04-04.28.58:155][ 34]LogModuleManager: Shutting down and abandoning module Sequencer (190)
[2017.08.04-04.28.58:155][ 34]LogModuleManager: Shutting down and abandoning module AssetTools (188)
[2017.08.04-04.28.58:155][ 34]LogModuleManager: Shutting down and abandoning module MessageLog (187)
[2017.08.04-04.28.58:155][ 34]LogModuleManager: Shutting down and abandoning module WorkspaceMenuStructure (186)
[2017.08.04-04.28.58:155][ 34]LogModuleManager: Shutting down and abandoning module SlateReflector (180)
[2017.08.04-04.28.58:155][ 34]LogModuleManager: Shutting down and abandoning module Slate (178)
[2017.08.04-04.28.58:155][ 34]LogModuleManager: Shutting down and abandoning module EditorStyle (176)
[2017.08.04-04.28.58:161][ 34]LogModuleManager: Shutting down and abandoning module SourceCodeAccess (174)
[2017.08.04-04.28.58:161][ 34]LogModuleManager: Shutting down and abandoning module HeadMountedDisplay (172)
[2017.08.04-04.28.58:161][ 34]LogModuleManager: Shutting down and abandoning module XAudio2 (170)
[2017.08.04-04.28.58:161][ 34]LogModuleManager: Shutting down and abandoning module Networking (168)
[2017.08.04-04.28.58:161][ 34]LogModuleManager: Shutting down and abandoning module Core (164)
[2017.08.04-04.28.58:161][ 34]LogModuleManager: Shutting down and abandoning module AssetRegistry (162)
[2017.08.04-04.28.58:255][ 34]LogDirectoryWatcher: A directory notification for '../../../Engine/Content/' was aborted.
[2017.08.04-04.28.58:255][ 34]LogDirectoryWatcher: A directory notification for '../../../../../../Users/nixin/Documents/Unreal Projects/MegaPlus_G/Content/' was aborted.
[2017.08.04-04.28.58:255][ 34]LogDirectoryWatcher: A directory notification for '../../../Engine/Plugins/2D/Paper2D/Content/' was aborted.
[2017.08.04-04.28.58:255][ 34]LogDirectoryWatcher: A directory notification for '../../../Engine/Plugins/Runtime/GearVR/Content/' was aborted.
[2017.08.04-04.28.58:262][ 34]LogModuleManager: Shutting down and abandoning module DirectoryWatcher (161)
[2017.08.04-04.28.58:264][ 34]LogModuleManager: Shutting down and abandoning module KismetCompiler (158)
[2017.08.04-04.28.58:264][ 34]LogModuleManager: Shutting down and abandoning module LevelSequence (156)
[2017.08.04-04.28.58:264][ 34]LogModuleManager: Shutting down and abandoning module PhysXFormats (154)
[2017.08.04-04.28.58:264][ 34]LogModuleManager: Shutting down and abandoning module MeshUtilities (152)
[2017.08.04-04.28.58:264][ 34]LogModuleManager: Shutting down and abandoning module SimplygonSwarm (151)
[2017.08.04-04.28.58:264][ 34]LogModuleManager: Shutting down and abandoning module SimplygonMeshReduction (149)
[2017.08.04-04.28.58:264][ 34]LogModuleManager: Shutting down and abandoning module QuadricMeshReduction (147)
[2017.08.04-04.28.58:264][ 34]LogModuleManager: Shutting down and abandoning module DerivedDataCache (144)
[2017.08.04-04.28.58:301][ 34]LogDerivedDataCache: Shutdown
[2017.08.04-04.28.58:301][ 34]LogModuleManager: Shutting down and abandoning module TargetPlatform (142)
[2017.08.04-04.28.58:301][ 34]LogModuleManager: Shutting down and abandoning module VulkanShaderFormat (141)
[2017.08.04-04.28.58:301][ 34]LogModuleManager: Shutting down and abandoning module ShaderFormatVectorVM (139)
[2017.08.04-04.28.58:301][ 34]LogModuleManager: Shutting down and abandoning module ShaderFormatOpenGL (137)
[2017.08.04-04.28.58:301][ 34]LogModuleManager: Shutting down and abandoning module ShaderFormatD3D (135)
[2017.08.04-04.28.58:301][ 34]LogModuleManager: Shutting down and abandoning module MetalShaderFormat (133)
[2017.08.04-04.28.58:301][ 34]LogModuleManager: Shutting down and abandoning module TextureFormatUncompressed (131)
[2017.08.04-04.28.58:301][ 34]LogModuleManager: Shutting down and abandoning module TextureFormatPVR (129)
[2017.08.04-04.28.58:301][ 34]LogModuleManager: Shutting down and abandoning module TextureFormatDXT (127)
[2017.08.04-04.28.58:301][ 34]LogModuleManager: Shutting down and abandoning module TextureFormatIntelISPCTexComp (125)
[2017.08.04-04.28.58:302][ 34]LogModuleManager: Shutting down and abandoning module TextureFormatASTC (123)
[2017.08.04-04.28.58:302][ 34]LogModuleManager: Shutting down and abandoning module ImageWrapper (122)
[2017.08.04-04.28.58:302][ 34]LogModuleManager: Shutting down and abandoning module TextureFormatAndroid (119)
[2017.08.04-04.28.58:302][ 34]LogModuleManager: Shutting down and abandoning module AudioFormatOpus (117)
[2017.08.04-04.28.58:302][ 34]LogModuleManager: Shutting down and abandoning module AudioFormatOgg (115)
[2017.08.04-04.28.58:302][ 34]LogModuleManager: Shutting down and abandoning module AudioFormatADPCM (113)
[2017.08.04-04.28.58:302][ 34]LogModuleManager: Shutting down and abandoning module LinuxTargetPlatform (111)
[2017.08.04-04.28.58:302][ 34]LogModuleManager: Shutting down and abandoning module LinuxServerTargetPlatform (109)
[2017.08.04-04.28.58:302][ 34]LogModuleManager: Shutting down and abandoning module LinuxNoEditorTargetPlatform (107)
[2017.08.04-04.28.58:302][ 34]LogModuleManager: Shutting down and abandoning module LinuxClientTargetPlatform (105)
[2017.08.04-04.28.58:302][ 34]LogModuleManager: Shutting down and abandoning module TVOSTargetPlatform (103)
[2017.08.04-04.28.58:302][ 34]LogModuleManager: Shutting down and abandoning module Messaging (101)
[2017.08.04-04.28.58:302][ 34]LogModuleManager: Shutting down and abandoning module IOSTargetPlatform (99)
[2017.08.04-04.28.58:302][ 34]LogModuleManager: Shutting down and abandoning module HTML5TargetPlatform (97)
[2017.08.04-04.28.58:302][ 34]LogModuleManager: Shutting down and abandoning module Android_PVRTCTargetPlatform (95)
[2017.08.04-04.28.58:303][ 34]LogModuleManager: Shutting down and abandoning module Android_MultiTargetPlatform (93)
[2017.08.04-04.28.58:303][ 34]LogModuleManager: Shutting down and abandoning module Android_ETC2TargetPlatform (91)
[2017.08.04-04.28.58:303][ 34]LogModuleManager: Shutting down and abandoning module Android_ETC1TargetPlatform (89)
[2017.08.04-04.28.58:303][ 34]LogModuleManager: Shutting down and abandoning module Android_DXTTargetPlatform (87)
[2017.08.04-04.28.58:303][ 34]LogModuleManager: Shutting down and abandoning module Android_ATCTargetPlatform (85)
[2017.08.04-04.28.58:303][ 34]LogModuleManager: Shutting down and abandoning module Android_ASTCTargetPlatform (83)
[2017.08.04-04.28.58:303][ 34]LogModuleManager: Shutting down and abandoning module AndroidTargetPlatform (81)
[2017.08.04-04.28.58:303][ 34]LogModuleManager: Shutting down and abandoning module WindowsTargetPlatform (79)
[2017.08.04-04.28.58:303][ 34]LogModuleManager: Shutting down and abandoning module WindowsServerTargetPlatform (77)
[2017.08.04-04.28.58:303][ 34]LogModuleManager: Shutting down and abandoning module WindowsNoEditorTargetPlatform (75)
[2017.08.04-04.28.58:303][ 34]LogModuleManager: Shutting down and abandoning module WindowsClientTargetPlatform (73)
[2017.08.04-04.28.58:303][ 34]LogModuleManager: Shutting down and abandoning module MacTargetPlatform (71)
[2017.08.04-04.28.58:303][ 34]LogModuleManager: Shutting down and abandoning module MacServerTargetPlatform (69)
[2017.08.04-04.28.58:303][ 34]LogModuleManager: Shutting down and abandoning module MacNoEditorTargetPlatform (67)
[2017.08.04-04.28.58:303][ 34]LogModuleManager: Shutting down and abandoning module MacClientTargetPlatform (65)
[2017.08.04-04.28.58:303][ 34]LogModuleManager: Shutting down and abandoning module AllDesktopTargetPlatform (63)
[2017.08.04-04.28.58:303][ 34]LogModuleManager: Shutting down and abandoning module InputCore (60)
[2017.08.04-04.28.58:303][ 34]LogModuleManager: Shutting down and abandoning module Settings (58)
[2017.08.04-04.28.58:303][ 34]LogModuleManager: Shutting down and abandoning module OculusRift (56)
[2017.08.04-04.28.58:303][ 34]LogModuleManager: Shutting down and abandoning module GearVRController (54)
[2017.08.04-04.28.58:303][ 34]LogModuleManager: Shutting down and abandoning module GearVR (52)
[2017.08.04-04.28.58:303][ 34]LogModuleManager: Shutting down and abandoning module ExampleDeviceProfileSelector (50)
[2017.08.04-04.28.58:303][ 34]LogModuleManager: Shutting down and abandoning module OnlineBlueprintSupport (48)
[2017.08.04-04.28.58:303][ 34]LogModuleManager: Shutting down and abandoning module OnlineSubsystem (44)
[2017.08.04-04.28.58:303][ 34]LogOnline:Display: Unloading online subsystem: NULL
[2017.08.04-04.28.58:303][ 34]LogModuleManager: Shutting down and abandoning module XMPP (43)
[2017.08.04-04.28.58:303][ 34]LogModuleManager: Shutting down and abandoning module HTTP (41)
[2017.08.04-04.28.58:303][ 34]LogHttp:Display: Http module shutting down, but needs to wait on 1 outstanding Http requests:
[2017.08.04-04.28.58:303][ 34]LogHttp:Display: 	verb=[POST] url=[https://datarouter.ol.epicgames.com/datarouter/api/v1/public/data?SessionID=%7B5627DC4C-4B73-9125-8C08-76A1954EEF09%7D&AppID=UEEditor.Rocket.Release&AppVersion=4.16.3-3561208%2B%2B%2BUE4%2BRelease-4.16&UserID=eb90d6754df671c3a1ba57b8f8c69a72%7C68112c2ad8fc43339402d1035c00fda8%7C8b68b959-aea7-4d15-b96e-7394709602d8&AppEnvironment=datacollector-binary&UploadType=eteventstream] status=Processing
[2017.08.04-04.28.58:331][ 34]LogModuleManager: Shutting down and abandoning module SSL (40)
[2017.08.04-04.28.58:338][ 34]LogModuleManager: Shutting down and abandoning module HTTPChunkInstaller (36)
[2017.08.04-04.28.58:338][ 34]LogModuleManager: Shutting down and abandoning module AnimationModifiers (34)
[2017.08.04-04.28.58:338][ 34]LogModuleManager: Shutting down and abandoning module PropertyEditor (33)
[2017.08.04-04.28.58:338][ 34]LogModuleManager: Shutting down and abandoning module AudioEditor (30)
[2017.08.04-04.28.58:338][ 34]LogModuleManager: Shutting down and abandoning module TextureCompressor (28)
[2017.08.04-04.28.58:338][ 34]LogModuleManager: Shutting down and abandoning module ShaderCore (26)
[2017.08.04-04.28.58:338][ 34]LogModuleManager: Shutting down and abandoning module Landscape (24)
[2017.08.04-04.28.58:338][ 34]LogModuleManager: Shutting down and abandoning module SlateRHIRenderer (22)
[2017.08.04-04.28.58:344][ 34]LogModuleManager: Shutting down and abandoning module OpenGLDrv (20)
[2017.08.04-04.28.58:345][ 34]LogModuleManager: Shutting down and abandoning module D3D11RHI (18)
[2017.08.04-04.28.58:345][ 34]LogModuleManager: Shutting down and abandoning module AnimGraphRuntime (16)
[2017.08.04-04.28.58:345][ 34]LogModuleManager: Shutting down and abandoning module Renderer (14)
[2017.08.04-04.28.58:345][ 34]LogModuleManager: Shutting down and abandoning module Engine (12)
[2017.08.04-04.28.58:345][ 34]LogModuleManager: Shutting down and abandoning module CoreUObject (10)
[2017.08.04-04.28.58:345][ 34]LogModuleManager: Shutting down and abandoning module NetworkFile (8)
[2017.08.04-04.28.58:345][ 34]LogModuleManager: Shutting down and abandoning module StreamingFile (6)
[2017.08.04-04.28.58:345][ 34]LogModuleManager: Shutting down and abandoning module SandboxFile (4)
[2017.08.04-04.28.58:345][ 34]LogModuleManager: Shutting down and abandoning module PakFile (2)
[2017.08.04-04.28.58:350][ 34]LogExit: Exiting.
[2017.08.04-04.28.58:378][ 34]Log file closed, 08/03/17 21:28:58
